--------------- Build Started: 03/25/2026 22:08:46 Project: Transductor, Configuration: ARM GCC 5.4-2016-q2-update Debug ---------------
cydsfit.exe -.appdatapath "C:\Users\elias\AppData\Local\Cypress Semiconductor\PSoC Creator\4.4" -.fdsnotice -.fdswarpdepfile=warp_dependencies.txt -.fdselabdepfile=elab_dependencies.txt -.fdsbldfile=generated_files.txt -.fdsreffile=referenced_files.txt -p "C:\PSoC Creator\Transductor-000.cywrk.Archive02\Transductor.cydsn\Transductor.cyprj" -d CY8C5888LTI-LP097 -s "C:\PSoC Creator\Transductor-000.cywrk.Archive02\Transductor.cydsn\Generated_Source\PSoC5" -- -yv2 -q10 -ygs -o2 -v3 -.fftcfgtype=LE
Elaborating Design...
ADD: fit.M0032: warning: Clock Warning: (Clock_ADC's accuracy range '44.118 kHz +/- 1%, (43.676 kHz - 44.559 kHz)' is not within the specified tolerance range '44.1 kHz +/- 1%, (43.659 kHz - 44.541 kHz)'.).
 * C:\PSoC Creator\Transductor-000.cywrk.Archive02\Transductor.cydsn\TopDesign\TopDesign.cysch (Instance:Clock_ADC)
 * C:\PSoC Creator\Transductor-000.cywrk.Archive02\Transductor.cydsn\Transductor.cydwr (Clock_ADC)
HDL Generation...
Synthesis...
Tech Mapping...
Info: plm.M0038: The pin named TIA1_in(0) at location P3[6] prevents usage of special purposes: OpAmp:out. (App=cydsfit)
Analog Placement...
Log: apr.M0058: The analog placement iterative improvement is 43% done. (App=cydsfit)
Log: apr.M0058: The analog placement iterative improvement is 99% done. (App=cydsfit)
Analog Routing...
Analog Code Generation...
Digital Placement...
Digital Routing...
Bitstream Generation...
Bitstream Verification...
Static timing analysis...
API Generation...
Dependency Generation...
Cleanup...
arm-none-eabi-gcc.exe -mcpu=cortex-m3 -mthumb -I. -IGenerated_Source\PSoC5 -Wa,-alh=.\CortexM3\ARM_GCC_541\Debug/main.lst -g -D DEBUG -D CY_CORE_ID=0 -Wall -ffunction-sections -ffat-lto-objects -Og -c main.c -o .\CortexM3\ARM_GCC_541\Debug\main.o
arm-none-eabi-gcc.exe -mcpu=cortex-m3 -mthumb -I. -IGenerated_Source\PSoC5 -Wa,-alh=.\CortexM3\ARM_GCC_541\Debug/er.lst -g -D DEBUG -D CY_CORE_ID=0 -Wall -ffunction-sections -ffat-lto-objects -Og -c er.c -o .\CortexM3\ARM_GCC_541\Debug\er.o
arm-none-eabi-gcc.exe -mcpu=cortex-m3 -mthumb -I. -IGenerated_Source\PSoC5 -Wa,-alh=.\CortexM3\ARM_GCC_541\Debug/Chart_1.lst -g -D DEBUG -D CY_CORE_ID=0 -Wall -ffunction-sections -ffat-lto-objects -Og -c Generated_Source\PSoC5\Chart_1.c -o .\CortexM3\ARM_GCC_541\Debug\Chart_1.o
arm-none-eabi-ar.exe -rs .\CortexM3\ARM_GCC_541\Debug\Transductor.a .\CortexM3\ARM_GCC_541\Debug\TIA_1.o .\CortexM3\ARM_GCC_541\Debug\TIA_1_PM.o .\CortexM3\ARM_GCC_541\Debug\TIA_2.o .\CortexM3\ARM_GCC_541\Debug\TIA_2_PM.o .\CortexM3\ARM_GCC_541\Debug\cy_em_eeprom.o .\CortexM3\ARM_GCC_541\Debug\CyDmac.o .\CortexM3\ARM_GCC_541\Debug\CyFlash.o .\CortexM3\ARM_GCC_541\Debug\CyLib.o .\CortexM3\ARM_GCC_541\Debug\cyPm.o .\CortexM3\ARM_GCC_541\Debug\CySpc.o .\CortexM3\ARM_GCC_541\Debug\cyutils.o .\CortexM3\ARM_GCC_541\Debug\ADC_SAR_1.o .\CortexM3\ARM_GCC_541\Debug\ADC_SAR_1_INT.o .\CortexM3\ARM_GCC_541\Debug\ADC_SAR_1_PM.o .\CortexM3\ARM_GCC_541\Debug\DMA_1_dma.o .\CortexM3\ARM_GCC_541\Debug\ADC_SAR_1_IRQ.o .\CortexM3\ARM_GCC_541\Debug\ADC_SAR_1_theACLK.o .\CortexM3\ARM_GCC_541\Debug\Chart_1.o .\CortexM3\ARM_GCC_541\Debug\isr_Fin_Adq.o .\CortexM3\ARM_GCC_541\Debug\Clock_ADC.o .\CortexM3\ARM_GCC_541\Debug\Trigger.o .\CortexM3\ARM_GCC_541\Debug\Clock_Trig.o .\CortexM3\ARM_GCC_541\Debug\isr_rx.o .\CortexM3\ARM_GCC_541\Debug\UART_1.o .\CortexM3\ARM_GCC_541\Debug\UART_1_PM.o .\CortexM3\ARM_GCC_541\Debug\UART_1_INT.o .\CortexM3\ARM_GCC_541\Debug\UART_1_BOOT.o .\CortexM3\ARM_GCC_541\Debug\Reg_Hab_Adq.o .\CortexM3\ARM_GCC_541\Debug\Reg_Hab_Adq_PM.o .\CortexM3\ARM_GCC_541\Debug\UART_1_IntClock.o .\CortexM3\ARM_GCC_541\Debug\SOCo.o .\CortexM3\ARM_GCC_541\Debug\Opamp_1.o .\CortexM3\ARM_GCC_541\Debug\Opamp_1_PM.o .\CortexM3\ARM_GCC_541\Debug\Vref.o .\CortexM3\ARM_GCC_541\Debug\Opamp_2.o .\CortexM3\ARM_GCC_541\Debug\Opamp_2_PM.o .\CortexM3\ARM_GCC_541\Debug\TIA1_in.o .\CortexM3\ARM_GCC_541\Debug\TIA2_in.o .\CortexM3\ARM_GCC_541\Debug\TIA1_out.o .\CortexM3\ARM_GCC_541\Debug\TIA2_out.o .\CortexM3\ARM_GCC_541\Debug\OPA_minus.o .\CortexM3\ARM_GCC_541\Debug\OPA_plus.o .\CortexM3\ARM_GCC_541\Debug\OPA_out.o .\CortexM3\ARM_GCC_541\Debug\CyBootAsmGnu.o
arm-none-eabi-ar.exe: creating .\CortexM3\ARM_GCC_541\Debug\Transductor.a
arm-none-eabi-gcc.exe -Wl,--start-group -o "C:\PSoC Creator\Transductor-000.cywrk.Archive02\Transductor.cydsn\CortexM3\ARM_GCC_541\Debug\Transductor.elf" .\CortexM3\ARM_GCC_541\Debug\main.o .\CortexM3\ARM_GCC_541\Debug\er.o .\CortexM3\ARM_GCC_541\Debug\cyfitter_cfg.o .\CortexM3\ARM_GCC_541\Debug\cymetadata.o .\CortexM3\ARM_GCC_541\Debug\Cm3Start.o .\CortexM3\ARM_GCC_541\Debug\Transductor.a "C:\Program Files (x86)\Cypress\PSoC Creator\4.4\PSoC Creator\psoc\content\cycomponentlibrary\CyComponentLibrary.cylib\CortexM3\ARM_GCC_541\Debug\CyComponentLibrary.a" -mcpu=cortex-m3 -mthumb -L Generated_Source\PSoC5 -Wl,-Map,.\CortexM3\ARM_GCC_541\Debug/Transductor.map -T Generated_Source\PSoC5\cm3gcc.ld -specs=nano.specs -u _printf_float -Wl,--gc-sections -g -ffunction-sections -Og -ffat-lto-objects -Wl,--end-group
cyelftool.exe -C "C:\PSoC Creator\Transductor-000.cywrk.Archive02\Transductor.cydsn\CortexM3\ARM_GCC_541\Debug\Transductor.elf" --flash_row_size 256 --flash_size 262144 --flash_offset 0x00000000
No ELF section .cychecksum found, creating one
Application checksum calculated and stored in ELF section .cychecksum
Checksum calculated and stored in ELF section .cymeta
cyelftool.exe -S "C:\PSoC Creator\Transductor-000.cywrk.Archive02\Transductor.cydsn\CortexM3\ARM_GCC_541\Debug\Transductor.elf"
Flash used: 16196 of 262144 bytes (6.2%).
SRAM used: 15289 of 65536 bytes (23.3%). Stack: 2048 bytes. Heap: 768 bytes.
--------------- Build Succeeded: 03/25/2026 22:08:58 ---------------
