ARM GAS  C:\Users\elias\AppData\Local\Temp\ccKPEdvy.s 			page 1


   1              		.syntax unified
   2              		.cpu cortex-m3
   3              		.fpu softvfp
   4              		.eabi_attribute 20, 1
   5              		.eabi_attribute 21, 1
   6              		.eabi_attribute 23, 3
   7              		.eabi_attribute 24, 1
   8              		.eabi_attribute 25, 1
   9              		.eabi_attribute 26, 1
  10              		.eabi_attribute 30, 1
  11              		.eabi_attribute 34, 1
  12              		.eabi_attribute 18, 4
  13              		.thumb
  14              		.syntax unified
  15              		.file	"cymetadata.c"
  16              		.text
  17              	.Ltext0:
  18              		.cfi_sections	.debug_frame
  19              		.global	cy_metadata
  20              		.global	cy_meta_flashprotect
  21              		.global	cy_meta_wonvl
  22              		.global	cy_meta_custnvl
  23              		.global	cy_meta_configecc
  24              		.section	.cyconfigecc,"a",%progbits
  25              		.align	2
  26              		.type	cy_meta_configecc, %object
  27              		.size	cy_meta_configecc, 1180
  28              	cy_meta_configecc:
  29 0000 01       		.byte	1
  30 0001 52       		.byte	82
  31 0002 00       		.byte	0
  32 0003 40       		.byte	64
  33 0004 01       		.byte	1
  34 0005 64       		.byte	100
  35 0006 00       		.byte	0
  36 0007 40       		.byte	64
  37 0008 02       		.byte	2
  38 0009 65       		.byte	101
  39 000a 00       		.byte	0
  40 000b 40       		.byte	64
  41 000c 01       		.byte	1
  42 000d 07       		.byte	7
  43 000e 01       		.byte	1
  44 000f 40       		.byte	64
  45 0010 50       		.byte	80
  46 0011 08       		.byte	8
  47 0012 01       		.byte	1
  48 0013 40       		.byte	64
  49 0014 38       		.byte	56
  50 0015 09       		.byte	9
  51 0016 01       		.byte	1
  52 0017 40       		.byte	64
  53 0018 03       		.byte	3
  54 0019 0B       		.byte	11
  55 001a 01       		.byte	1
  56 001b 40       		.byte	64
  57 001c 02       		.byte	2
ARM GAS  C:\Users\elias\AppData\Local\Temp\ccKPEdvy.s 			page 2


  58 001d 15       		.byte	21
  59 001e 01       		.byte	1
  60 001f 40       		.byte	64
  61 0020 01       		.byte	1
  62 0021 17       		.byte	23
  63 0022 01       		.byte	1
  64 0023 40       		.byte	64
  65 0024 4C       		.byte	76
  66 0025 18       		.byte	24
  67 0026 01       		.byte	1
  68 0027 40       		.byte	64
  69 0028 43       		.byte	67
  70 0029 19       		.byte	25
  71 002a 01       		.byte	1
  72 002b 40       		.byte	64
  73 002c 17       		.byte	23
  74 002d 1A       		.byte	26
  75 002e 01       		.byte	1
  76 002f 40       		.byte	64
  77 0030 45       		.byte	69
  78 0031 1B       		.byte	27
  79 0032 01       		.byte	1
  80 0033 40       		.byte	64
  81 0034 08       		.byte	8
  82 0035 40       		.byte	64
  83 0036 01       		.byte	1
  84 0037 40       		.byte	64
  85 0038 03       		.byte	3
  86 0039 41       		.byte	65
  87 003a 01       		.byte	1
  88 003b 40       		.byte	64
  89 003c 03       		.byte	3
  90 003d 42       		.byte	66
  91 003e 01       		.byte	1
  92 003f 40       		.byte	64
  93 0040 05       		.byte	5
  94 0041 43       		.byte	67
  95 0042 01       		.byte	1
  96 0043 40       		.byte	64
  97 0044 04       		.byte	4
  98 0045 45       		.byte	69
  99 0046 01       		.byte	1
 100 0047 40       		.byte	64
 101 0048 05       		.byte	5
 102 0049 46       		.byte	70
 103 004a 01       		.byte	1
 104 004b 40       		.byte	64
 105 004c 02       		.byte	2
 106 004d 47       		.byte	71
 107 004e 01       		.byte	1
 108 004f 40       		.byte	64
 109 0050 05       		.byte	5
 110 0051 48       		.byte	72
 111 0052 01       		.byte	1
 112 0053 40       		.byte	64
 113 0054 03       		.byte	3
 114 0055 49       		.byte	73
ARM GAS  C:\Users\elias\AppData\Local\Temp\ccKPEdvy.s 			page 3


 115 0056 01       		.byte	1
 116 0057 40       		.byte	64
 117 0058 08       		.byte	8
 118 0059 4C       		.byte	76
 119 005a 01       		.byte	1
 120 005b 40       		.byte	64
 121 005c 09       		.byte	9
 122 005d 4D       		.byte	77
 123 005e 01       		.byte	1
 124 005f 40       		.byte	64
 125 0060 04       		.byte	4
 126 0061 50       		.byte	80
 127 0062 01       		.byte	1
 128 0063 40       		.byte	64
 129 0064 02       		.byte	2
 130 0065 51       		.byte	81
 131 0066 01       		.byte	1
 132 0067 40       		.byte	64
 133 0068 11       		.byte	17
 134 0069 01       		.byte	1
 135 006a 89       		.byte	-119
 136 006b 38       		.byte	56
 137 006c 89       		.byte	-119
 138 006d 72       		.byte	114
 139 006e 8B       		.byte	-117
 140 006f 0F       		.byte	15
 141 0070 E6       		.byte	-26
 142 0071 02       		.byte	2
 143 0072 00       		.byte	0
 144 0073 14       		.byte	20
 145 0074 01       		.byte	1
 146 0075 01       		.byte	1
 147 0076 03       		.byte	3
 148 0077 06       		.byte	6
 149 0078 05       		.byte	5
 150 0079 01       		.byte	1
 151 007a 06       		.byte	6
 152 007b 03       		.byte	3
 153 007c 07       		.byte	7
 154 007d 0E       		.byte	14
 155 007e 09       		.byte	9
 156 007f 30       		.byte	48
 157 0080 0E       		.byte	14
 158 0081 20       		.byte	32
 159 0082 0F       		.byte	15
 160 0083 03       		.byte	3
 161 0084 15       		.byte	21
 162 0085 0C       		.byte	12
 163 0086 17       		.byte	23
 164 0087 03       		.byte	3
 165 0088 18       		.byte	24
 166 0089 0C       		.byte	12
 167 008a 19       		.byte	25
 168 008b 20       		.byte	32
 169 008c 1A       		.byte	26
 170 008d 71       		.byte	113
 171 008e 1B       		.byte	27
ARM GAS  C:\Users\elias\AppData\Local\Temp\ccKPEdvy.s 			page 4


 172 008f 10       		.byte	16
 173 0090 1C       		.byte	28
 174 0091 10       		.byte	16
 175 0092 1E       		.byte	30
 176 0093 AC       		.byte	-84
 177 0094 20       		.byte	32
 178 0095 09       		.byte	9
 179 0096 22       		.byte	34
 180 0097 D0       		.byte	-48
 181 0098 23       		.byte	35
 182 0099 0C       		.byte	12
 183 009a 24       		.byte	36
 184 009b DC       		.byte	-36
 185 009c 26       		.byte	38
 186 009d 22       		.byte	34
 187 009e 27       		.byte	39
 188 009f 08       		.byte	8
 189 00a0 28       		.byte	40
 190 00a1 10       		.byte	16
 191 00a2 29       		.byte	41
 192 00a3 30       		.byte	48
 193 00a4 2A       		.byte	42
 194 00a5 40       		.byte	64
 195 00a6 2D       		.byte	45
 196 00a7 10       		.byte	16
 197 00a8 2F       		.byte	47
 198 00a9 20       		.byte	32
 199 00aa 32       		.byte	50
 200 00ab 1F       		.byte	31
 201 00ac 33       		.byte	51
 202 00ad 30       		.byte	48
 203 00ae 34       		.byte	52
 204 00af E0       		.byte	-32
 205 00b0 35       		.byte	53
 206 00b1 0F       		.byte	15
 207 00b2 3A       		.byte	58
 208 00b3 20       		.byte	32
 209 00b4 3B       		.byte	59
 210 00b5 20       		.byte	32
 211 00b6 40       		.byte	64
 212 00b7 45       		.byte	69
 213 00b8 41       		.byte	65
 214 00b9 02       		.byte	2
 215 00ba 46       		.byte	70
 216 00bb 0B       		.byte	11
 217 00bc 47       		.byte	71
 218 00bd EC       		.byte	-20
 219 00be 48       		.byte	72
 220 00bf 34       		.byte	52
 221 00c0 49       		.byte	73
 222 00c1 FF       		.byte	-1
 223 00c2 4A       		.byte	74
 224 00c3 FF       		.byte	-1
 225 00c4 4B       		.byte	75
 226 00c5 FF       		.byte	-1
 227 00c6 4E       		.byte	78
 228 00c7 F0       		.byte	-16
ARM GAS  C:\Users\elias\AppData\Local\Temp\ccKPEdvy.s 			page 5


 229 00c8 4F       		.byte	79
 230 00c9 44       		.byte	68
 231 00ca 50       		.byte	80
 232 00cb 0C       		.byte	12
 233 00cc 58       		.byte	88
 234 00cd 04       		.byte	4
 235 00ce 59       		.byte	89
 236 00cf 04       		.byte	4
 237 00d0 5A       		.byte	90
 238 00d1 04       		.byte	4
 239 00d2 5C       		.byte	92
 240 00d3 11       		.byte	17
 241 00d4 5D       		.byte	93
 242 00d5 01       		.byte	1
 243 00d6 5F       		.byte	95
 244 00d7 01       		.byte	1
 245 00d8 66       		.byte	102
 246 00d9 C0       		.byte	-64
 247 00da 6A       		.byte	106
 248 00db 40       		.byte	64
 249 00dc 6B       		.byte	107
 250 00dd 02       		.byte	2
 251 00de 8A       		.byte	-118
 252 00df 01       		.byte	1
 253 00e0 8B       		.byte	-117
 254 00e1 01       		.byte	1
 255 00e2 8D       		.byte	-115
 256 00e3 04       		.byte	4
 257 00e4 96       		.byte	-106
 258 00e5 04       		.byte	4
 259 00e6 97       		.byte	-105
 260 00e7 02       		.byte	2
 261 00e8 99       		.byte	-103
 262 00e9 02       		.byte	2
 263 00ea 9A       		.byte	-102
 264 00eb 04       		.byte	4
 265 00ec A1       		.byte	-95
 266 00ed 02       		.byte	2
 267 00ee A8       		.byte	-88
 268 00ef 02       		.byte	2
 269 00f0 AB       		.byte	-85
 270 00f1 01       		.byte	1
 271 00f2 AC       		.byte	-84
 272 00f3 03       		.byte	3
 273 00f4 B0       		.byte	-80
 274 00f5 04       		.byte	4
 275 00f6 B1       		.byte	-79
 276 00f7 06       		.byte	6
 277 00f8 B2       		.byte	-78
 278 00f9 03       		.byte	3
 279 00fa B5       		.byte	-75
 280 00fb 01       		.byte	1
 281 00fc B9       		.byte	-71
 282 00fd 02       		.byte	2
 283 00fe BE       		.byte	-66
 284 00ff 01       		.byte	1
 285 0100 BF       		.byte	-65
ARM GAS  C:\Users\elias\AppData\Local\Temp\ccKPEdvy.s 			page 6


 286 0101 10       		.byte	16
 287 0102 D4       		.byte	-44
 288 0103 18       		.byte	24
 289 0104 D6       		.byte	-42
 290 0105 04       		.byte	4
 291 0106 D8       		.byte	-40
 292 0107 04       		.byte	4
 293 0108 D9       		.byte	-39
 294 0109 04       		.byte	4
 295 010a DB       		.byte	-37
 296 010b 04       		.byte	4
 297 010c DC       		.byte	-36
 298 010d 10       		.byte	16
 299 010e DD       		.byte	-35
 300 010f 10       		.byte	16
 301 0110 DF       		.byte	-33
 302 0111 01       		.byte	1
 303 0112 00       		.byte	0
 304 0113 10       		.byte	16
 305 0114 05       		.byte	5
 306 0115 84       		.byte	-124
 307 0116 06       		.byte	6
 308 0117 40       		.byte	64
 309 0118 09       		.byte	9
 310 0119 08       		.byte	8
 311 011a 0A       		.byte	10
 312 011b 08       		.byte	8
 313 011c 0C       		.byte	12
 314 011d 40       		.byte	64
 315 011e 0E       		.byte	14
 316 011f 04       		.byte	4
 317 0120 10       		.byte	16
 318 0121 06       		.byte	6
 319 0122 15       		.byte	21
 320 0123 03       		.byte	3
 321 0124 16       		.byte	22
 322 0125 08       		.byte	8
 323 0126 17       		.byte	23
 324 0127 04       		.byte	4
 325 0128 18       		.byte	24
 326 0129 10       		.byte	16
 327 012a 1B       		.byte	27
 328 012b 01       		.byte	1
 329 012c 1D       		.byte	29
 330 012d 24       		.byte	36
 331 012e 1E       		.byte	30
 332 012f 04       		.byte	4
 333 0130 1F       		.byte	31
 334 0131 08       		.byte	8
 335 0132 21       		.byte	33
 336 0133 11       		.byte	17
 337 0134 24       		.byte	36
 338 0135 20       		.byte	32
 339 0136 25       		.byte	37
 340 0137 10       		.byte	16
 341 0138 27       		.byte	39
 342 0139 14       		.byte	20
ARM GAS  C:\Users\elias\AppData\Local\Temp\ccKPEdvy.s 			page 7


 343 013a 28       		.byte	40
 344 013b 40       		.byte	64
 345 013c 2A       		.byte	42
 346 013d 10       		.byte	16
 347 013e 2D       		.byte	45
 348 013f 59       		.byte	89
 349 0140 2E       		.byte	46
 350 0141 08       		.byte	8
 351 0142 31       		.byte	49
 352 0143 20       		.byte	32
 353 0144 33       		.byte	51
 354 0145 04       		.byte	4
 355 0146 37       		.byte	55
 356 0147 14       		.byte	20
 357 0148 38       		.byte	56
 358 0149 50       		.byte	80
 359 014a 3C       		.byte	60
 360 014b 60       		.byte	96
 361 014c 3D       		.byte	61
 362 014d 02       		.byte	2
 363 014e 3E       		.byte	62
 364 014f 04       		.byte	4
 365 0150 3F       		.byte	63
 366 0151 80       		.byte	-128
 367 0152 44       		.byte	68
 368 0153 40       		.byte	64
 369 0154 45       		.byte	69
 370 0155 21       		.byte	33
 371 0156 4D       		.byte	77
 372 0157 80       		.byte	-128
 373 0158 4F       		.byte	79
 374 0159 80       		.byte	-128
 375 015a 54       		.byte	84
 376 015b 04       		.byte	4
 377 015c 56       		.byte	86
 378 015d 41       		.byte	65
 379 015e 5A       		.byte	90
 380 015f 02       		.byte	2
 381 0160 60       		.byte	96
 382 0161 04       		.byte	4
 383 0162 63       		.byte	99
 384 0163 42       		.byte	66
 385 0164 68       		.byte	104
 386 0165 02       		.byte	2
 387 0166 87       		.byte	-121
 388 0167 40       		.byte	64
 389 0168 89       		.byte	-119
 390 0169 10       		.byte	16
 391 016a 94       		.byte	-108
 392 016b 10       		.byte	16
 393 016c 98       		.byte	-104
 394 016d 04       		.byte	4
 395 016e C0       		.byte	-64
 396 016f B2       		.byte	-78
 397 0170 C2       		.byte	-62
 398 0171 C6       		.byte	-58
 399 0172 C4       		.byte	-60
ARM GAS  C:\Users\elias\AppData\Local\Temp\ccKPEdvy.s 			page 8


 400 0173 73       		.byte	115
 401 0174 CA       		.byte	-54
 402 0175 F5       		.byte	-11
 403 0176 CC       		.byte	-52
 404 0177 66       		.byte	102
 405 0178 CE       		.byte	-50
 406 0179 FC       		.byte	-4
 407 017a D0       		.byte	-48
 408 017b A0       		.byte	-96
 409 017c D2       		.byte	-46
 410 017d 10       		.byte	16
 411 017e D6       		.byte	-42
 412 017f 01       		.byte	1
 413 0180 D8       		.byte	-40
 414 0181 0D       		.byte	13
 415 0182 8C       		.byte	-116
 416 0183 10       		.byte	16
 417 0184 98       		.byte	-104
 418 0185 04       		.byte	4
 419 0186 B0       		.byte	-80
 420 0187 04       		.byte	4
 421 0188 E8       		.byte	-24
 422 0189 02       		.byte	2
 423 018a EE       		.byte	-18
 424 018b 02       		.byte	2
 425 018c E2       		.byte	-30
 426 018d 20       		.byte	32
 427 018e 01       		.byte	1
 428 018f 04       		.byte	4
 429 0190 05       		.byte	5
 430 0191 03       		.byte	3
 431 0192 09       		.byte	9
 432 0193 02       		.byte	2
 433 0194 0F       		.byte	15
 434 0195 01       		.byte	1
 435 0196 15       		.byte	21
 436 0197 04       		.byte	4
 437 0198 19       		.byte	25
 438 0199 04       		.byte	4
 439 019a 1D       		.byte	29
 440 019b 04       		.byte	4
 441 019c 21       		.byte	33
 442 019d 03       		.byte	3
 443 019e 29       		.byte	41
 444 019f 08       		.byte	8
 445 01a0 31       		.byte	49
 446 01a1 04       		.byte	4
 447 01a2 33       		.byte	51
 448 01a3 08       		.byte	8
 449 01a4 35       		.byte	53
 450 01a5 03       		.byte	3
 451 01a6 39       		.byte	57
 452 01a7 20       		.byte	32
 453 01a8 3F       		.byte	63
 454 01a9 15       		.byte	21
 455 01aa 40       		.byte	64
 456 01ab 03       		.byte	3
ARM GAS  C:\Users\elias\AppData\Local\Temp\ccKPEdvy.s 			page 9


 457 01ac 45       		.byte	69
 458 01ad 04       		.byte	4
 459 01ae 49       		.byte	73
 460 01af FF       		.byte	-1
 461 01b0 4A       		.byte	74
 462 01b1 07       		.byte	7
 463 01b2 4B       		.byte	75
 464 01b3 FF       		.byte	-1
 465 01b4 4C       		.byte	76
 466 01b5 40       		.byte	64
 467 01b6 4D       		.byte	77
 468 01b7 20       		.byte	32
 469 01b8 4E       		.byte	78
 470 01b9 F0       		.byte	-16
 471 01ba 4F       		.byte	79
 472 01bb 05       		.byte	5
 473 01bc 50       		.byte	80
 474 01bd 08       		.byte	8
 475 01be 59       		.byte	89
 476 01bf 04       		.byte	4
 477 01c0 5A       		.byte	90
 478 01c1 04       		.byte	4
 479 01c2 5D       		.byte	93
 480 01c3 01       		.byte	1
 481 01c4 5F       		.byte	95
 482 01c5 01       		.byte	1
 483 01c6 60       		.byte	96
 484 01c7 40       		.byte	64
 485 01c8 61       		.byte	97
 486 01c9 A8       		.byte	-88
 487 01ca 62       		.byte	98
 488 01cb 40       		.byte	64
 489 01cc 63       		.byte	99
 490 01cd 20       		.byte	32
 491 01ce 81       		.byte	-127
 492 01cf 10       		.byte	16
 493 01d0 84       		.byte	-124
 494 01d1 0C       		.byte	12
 495 01d2 85       		.byte	-123
 496 01d3 18       		.byte	24
 497 01d4 86       		.byte	-122
 498 01d5 02       		.byte	2
 499 01d6 88       		.byte	-120
 500 01d7 02       		.byte	2
 501 01d8 89       		.byte	-119
 502 01d9 80       		.byte	-128
 503 01da 8A       		.byte	-118
 504 01db 0C       		.byte	12
 505 01dc 8C       		.byte	-116
 506 01dd 0E       		.byte	14
 507 01de 8D       		.byte	-115
 508 01df 41       		.byte	65
 509 01e0 92       		.byte	-110
 510 01e1 02       		.byte	2
 511 01e2 93       		.byte	-109
 512 01e3 01       		.byte	1
 513 01e4 95       		.byte	-107
ARM GAS  C:\Users\elias\AppData\Local\Temp\ccKPEdvy.s 			page 10


 514 01e5 E7       		.byte	-25
 515 01e6 97       		.byte	-105
 516 01e7 18       		.byte	24
 517 01e8 98       		.byte	-104
 518 01e9 04       		.byte	4
 519 01ea 99       		.byte	-103
 520 01eb 39       		.byte	57
 521 01ec 9B       		.byte	-101
 522 01ed C4       		.byte	-60
 523 01ee 9C       		.byte	-100
 524 01ef 0C       		.byte	12
 525 01f0 9D       		.byte	-99
 526 01f1 FF       		.byte	-1
 527 01f2 9E       		.byte	-98
 528 01f3 02       		.byte	2
 529 01f4 A0       		.byte	-96
 530 01f5 08       		.byte	8
 531 01f6 A1       		.byte	-95
 532 01f7 19       		.byte	25
 533 01f8 A3       		.byte	-93
 534 01f9 E2       		.byte	-30
 535 01fa A5       		.byte	-91
 536 01fb 08       		.byte	8
 537 01fc A6       		.byte	-90
 538 01fd 01       		.byte	1
 539 01fe A8       		.byte	-88
 540 01ff 0C       		.byte	12
 541 0200 A9       		.byte	-87
 542 0201 C0       		.byte	-64
 543 0202 AE       		.byte	-82
 544 0203 01       		.byte	1
 545 0204 AF       		.byte	-81
 546 0205 E6       		.byte	-26
 547 0206 B1       		.byte	-79
 548 0207 C0       		.byte	-64
 549 0208 B3       		.byte	-77
 550 0209 38       		.byte	56
 551 020a B4       		.byte	-76
 552 020b 01       		.byte	1
 553 020c B5       		.byte	-75
 554 020d 1F       		.byte	31
 555 020e B6       		.byte	-74
 556 020f 0E       		.byte	14
 557 0210 BA       		.byte	-70
 558 0211 80       		.byte	-128
 559 0212 BB       		.byte	-69
 560 0213 20       		.byte	32
 561 0214 BE       		.byte	-66
 562 0215 10       		.byte	16
 563 0216 D6       		.byte	-42
 564 0217 02       		.byte	2
 565 0218 D7       		.byte	-41
 566 0219 10       		.byte	16
 567 021a D8       		.byte	-40
 568 021b 04       		.byte	4
 569 021c D9       		.byte	-39
 570 021d 04       		.byte	4
ARM GAS  C:\Users\elias\AppData\Local\Temp\ccKPEdvy.s 			page 11


 571 021e DB       		.byte	-37
 572 021f 04       		.byte	4
 573 0220 DC       		.byte	-36
 574 0221 11       		.byte	17
 575 0222 DD       		.byte	-35
 576 0223 10       		.byte	16
 577 0224 DF       		.byte	-33
 578 0225 01       		.byte	1
 579 0226 02       		.byte	2
 580 0227 28       		.byte	40
 581 0228 03       		.byte	3
 582 0229 01       		.byte	1
 583 022a 08       		.byte	8
 584 022b 01       		.byte	1
 585 022c 09       		.byte	9
 586 022d 20       		.byte	32
 587 022e 0A       		.byte	10
 588 022f 01       		.byte	1
 589 0230 0B       		.byte	11
 590 0231 40       		.byte	64
 591 0232 12       		.byte	18
 592 0233 02       		.byte	2
 593 0234 13       		.byte	19
 594 0235 15       		.byte	21
 595 0236 18       		.byte	24
 596 0237 04       		.byte	4
 597 0238 1A       		.byte	26
 598 0239 01       		.byte	1
 599 023a 1B       		.byte	27
 600 023b 80       		.byte	-128
 601 023c 20       		.byte	32
 602 023d 10       		.byte	16
 603 023e 22       		.byte	34
 604 023f 25       		.byte	37
 605 0240 25       		.byte	37
 606 0241 04       		.byte	4
 607 0242 27       		.byte	39
 608 0243 44       		.byte	68
 609 0244 28       		.byte	40
 610 0245 01       		.byte	1
 611 0246 29       		.byte	41
 612 0247 10       		.byte	16
 613 0248 2A       		.byte	42
 614 0249 08       		.byte	8
 615 024a 2B       		.byte	43
 616 024b 80       		.byte	-128
 617 024c 2C       		.byte	44
 618 024d 40       		.byte	64
 619 024e 2F       		.byte	47
 620 024f 48       		.byte	72
 621 0250 31       		.byte	49
 622 0251 01       		.byte	1
 623 0252 32       		.byte	50
 624 0253 A8       		.byte	-88
 625 0254 36       		.byte	54
 626 0255 A8       		.byte	-88
 627 0256 38       		.byte	56
ARM GAS  C:\Users\elias\AppData\Local\Temp\ccKPEdvy.s 			page 12


 628 0257 28       		.byte	40
 629 0258 39       		.byte	57
 630 0259 40       		.byte	64
 631 025a 3B       		.byte	59
 632 025b 01       		.byte	1
 633 025c 3D       		.byte	61
 634 025d 20       		.byte	32
 635 025e 3E       		.byte	62
 636 025f 15       		.byte	21
 637 0260 3F       		.byte	63
 638 0261 80       		.byte	-128
 639 0262 47       		.byte	71
 640 0263 04       		.byte	4
 641 0264 4D       		.byte	77
 642 0265 08       		.byte	8
 643 0266 55       		.byte	85
 644 0267 40       		.byte	64
 645 0268 57       		.byte	87
 646 0269 40       		.byte	64
 647 026a 5B       		.byte	91
 648 026b 40       		.byte	64
 649 026c 68       		.byte	104
 650 026d 10       		.byte	16
 651 026e 69       		.byte	105
 652 026f 14       		.byte	20
 653 0270 6B       		.byte	107
 654 0271 02       		.byte	2
 655 0272 70       		.byte	112
 656 0273 44       		.byte	68
 657 0274 71       		.byte	113
 658 0275 20       		.byte	32
 659 0276 72       		.byte	114
 660 0277 08       		.byte	8
 661 0278 73       		.byte	115
 662 0279 11       		.byte	17
 663 027a 90       		.byte	-112
 664 027b 20       		.byte	32
 665 027c 91       		.byte	-111
 666 027d 02       		.byte	2
 667 027e 92       		.byte	-110
 668 027f 04       		.byte	4
 669 0280 94       		.byte	-108
 670 0281 04       		.byte	4
 671 0282 95       		.byte	-107
 672 0283 50       		.byte	80
 673 0284 96       		.byte	-106
 674 0285 0A       		.byte	10
 675 0286 9A       		.byte	-102
 676 0287 01       		.byte	1
 677 0288 9C       		.byte	-100
 678 0289 40       		.byte	64
 679 028a 9D       		.byte	-99
 680 028b 08       		.byte	8
 681 028c 9E       		.byte	-98
 682 028d 10       		.byte	16
 683 028e A0       		.byte	-96
 684 028f 04       		.byte	4
ARM GAS  C:\Users\elias\AppData\Local\Temp\ccKPEdvy.s 			page 13


 685 0290 A1       		.byte	-95
 686 0291 10       		.byte	16
 687 0292 A3       		.byte	-93
 688 0293 08       		.byte	8
 689 0294 A4       		.byte	-92
 690 0295 10       		.byte	16
 691 0296 A5       		.byte	-91
 692 0297 08       		.byte	8
 693 0298 A7       		.byte	-89
 694 0299 40       		.byte	64
 695 029a C0       		.byte	-64
 696 029b 07       		.byte	7
 697 029c C2       		.byte	-62
 698 029d 0B       		.byte	11
 699 029e C4       		.byte	-60
 700 029f 0F       		.byte	15
 701 02a0 CA       		.byte	-54
 702 02a1 AF       		.byte	-81
 703 02a2 CC       		.byte	-52
 704 02a3 7F       		.byte	127
 705 02a4 CE       		.byte	-50
 706 02a5 FF       		.byte	-1
 707 02a6 D0       		.byte	-48
 708 02a7 40       		.byte	64
 709 02a8 D6       		.byte	-42
 710 02a9 08       		.byte	8
 711 02aa E2       		.byte	-30
 712 02ab 20       		.byte	32
 713 02ac 84       		.byte	-124
 714 02ad 03       		.byte	3
 715 02ae 86       		.byte	-122
 716 02af 04       		.byte	4
 717 02b0 92       		.byte	-110
 718 02b1 05       		.byte	5
 719 02b2 94       		.byte	-108
 720 02b3 0A       		.byte	10
 721 02b4 96       		.byte	-106
 722 02b5 04       		.byte	4
 723 02b6 98       		.byte	-104
 724 02b7 03       		.byte	3
 725 02b8 9A       		.byte	-102
 726 02b9 04       		.byte	4
 727 02ba 9C       		.byte	-100
 728 02bb 03       		.byte	3
 729 02bc 9E       		.byte	-98
 730 02bd 0C       		.byte	12
 731 02be A2       		.byte	-94
 732 02bf 08       		.byte	8
 733 02c0 AC       		.byte	-84
 734 02c1 10       		.byte	16
 735 02c2 B4       		.byte	-76
 736 02c3 10       		.byte	16
 737 02c4 B6       		.byte	-74
 738 02c5 0F       		.byte	15
 739 02c6 BA       		.byte	-70
 740 02c7 80       		.byte	-128
 741 02c8 BB       		.byte	-69
ARM GAS  C:\Users\elias\AppData\Local\Temp\ccKPEdvy.s 			page 14


 742 02c9 80       		.byte	-128
 743 02ca BE       		.byte	-66
 744 02cb 10       		.byte	16
 745 02cc D4       		.byte	-44
 746 02cd 01       		.byte	1
 747 02ce D8       		.byte	-40
 748 02cf 04       		.byte	4
 749 02d0 D9       		.byte	-39
 750 02d1 04       		.byte	4
 751 02d2 DB       		.byte	-37
 752 02d3 04       		.byte	4
 753 02d4 DC       		.byte	-36
 754 02d5 11       		.byte	17
 755 02d6 DD       		.byte	-35
 756 02d7 10       		.byte	16
 757 02d8 DF       		.byte	-33
 758 02d9 01       		.byte	1
 759 02da 00       		.byte	0
 760 02db 08       		.byte	8
 761 02dc 01       		.byte	1
 762 02dd 61       		.byte	97
 763 02de 03       		.byte	3
 764 02df 10       		.byte	16
 765 02e0 07       		.byte	7
 766 02e1 30       		.byte	48
 767 02e2 09       		.byte	9
 768 02e3 40       		.byte	64
 769 02e4 0A       		.byte	10
 770 02e5 14       		.byte	20
 771 02e6 0B       		.byte	11
 772 02e7 80       		.byte	-128
 773 02e8 0E       		.byte	14
 774 02e9 15       		.byte	21
 775 02ea 0F       		.byte	15
 776 02eb 80       		.byte	-128
 777 02ec 11       		.byte	17
 778 02ed 14       		.byte	20
 779 02ee 13       		.byte	19
 780 02ef 02       		.byte	2
 781 02f0 14       		.byte	20
 782 02f1 02       		.byte	2
 783 02f2 15       		.byte	21
 784 02f3 02       		.byte	2
 785 02f4 16       		.byte	22
 786 02f5 01       		.byte	1
 787 02f6 19       		.byte	25
 788 02f7 B0       		.byte	-80
 789 02f8 1A       		.byte	26
 790 02f9 40       		.byte	64
 791 02fa 1E       		.byte	30
 792 02fb 09       		.byte	9
 793 02fc 1F       		.byte	31
 794 02fd 40       		.byte	64
 795 02fe 20       		.byte	32
 796 02ff 01       		.byte	1
 797 0300 21       		.byte	33
 798 0301 20       		.byte	32
ARM GAS  C:\Users\elias\AppData\Local\Temp\ccKPEdvy.s 			page 15


 799 0302 22       		.byte	34
 800 0303 0A       		.byte	10
 801 0304 26       		.byte	38
 802 0305 80       		.byte	-128
 803 0306 27       		.byte	39
 804 0307 01       		.byte	1
 805 0308 29       		.byte	41
 806 0309 90       		.byte	-112
 807 030a 2A       		.byte	42
 808 030b 08       		.byte	8
 809 030c 2B       		.byte	43
 810 030d 80       		.byte	-128
 811 030e 32       		.byte	50
 812 030f A8       		.byte	-88
 813 0310 38       		.byte	56
 814 0311 AA       		.byte	-86
 815 0312 3B       		.byte	59
 816 0313 10       		.byte	16
 817 0314 40       		.byte	64
 818 0315 11       		.byte	17
 819 0316 43       		.byte	67
 820 0317 01       		.byte	1
 821 0318 49       		.byte	73
 822 0319 80       		.byte	-128
 823 031a 4A       		.byte	74
 824 031b 08       		.byte	8
 825 031c 4B       		.byte	75
 826 031d 44       		.byte	68
 827 031e 51       		.byte	81
 828 031f 08       		.byte	8
 829 0320 5C       		.byte	92
 830 0321 02       		.byte	2
 831 0322 5E       		.byte	94
 832 0323 48       		.byte	72
 833 0324 5F       		.byte	95
 834 0325 20       		.byte	32
 835 0326 81       		.byte	-127
 836 0327 21       		.byte	33
 837 0328 85       		.byte	-123
 838 0329 01       		.byte	1
 839 032a 87       		.byte	-121
 840 032b 10       		.byte	16
 841 032c 8C       		.byte	-116
 842 032d 01       		.byte	1
 843 032e 8D       		.byte	-115
 844 032f 44       		.byte	68
 845 0330 90       		.byte	-112
 846 0331 B8       		.byte	-72
 847 0332 91       		.byte	-111
 848 0333 16       		.byte	22
 849 0334 92       		.byte	-110
 850 0335 14       		.byte	20
 851 0336 95       		.byte	-107
 852 0337 40       		.byte	64
 853 0338 97       		.byte	-105
 854 0339 C4       		.byte	-60
 855 033a 9A       		.byte	-102
ARM GAS  C:\Users\elias\AppData\Local\Temp\ccKPEdvy.s 			page 16


 856 033b 09       		.byte	9
 857 033c 9B       		.byte	-101
 858 033d 02       		.byte	2
 859 033e 9D       		.byte	-99
 860 033f 11       		.byte	17
 861 0340 9F       		.byte	-97
 862 0341 01       		.byte	1
 863 0342 A0       		.byte	-96
 864 0343 04       		.byte	4
 865 0344 A1       		.byte	-95
 866 0345 44       		.byte	68
 867 0346 A2       		.byte	-94
 868 0347 20       		.byte	32
 869 0348 A3       		.byte	-93
 870 0349 C0       		.byte	-64
 871 034a A5       		.byte	-91
 872 034b 08       		.byte	8
 873 034c A6       		.byte	-90
 874 034d 8A       		.byte	-118
 875 034e AE       		.byte	-82
 876 034f 10       		.byte	16
 877 0350 C0       		.byte	-64
 878 0351 2F       		.byte	47
 879 0352 C2       		.byte	-62
 880 0353 FF       		.byte	-1
 881 0354 C4       		.byte	-60
 882 0355 9E       		.byte	-98
 883 0356 CA       		.byte	-54
 884 0357 0F       		.byte	15
 885 0358 CC       		.byte	-52
 886 0359 0E       		.byte	14
 887 035a CE       		.byte	-50
 888 035b 0F       		.byte	15
 889 035c D0       		.byte	-48
 890 035d 0B       		.byte	11
 891 035e D2       		.byte	-46
 892 035f 0C       		.byte	12
 893 0360 D6       		.byte	-42
 894 0361 F0       		.byte	-16
 895 0362 EE       		.byte	-18
 896 0363 02       		.byte	2
 897 0364 12       		.byte	18
 898 0365 80       		.byte	-128
 899 0366 32       		.byte	50
 900 0367 20       		.byte	32
 901 0368 33       		.byte	51
 902 0369 08       		.byte	8
 903 036a 36       		.byte	54
 904 036b 80       		.byte	-128
 905 036c 3F       		.byte	63
 906 036d 40       		.byte	64
 907 036e C4       		.byte	-60
 908 036f 10       		.byte	16
 909 0370 CC       		.byte	-52
 910 0371 70       		.byte	112
 911 0372 CE       		.byte	-50
 912 0373 20       		.byte	32
ARM GAS  C:\Users\elias\AppData\Local\Temp\ccKPEdvy.s 			page 17


 913 0374 97       		.byte	-105
 914 0375 40       		.byte	64
 915 0376 A6       		.byte	-90
 916 0377 20       		.byte	32
 917 0378 A7       		.byte	-89
 918 0379 08       		.byte	8
 919 037a 97       		.byte	-105
 920 037b 40       		.byte	64
 921 037c A6       		.byte	-90
 922 037d 20       		.byte	32
 923 037e A7       		.byte	-89
 924 037f 08       		.byte	8
 925 0380 87       		.byte	-121
 926 0381 08       		.byte	8
 927 0382 97       		.byte	-105
 928 0383 40       		.byte	64
 929 0384 A6       		.byte	-90
 930 0385 20       		.byte	32
 931 0386 A7       		.byte	-89
 932 0387 08       		.byte	8
 933 0388 E6       		.byte	-26
 934 0389 40       		.byte	64
 935 038a 00       		.byte	0
 936 038b 20       		.byte	32
 937 038c 5A       		.byte	90
 938 038d 80       		.byte	-128
 939 038e C0       		.byte	-64
 940 038f 02       		.byte	2
 941 0390 D4       		.byte	-44
 942 0391 01       		.byte	1
 943 0392 8E       		.byte	-114
 944 0393 40       		.byte	64
 945 0394 96       		.byte	-106
 946 0395 80       		.byte	-128
 947 0396 B0       		.byte	-80
 948 0397 10       		.byte	16
 949 0398 E0       		.byte	-32
 950 0399 08       		.byte	8
 951 039a EE       		.byte	-18
 952 039b 01       		.byte	1
 953 039c 8A       		.byte	-118
 954 039d 10       		.byte	16
 955 039e E4       		.byte	-28
 956 039f 04       		.byte	4
 957 03a0 27       		.byte	39
 958 03a1 80       		.byte	-128
 959 03a2 8A       		.byte	-118
 960 03a3 20       		.byte	32
 961 03a4 97       		.byte	-105
 962 03a5 40       		.byte	64
 963 03a6 A6       		.byte	-90
 964 03a7 20       		.byte	32
 965 03a8 C8       		.byte	-56
 966 03a9 80       		.byte	-128
 967 03aa AF       		.byte	-81
 968 03ab C0       		.byte	-64
 969 03ac E8       		.byte	-24
ARM GAS  C:\Users\elias\AppData\Local\Temp\ccKPEdvy.s 			page 18


 970 03ad 40       		.byte	64
 971 03ae EE       		.byte	-18
 972 03af 40       		.byte	64
 973 03b0 1C       		.byte	28
 974 03b1 08       		.byte	8
 975 03b2 1F       		.byte	31
 976 03b3 10       		.byte	16
 977 03b4 3A       		.byte	58
 978 03b5 10       		.byte	16
 979 03b6 88       		.byte	-120
 980 03b7 04       		.byte	4
 981 03b8 9A       		.byte	-102
 982 03b9 10       		.byte	16
 983 03ba C6       		.byte	-58
 984 03bb 01       		.byte	1
 985 03bc CE       		.byte	-50
 986 03bd 08       		.byte	8
 987 03be E2       		.byte	-30
 988 03bf 04       		.byte	4
 989 03c0 12       		.byte	18
 990 03c1 80       		.byte	-128
 991 03c2 77       		.byte	119
 992 03c3 10       		.byte	16
 993 03c4 8E       		.byte	-114
 994 03c5 80       		.byte	-128
 995 03c6 8F       		.byte	-113
 996 03c7 10       		.byte	16
 997 03c8 AF       		.byte	-81
 998 03c9 10       		.byte	16
 999 03ca C4       		.byte	-60
 1000 03cb 08       		.byte	8
 1001 03cc DE       		.byte	-34
 1002 03cd 04       		.byte	4
 1003 03ce E2       		.byte	-30
 1004 03cf 02       		.byte	2
 1005 03d0 E4       		.byte	-28
 1006 03d1 02       		.byte	2
 1007 03d2 00       		.byte	0
 1008 03d3 03       		.byte	3
 1009 03d4 0C       		.byte	12
 1010 03d5 03       		.byte	3
 1011 03d6 10       		.byte	16
 1012 03d7 02       		.byte	2
 1013 03d8 1C       		.byte	28
 1014 03d9 02       		.byte	2
 1015 03da 00       		.byte	0
 1016 03db 3F       		.byte	63
 1017 03dc 10       		.byte	16
 1018 03dd 02       		.byte	2
 1019 03de 00       		.byte	0
 1020 03df 00       		.byte	0
 1021 03e0 80       		.byte	-128
 1022 03e1 80       		.byte	-128
 1023 03e2 00       		.byte	0
 1024 03e3 00       		.byte	0
 1025 03e4 40       		.byte	64
 1026 03e5 00       		.byte	0
ARM GAS  C:\Users\elias\AppData\Local\Temp\ccKPEdvy.s 			page 19


 1027 03e6 00       		.byte	0
 1028 03e7 00       		.byte	0
 1029 03e8 04       		.byte	4
 1030 03e9 10       		.byte	16
 1031 03ea 02       		.byte	2
 1032 03eb 0A       		.byte	10
 1033 03ec 00       		.byte	0
 1034 03ed C0       		.byte	-64
 1035 03ee 08       		.byte	8
 1036 03ef 00       		.byte	0
 1037 03f0 02       		.byte	2
 1038 03f1 20       		.byte	32
 1039 03f2 05       		.byte	5
 1040 03f3 02       		.byte	2
 1041 03f4 01       		.byte	1
 1042 03f5 80       		.byte	-128
 1043 03f6 02       		.byte	2
 1044 03f7 00       		.byte	0
 1045 03f8 08       		.byte	8
 1046 03f9 00       		.byte	0
 1047 03fa 00       		.byte	0
 1048 03fb 00       		.byte	0
 1049 03fc 00       		.byte	0
 1050 03fd 31       		.byte	49
 1051 03fe 08       		.byte	8
 1052 03ff C0       		.byte	-64
 1053 0400 08       		.byte	8
 1054 0401 C0       		.byte	-64
 1055 0402 00       		.byte	0
 1056 0403 31       		.byte	49
 1057 0404 00       		.byte	0
 1058 0405 F1       		.byte	-15
 1059 0406 08       		.byte	8
 1060 0407 00       		.byte	0
 1061 0408 10       		.byte	16
 1062 0409 F0       		.byte	-16
 1063 040a 00       		.byte	0
 1064 040b 01       		.byte	1
 1065 040c 17       		.byte	23
 1066 040d 40       		.byte	64
 1067 040e 00       		.byte	0
 1068 040f 00       		.byte	0
 1069 0410 17       		.byte	23
 1070 0411 30       		.byte	48
 1071 0412 00       		.byte	0
 1072 0413 04       		.byte	4
 1073 0414 00       		.byte	0
 1074 0415 00       		.byte	0
 1075 0416 00       		.byte	0
 1076 0417 30       		.byte	48
 1077 0418 08       		.byte	8
 1078 0419 01       		.byte	1
 1079 041a 00       		.byte	0
 1080 041b F0       		.byte	-16
 1081 041c 07       		.byte	7
 1082 041d 08       		.byte	8
 1083 041e 10       		.byte	16
ARM GAS  C:\Users\elias\AppData\Local\Temp\ccKPEdvy.s 			page 20


 1084 041f 06       		.byte	6
 1085 0420 00       		.byte	0
 1086 0421 02       		.byte	2
 1087 0422 00       		.byte	0
 1088 0423 08       		.byte	8
 1089 0424 00       		.byte	0
 1090 0425 00       		.byte	0
 1091 0426 01       		.byte	1
 1092 0427 40       		.byte	64
 1093 0428 65       		.byte	101
 1094 0429 04       		.byte	4
 1095 042a 03       		.byte	3
 1096 042b 00       		.byte	0
 1097 042c 01       		.byte	1
 1098 042d 0E       		.byte	14
 1099 042e 00       		.byte	0
 1100 042f 0C       		.byte	12
 1101 0430 11       		.byte	17
 1102 0431 FF       		.byte	-1
 1103 0432 FF       		.byte	-1
 1104 0433 FF       		.byte	-1
 1105 0434 62       		.byte	98
 1106 0435 A0       		.byte	-96
 1107 0436 F0       		.byte	-16
 1108 0437 41       		.byte	65
 1109 0438 0C       		.byte	12
 1110 0439 00       		.byte	0
 1111 043a 00       		.byte	0
 1112 043b 00       		.byte	0
 1113 043c 00       		.byte	0
 1114 043d 00       		.byte	0
 1115 043e 00       		.byte	0
 1116 043f 00       		.byte	0
 1117 0440 04       		.byte	4
 1118 0441 04       		.byte	4
 1119 0442 04       		.byte	4
 1120 0443 00       		.byte	0
 1121 0444 11       		.byte	17
 1122 0445 01       		.byte	1
 1123 0446 00       		.byte	0
 1124 0447 01       		.byte	1
 1125 0448 00       		.byte	0
 1126 0449 00       		.byte	0
 1127 044a 00       		.byte	0
 1128 044b 00       		.byte	0
 1129 044c 00       		.byte	0
 1130 044d 00       		.byte	0
 1131 044e 40       		.byte	64
 1132 044f 02       		.byte	2
 1133 0450 00       		.byte	0
 1134 0451 10       		.byte	16
 1135 0452 30       		.byte	48
 1136 0453 10       		.byte	16
 1137 0454 00       		.byte	0
 1138 0455 10       		.byte	16
 1139 0456 10       		.byte	16
 1140 0457 12       		.byte	18
ARM GAS  C:\Users\elias\AppData\Local\Temp\ccKPEdvy.s 			page 21


 1141 0458 00       		.byte	0
 1142 0459 00       		.byte	0
 1143 045a 00       		.byte	0
 1144 045b 00       		.byte	0
 1145 045c 00       		.byte	0
 1146 045d 00       		.byte	0
 1147 045e 00       		.byte	0
 1148 045f 00       		.byte	0
 1149 0460 00       		.byte	0
 1150 0461 00       		.byte	0
 1151 0462 00       		.byte	0
 1152 0463 00       		.byte	0
 1153 0464 00       		.byte	0
 1154 0465 00       		.byte	0
 1155 0466 00       		.byte	0
 1156 0467 00       		.byte	0
 1157 0468 00       		.byte	0
 1158 0469 00       		.byte	0
 1159 046a 00       		.byte	0
 1160 046b 00       		.byte	0
 1161 046c 00       		.byte	0
 1162 046d 00       		.byte	0
 1163 046e C1       		.byte	-63
 1164 046f 00       		.byte	0
 1165 0470 80       		.byte	-128
 1166 0471 00       		.byte	0
 1167 0472 40       		.byte	64
 1168 0473 80       		.byte	-128
 1169 0474 80       		.byte	-128
 1170 0475 00       		.byte	0
 1171 0476 80       		.byte	-128
 1172 0477 00       		.byte	0
 1173 0478 00       		.byte	0
 1174 0479 00       		.byte	0
 1175 047a 00       		.byte	0
 1176 047b 00       		.byte	0
 1177 047c 00       		.byte	0
 1178 047d 0B       		.byte	11
 1179 047e 0B       		.byte	11
 1180 047f 00       		.byte	0
 1181 0480 00       		.byte	0
 1182 0481 00       		.byte	0
 1183 0482 00       		.byte	0
 1184 0483 00       		.byte	0
 1185 0484 04       		.byte	4
 1186 0485 00       		.byte	0
 1187 0486 00       		.byte	0
 1188 0487 05       		.byte	5
 1189 0488 01       		.byte	1
 1190 0489 00       		.byte	0
 1191 048a 01       		.byte	1
 1192 048b 00       		.byte	0
 1193 048c 00       		.byte	0
 1194 048d 00       		.byte	0
 1195 048e 00       		.byte	0
 1196 048f 00       		.byte	0
 1197 0490 00       		.byte	0
ARM GAS  C:\Users\elias\AppData\Local\Temp\ccKPEdvy.s 			page 22


 1198 0491 00       		.byte	0
 1199 0492 00       		.byte	0
 1200 0493 00       		.byte	0
 1201 0494 00       		.byte	0
 1202 0495 00       		.byte	0
 1203 0496 CE       		.byte	-50
 1204 0497 00       		.byte	0
 1205 0498 0E       		.byte	14
 1206 0499 00       		.byte	0
 1207 049a 18       		.byte	24
 1208 049b 01       		.byte	1
 1209              		.section	.cywolatch,"a",%progbits
 1210              		.align	2
 1211              		.type	cy_meta_wonvl, %object
 1212              		.size	cy_meta_wonvl, 4
 1213              	cy_meta_wonvl:
 1214 0000 BC       		.byte	-68
 1215 0001 90       		.byte	-112
 1216 0002 AC       		.byte	-84
 1217 0003 AF       		.byte	-81
 1218              		.section	.cycustnvl,"a",%progbits
 1219              		.align	2
 1220              		.type	cy_meta_custnvl, %object
 1221              		.size	cy_meta_custnvl, 4
 1222              	cy_meta_custnvl:
 1223 0000 00       		.byte	0
 1224 0001 00       		.byte	0
 1225 0002 40       		.byte	64
 1226 0003 05       		.byte	5
 1227              		.section	.cymeta,"a",%progbits
 1228              		.align	2
 1229              		.type	cy_metadata, %object
 1230              		.size	cy_metadata, 12
 1231              	cy_metadata:
 1232 0000 00       		.byte	0
 1233 0001 01       		.byte	1
 1234 0002 2E       		.byte	46
 1235 0003 16       		.byte	22
 1236 0004 10       		.byte	16
 1237 0005 69       		.byte	105
 1238 0006 00       		.byte	0
 1239 0007 01       		.byte	1
 1240 0008 00       		.byte	0
 1241 0009 00       		.byte	0
 1242 000a 00       		.byte	0
 1243 000b 00       		.byte	0
 1244              		.section	.cyflashprotect,"a",%progbits
 1245              		.align	2
 1246              		.type	cy_meta_flashprotect, %object
 1247              		.size	cy_meta_flashprotect, 256
 1248              	cy_meta_flashprotect:
 1249 0000 00000000 		.space	256
 1249      00000000 
 1249      00000000 
 1249      00000000 
 1249      00000000 
 1250              		.text
ARM GAS  C:\Users\elias\AppData\Local\Temp\ccKPEdvy.s 			page 23


 1251              	.Letext0:
 1252              		.file 1 "c:\\program files (x86)\\cypress\\psoc creator\\4.4\\psoc creator\\import\\gnu\\arm\\5.4.
 1253              		.file 2 "c:\\program files (x86)\\cypress\\psoc creator\\4.4\\psoc creator\\import\\gnu\\arm\\5.4.
 1254              		.file 3 "Generated_Source\\PSoC5\\cymetadata.c"
 1255              		.section	.debug_info,"",%progbits
 1256              	.Ldebug_info0:
 1257 0000 32010000 		.4byte	0x132
 1258 0004 0400     		.2byte	0x4
 1259 0006 00000000 		.4byte	.Ldebug_abbrev0
 1260 000a 04       		.byte	0x4
 1261 000b 01       		.uleb128 0x1
 1262 000c 24000000 		.4byte	.LASF17
 1263 0010 0C       		.byte	0xc
 1264 0011 C0010000 		.4byte	.LASF18
 1265 0015 D7000000 		.4byte	.LASF19
 1266 0019 00000000 		.4byte	.Ldebug_line0
 1267 001d 02       		.uleb128 0x2
 1268 001e 01       		.byte	0x1
 1269 001f 06       		.byte	0x6
 1270 0020 B4010000 		.4byte	.LASF0
 1271 0024 03       		.uleb128 0x3
 1272 0025 00000000 		.4byte	.LASF9
 1273 0029 01       		.byte	0x1
 1274 002a 1D       		.byte	0x1d
 1275 002b 2F000000 		.4byte	0x2f
 1276 002f 02       		.uleb128 0x2
 1277 0030 01       		.byte	0x1
 1278 0031 08       		.byte	0x8
 1279 0032 16000000 		.4byte	.LASF1
 1280 0036 02       		.uleb128 0x2
 1281 0037 02       		.byte	0x2
 1282 0038 05       		.byte	0x5
 1283 0039 A1010000 		.4byte	.LASF2
 1284 003d 02       		.uleb128 0x2
 1285 003e 02       		.byte	0x2
 1286 003f 07       		.byte	0x7
 1287 0040 C4000000 		.4byte	.LASF3
 1288 0044 02       		.uleb128 0x2
 1289 0045 04       		.byte	0x4
 1290 0046 05       		.byte	0x5
 1291 0047 AB010000 		.4byte	.LASF4
 1292 004b 02       		.uleb128 0x2
 1293 004c 04       		.byte	0x4
 1294 004d 07       		.byte	0x7
 1295 004e B2000000 		.4byte	.LASF5
 1296 0052 02       		.uleb128 0x2
 1297 0053 08       		.byte	0x8
 1298 0054 05       		.byte	0x5
 1299 0055 93010000 		.4byte	.LASF6
 1300 0059 02       		.uleb128 0x2
 1301 005a 08       		.byte	0x8
 1302 005b 07       		.byte	0x7
 1303 005c 48010000 		.4byte	.LASF7
 1304 0060 04       		.uleb128 0x4
 1305 0061 04       		.byte	0x4
 1306 0062 05       		.byte	0x5
 1307 0063 696E7400 		.ascii	"int\000"
ARM GAS  C:\Users\elias\AppData\Local\Temp\ccKPEdvy.s 			page 24


 1308 0067 02       		.uleb128 0x2
 1309 0068 04       		.byte	0x4
 1310 0069 07       		.byte	0x7
 1311 006a 3B010000 		.4byte	.LASF8
 1312 006e 03       		.uleb128 0x3
 1313 006f 5F010000 		.4byte	.LASF10
 1314 0073 02       		.byte	0x2
 1315 0074 18       		.byte	0x18
 1316 0075 24000000 		.4byte	0x24
 1317 0079 05       		.uleb128 0x5
 1318 007a 91000000 		.4byte	0x91
 1319 007e 8A000000 		.4byte	0x8a
 1320 0082 06       		.uleb128 0x6
 1321 0083 8A000000 		.4byte	0x8a
 1322 0087 9B04     		.2byte	0x49b
 1323 0089 00       		.byte	0
 1324 008a 02       		.uleb128 0x2
 1325 008b 04       		.byte	0x4
 1326 008c 07       		.byte	0x7
 1327 008d 8A010000 		.4byte	.LASF11
 1328 0091 07       		.uleb128 0x7
 1329 0092 6E000000 		.4byte	0x6e
 1330 0096 08       		.uleb128 0x8
 1331 0097 29010000 		.4byte	.LASF12
 1332 009b 03       		.byte	0x3
 1333 009c 1F       		.byte	0x1f
 1334 009d A7000000 		.4byte	0xa7
 1335 00a1 05       		.uleb128 0x5
 1336 00a2 03       		.byte	0x3
 1337 00a3 00000000 		.4byte	cy_meta_configecc
 1338 00a7 07       		.uleb128 0x7
 1339 00a8 79000000 		.4byte	0x79
 1340 00ac 05       		.uleb128 0x5
 1341 00ad 91000000 		.4byte	0x91
 1342 00b1 BC000000 		.4byte	0xbc
 1343 00b5 09       		.uleb128 0x9
 1344 00b6 8A000000 		.4byte	0x8a
 1345 00ba 03       		.byte	0x3
 1346 00bb 00       		.byte	0
 1347 00bc 08       		.uleb128 0x8
 1348 00bd 19010000 		.4byte	.LASF13
 1349 00c1 03       		.byte	0x3
 1350 00c2 C0       		.byte	0xc0
 1351 00c3 CD000000 		.4byte	0xcd
 1352 00c7 05       		.uleb128 0x5
 1353 00c8 03       		.byte	0x3
 1354 00c9 00000000 		.4byte	cy_meta_custnvl
 1355 00cd 07       		.uleb128 0x7
 1356 00ce AC000000 		.4byte	0xac
 1357 00d2 08       		.uleb128 0x8
 1358 00d3 7C010000 		.4byte	.LASF14
 1359 00d7 03       		.byte	0x3
 1360 00d8 CE       		.byte	0xce
 1361 00d9 E3000000 		.4byte	0xe3
 1362 00dd 05       		.uleb128 0x5
 1363 00de 03       		.byte	0x3
 1364 00df 00000000 		.4byte	cy_meta_wonvl
ARM GAS  C:\Users\elias\AppData\Local\Temp\ccKPEdvy.s 			page 25


 1365 00e3 07       		.uleb128 0x7
 1366 00e4 AC000000 		.4byte	0xac
 1367 00e8 05       		.uleb128 0x5
 1368 00e9 91000000 		.4byte	0x91
 1369 00ed F8000000 		.4byte	0xf8
 1370 00f1 09       		.uleb128 0x9
 1371 00f2 8A000000 		.4byte	0x8a
 1372 00f6 FF       		.byte	0xff
 1373 00f7 00       		.byte	0
 1374 00f8 08       		.uleb128 0x8
 1375 00f9 67010000 		.4byte	.LASF15
 1376 00fd 03       		.byte	0x3
 1377 00fe DC       		.byte	0xdc
 1378 00ff 09010000 		.4byte	0x109
 1379 0103 05       		.uleb128 0x5
 1380 0104 03       		.byte	0x3
 1381 0105 00000000 		.4byte	cy_meta_flashprotect
 1382 0109 07       		.uleb128 0x7
 1383 010a E8000000 		.4byte	0xe8
 1384 010e 05       		.uleb128 0x5
 1385 010f 91000000 		.4byte	0x91
 1386 0113 1E010000 		.4byte	0x11e
 1387 0117 09       		.uleb128 0x9
 1388 0118 8A000000 		.4byte	0x8a
 1389 011c 0B       		.byte	0xb
 1390 011d 00       		.byte	0
 1391 011e 0A       		.uleb128 0xa
 1392 011f 0A000000 		.4byte	.LASF16
 1393 0123 03       		.byte	0x3
 1394 0124 0901     		.2byte	0x109
 1395 0126 30010000 		.4byte	0x130
 1396 012a 05       		.uleb128 0x5
 1397 012b 03       		.byte	0x3
 1398 012c 00000000 		.4byte	cy_metadata
 1399 0130 07       		.uleb128 0x7
 1400 0131 0E010000 		.4byte	0x10e
 1401 0135 00       		.byte	0
 1402              		.section	.debug_abbrev,"",%progbits
 1403              	.Ldebug_abbrev0:
 1404 0000 01       		.uleb128 0x1
 1405 0001 11       		.uleb128 0x11
 1406 0002 01       		.byte	0x1
 1407 0003 25       		.uleb128 0x25
 1408 0004 0E       		.uleb128 0xe
 1409 0005 13       		.uleb128 0x13
 1410 0006 0B       		.uleb128 0xb
 1411 0007 03       		.uleb128 0x3
 1412 0008 0E       		.uleb128 0xe
 1413 0009 1B       		.uleb128 0x1b
 1414 000a 0E       		.uleb128 0xe
 1415 000b 10       		.uleb128 0x10
 1416 000c 17       		.uleb128 0x17
 1417 000d 00       		.byte	0
 1418 000e 00       		.byte	0
 1419 000f 02       		.uleb128 0x2
 1420 0010 24       		.uleb128 0x24
 1421 0011 00       		.byte	0
ARM GAS  C:\Users\elias\AppData\Local\Temp\ccKPEdvy.s 			page 26


 1422 0012 0B       		.uleb128 0xb
 1423 0013 0B       		.uleb128 0xb
 1424 0014 3E       		.uleb128 0x3e
 1425 0015 0B       		.uleb128 0xb
 1426 0016 03       		.uleb128 0x3
 1427 0017 0E       		.uleb128 0xe
 1428 0018 00       		.byte	0
 1429 0019 00       		.byte	0
 1430 001a 03       		.uleb128 0x3
 1431 001b 16       		.uleb128 0x16
 1432 001c 00       		.byte	0
 1433 001d 03       		.uleb128 0x3
 1434 001e 0E       		.uleb128 0xe
 1435 001f 3A       		.uleb128 0x3a
 1436 0020 0B       		.uleb128 0xb
 1437 0021 3B       		.uleb128 0x3b
 1438 0022 0B       		.uleb128 0xb
 1439 0023 49       		.uleb128 0x49
 1440 0024 13       		.uleb128 0x13
 1441 0025 00       		.byte	0
 1442 0026 00       		.byte	0
 1443 0027 04       		.uleb128 0x4
 1444 0028 24       		.uleb128 0x24
 1445 0029 00       		.byte	0
 1446 002a 0B       		.uleb128 0xb
 1447 002b 0B       		.uleb128 0xb
 1448 002c 3E       		.uleb128 0x3e
 1449 002d 0B       		.uleb128 0xb
 1450 002e 03       		.uleb128 0x3
 1451 002f 08       		.uleb128 0x8
 1452 0030 00       		.byte	0
 1453 0031 00       		.byte	0
 1454 0032 05       		.uleb128 0x5
 1455 0033 01       		.uleb128 0x1
 1456 0034 01       		.byte	0x1
 1457 0035 49       		.uleb128 0x49
 1458 0036 13       		.uleb128 0x13
 1459 0037 01       		.uleb128 0x1
 1460 0038 13       		.uleb128 0x13
 1461 0039 00       		.byte	0
 1462 003a 00       		.byte	0
 1463 003b 06       		.uleb128 0x6
 1464 003c 21       		.uleb128 0x21
 1465 003d 00       		.byte	0
 1466 003e 49       		.uleb128 0x49
 1467 003f 13       		.uleb128 0x13
 1468 0040 2F       		.uleb128 0x2f
 1469 0041 05       		.uleb128 0x5
 1470 0042 00       		.byte	0
 1471 0043 00       		.byte	0
 1472 0044 07       		.uleb128 0x7
 1473 0045 26       		.uleb128 0x26
 1474 0046 00       		.byte	0
 1475 0047 49       		.uleb128 0x49
 1476 0048 13       		.uleb128 0x13
 1477 0049 00       		.byte	0
 1478 004a 00       		.byte	0
ARM GAS  C:\Users\elias\AppData\Local\Temp\ccKPEdvy.s 			page 27


 1479 004b 08       		.uleb128 0x8
 1480 004c 34       		.uleb128 0x34
 1481 004d 00       		.byte	0
 1482 004e 03       		.uleb128 0x3
 1483 004f 0E       		.uleb128 0xe
 1484 0050 3A       		.uleb128 0x3a
 1485 0051 0B       		.uleb128 0xb
 1486 0052 3B       		.uleb128 0x3b
 1487 0053 0B       		.uleb128 0xb
 1488 0054 49       		.uleb128 0x49
 1489 0055 13       		.uleb128 0x13
 1490 0056 3F       		.uleb128 0x3f
 1491 0057 19       		.uleb128 0x19
 1492 0058 02       		.uleb128 0x2
 1493 0059 18       		.uleb128 0x18
 1494 005a 00       		.byte	0
 1495 005b 00       		.byte	0
 1496 005c 09       		.uleb128 0x9
 1497 005d 21       		.uleb128 0x21
 1498 005e 00       		.byte	0
 1499 005f 49       		.uleb128 0x49
 1500 0060 13       		.uleb128 0x13
 1501 0061 2F       		.uleb128 0x2f
 1502 0062 0B       		.uleb128 0xb
 1503 0063 00       		.byte	0
 1504 0064 00       		.byte	0
 1505 0065 0A       		.uleb128 0xa
 1506 0066 34       		.uleb128 0x34
 1507 0067 00       		.byte	0
 1508 0068 03       		.uleb128 0x3
 1509 0069 0E       		.uleb128 0xe
 1510 006a 3A       		.uleb128 0x3a
 1511 006b 0B       		.uleb128 0xb
 1512 006c 3B       		.uleb128 0x3b
 1513 006d 05       		.uleb128 0x5
 1514 006e 49       		.uleb128 0x49
 1515 006f 13       		.uleb128 0x13
 1516 0070 3F       		.uleb128 0x3f
 1517 0071 19       		.uleb128 0x19
 1518 0072 02       		.uleb128 0x2
 1519 0073 18       		.uleb128 0x18
 1520 0074 00       		.byte	0
 1521 0075 00       		.byte	0
 1522 0076 00       		.byte	0
 1523              		.section	.debug_aranges,"",%progbits
 1524 0000 14000000 		.4byte	0x14
 1525 0004 0200     		.2byte	0x2
 1526 0006 00000000 		.4byte	.Ldebug_info0
 1527 000a 04       		.byte	0x4
 1528 000b 00       		.byte	0
 1529 000c 0000     		.2byte	0
 1530 000e 0000     		.2byte	0
 1531 0010 00000000 		.4byte	0
 1532 0014 00000000 		.4byte	0
 1533              		.section	.debug_line,"",%progbits
 1534              	.Ldebug_line0:
 1535 0000 3D010000 		.section	.debug_str,"MS",%progbits,1
ARM GAS  C:\Users\elias\AppData\Local\Temp\ccKPEdvy.s 			page 28


 1535      02003701 
 1535      00000201 
 1535      FB0E0D00 
 1535      01010101 
 1536              	.LASF9:
 1537 0000 5F5F7569 		.ascii	"__uint8_t\000"
 1537      6E74385F 
 1537      7400
 1538              	.LASF16:
 1539 000a 63795F6D 		.ascii	"cy_metadata\000"
 1539      65746164 
 1539      61746100 
 1540              	.LASF1:
 1541 0016 756E7369 		.ascii	"unsigned char\000"
 1541      676E6564 
 1541      20636861 
 1541      7200
 1542              	.LASF17:
 1543 0024 474E5520 		.ascii	"GNU C11 5.4.1 20160609 (release) [ARM/embedded-5-br"
 1543      43313120 
 1543      352E342E 
 1543      31203230 
 1543      31363036 
 1544 0057 616E6368 		.ascii	"anch revision 237715] -mcpu=cortex-m3 -mthumb -g -O"
 1544      20726576 
 1544      6973696F 
 1544      6E203233 
 1544      37373135 
 1545 008a 67202D66 		.ascii	"g -ffunction-sections -ffat-lto-objects\000"
 1545      66756E63 
 1545      74696F6E 
 1545      2D736563 
 1545      74696F6E 
 1546              	.LASF5:
 1547 00b2 6C6F6E67 		.ascii	"long unsigned int\000"
 1547      20756E73 
 1547      69676E65 
 1547      6420696E 
 1547      7400
 1548              	.LASF3:
 1549 00c4 73686F72 		.ascii	"short unsigned int\000"
 1549      7420756E 
 1549      7369676E 
 1549      65642069 
 1549      6E7400
 1550              	.LASF19:
 1551 00d7 433A5C50 		.ascii	"C:\\PSoC Creator\\Transductor-000.cywrk.Archive02\\"
 1551      536F4320 
 1551      43726561 
 1551      746F725C 
 1551      5472616E 
 1552 0107 5472616E 		.ascii	"Transductor.cydsn\000"
 1552      73647563 
 1552      746F722E 
 1552      63796473 
 1552      6E00
 1553              	.LASF13:
ARM GAS  C:\Users\elias\AppData\Local\Temp\ccKPEdvy.s 			page 29


 1554 0119 63795F6D 		.ascii	"cy_meta_custnvl\000"
 1554      6574615F 
 1554      63757374 
 1554      6E766C00 
 1555              	.LASF12:
 1556 0129 63795F6D 		.ascii	"cy_meta_configecc\000"
 1556      6574615F 
 1556      636F6E66 
 1556      69676563 
 1556      6300
 1557              	.LASF8:
 1558 013b 756E7369 		.ascii	"unsigned int\000"
 1558      676E6564 
 1558      20696E74 
 1558      00
 1559              	.LASF7:
 1560 0148 6C6F6E67 		.ascii	"long long unsigned int\000"
 1560      206C6F6E 
 1560      6720756E 
 1560      7369676E 
 1560      65642069 
 1561              	.LASF10:
 1562 015f 75696E74 		.ascii	"uint8_t\000"
 1562      385F7400 
 1563              	.LASF15:
 1564 0167 63795F6D 		.ascii	"cy_meta_flashprotect\000"
 1564      6574615F 
 1564      666C6173 
 1564      6870726F 
 1564      74656374 
 1565              	.LASF14:
 1566 017c 63795F6D 		.ascii	"cy_meta_wonvl\000"
 1566      6574615F 
 1566      776F6E76 
 1566      6C00
 1567              	.LASF11:
 1568 018a 73697A65 		.ascii	"sizetype\000"
 1568      74797065 
 1568      00
 1569              	.LASF6:
 1570 0193 6C6F6E67 		.ascii	"long long int\000"
 1570      206C6F6E 
 1570      6720696E 
 1570      7400
 1571              	.LASF2:
 1572 01a1 73686F72 		.ascii	"short int\000"
 1572      7420696E 
 1572      7400
 1573              	.LASF4:
 1574 01ab 6C6F6E67 		.ascii	"long int\000"
 1574      20696E74 
 1574      00
 1575              	.LASF0:
 1576 01b4 7369676E 		.ascii	"signed char\000"
 1576      65642063 
 1576      68617200 
 1577              	.LASF18:
ARM GAS  C:\Users\elias\AppData\Local\Temp\ccKPEdvy.s 			page 30


 1578 01c0 47656E65 		.ascii	"Generated_Source\\PSoC5\\cymetadata.c\000"
 1578      72617465 
 1578      645F536F 
 1578      75726365 
 1578      5C50536F 
 1579              		.ident	"GCC: (GNU Tools for ARM Embedded Processors) 5.4.1 20160609 (release) [ARM/embedded-5-bran
