ARM GAS  C:\Users\elias\AppData\Local\Temp\ccdBgeft.s 			page 1


   1              		.syntax unified
   2              		.cpu cortex-m3
   3              		.fpu softvfp
   4              		.eabi_attribute 20, 1
   5              		.eabi_attribute 21, 1
   6              		.eabi_attribute 23, 3
   7              		.eabi_attribute 24, 1
   8              		.eabi_attribute 25, 1
   9              		.eabi_attribute 26, 1
  10              		.eabi_attribute 30, 1
  11              		.eabi_attribute 34, 1
  12              		.eabi_attribute 18, 4
  13              		.thumb
  14              		.syntax unified
  15              		.file	"er.c"
  16              		.text
  17              	.Ltext0:
  18              		.cfi_sections	.debug_frame
  19              		.section	.text.recBytesChecksum,"ax",%progbits
  20              		.align	2
  21              		.global	recBytesChecksum
  22              		.thumb
  23              		.thumb_func
  24              		.type	recBytesChecksum, %function
  25              	recBytesChecksum:
  26              	.LFB63:
  27              		.file 1 "er.c"
   1:er.c          **** /* ========================================
   2:er.c          ****  *
   3:er.c          ****  * Copyright YOUR COMPANY, THE YEAR
   4:er.c          ****  * All Rights Reserved
   5:er.c          ****  * UNPUBLISHED, LICENSED SOFTWARE.
   6:er.c          ****  *
   7:er.c          ****  * CONFIDENTIAL AND PROPRIETARY INFORMATION
   8:er.c          ****  * WHICH IS THE PROPERTY OF your company.
   9:er.c          ****  *
  10:er.c          ****  * ========================================
  11:er.c          **** */
  12:er.c          **** #include "project.h"
  13:er.c          **** 
  14:er.c          **** #include <stdint.h>
  15:er.c          **** 
  16:er.c          **** #include "clock_config.h"
  17:er.c          **** 
  18:er.c          **** // implementación del timeout, se usa un contador que cuenta 
  19:er.c          **** // las veces en el ciclo de espera, cuando este valor supera
  20:er.c          **** // al de T_ESPERA se sale por timeout.
  21:er.c          **** // Debe estar definido FRECUENCIA_CLOCK_CONFIG con la frecuencia
  22:er.c          **** // de operación de microprocesador.
  23:er.c          **** #define T_ESPERA	((FRECUENCIA_CLOCK_CONFIG / 60) * 2)	// aprox. dos segundo
  24:er.c          **** 
  25:er.c          **** /*
  26:er.c          **** Función que recibe exactamente una cantidad dada de bytes.
  27:er.c          **** Los dos primeros bytes corresponde a la cantidad de bytes que se van a recibir. 
  28:er.c          **** Es un valor uint16_t, el primer byte recibido es el menos significativo.
  29:er.c          **** Luego se espera recibir una determinada cantidad de bytes (tam). Si se recibe 
  30:er.c          **** menos bytes se guarda lo que se recibe. Si se reciben más bytes, se guarda lo
ARM GAS  C:\Users\elias\AppData\Local\Temp\ccdBgeft.s 			page 2


  31:er.c          **** que se puede (tam bytes) y lo demás se desecha. 
  32:er.c          **** Siempre se revisa el checksum. 
  33:er.c          **** Sale de la función cuando recibe todos los bytes o se produce el timeout.
  34:er.c          **** Parámetros:
  35:er.c          ****     buf -> donde se guardan los bytes
  36:er.c          ****     tam -> cantidad de bytes a recibir. Sin incluir los 2 bytes del tamaño ni el checksum
  37:er.c          ****     hayDato -> función que retorna la cantidad de bytes en el buffer de recepción del puerto seri
  38:er.c          ****     gc  -> función que recibe un byte. Función GetByte de PSoC.
  39:er.c          **** Retorno:
  40:er.c          ****  * 0 si no hay error
  41:er.c          ****  * 1 error: no hay lugar en el vector local
  42:er.c          ****  * 2 error: se reciben menos datos que los esperados
  43:er.c          ****  * 3 error de checksum
  44:er.c          ****  * 4 error de timeout, esperamos demasiado por los datos
  45:er.c          **** */
  46:er.c          **** uint8_t recBytesChecksum (uint8_t *buf, uint16_t tam, uint8_t (*hayDato)(), uint8_t (*gc)(void)) {
  28              		.loc 1 46 0
  29              		.cfi_startproc
  30              		@ args = 0, pretend = 0, frame = 8
  31              		@ frame_needed = 0, uses_anonymous_args = 0
  32              	.LVL0:
  33 0000 2DE9F04F 		push	{r4, r5, r6, r7, r8, r9, r10, fp, lr}
  34              		.cfi_def_cfa_offset 36
  35              		.cfi_offset 4, -36
  36              		.cfi_offset 5, -32
  37              		.cfi_offset 6, -28
  38              		.cfi_offset 7, -24
  39              		.cfi_offset 8, -20
  40              		.cfi_offset 9, -16
  41              		.cfi_offset 10, -12
  42              		.cfi_offset 11, -8
  43              		.cfi_offset 14, -4
  44 0004 83B0     		sub	sp, sp, #12
  45              		.cfi_def_cfa_offset 48
  46 0006 0646     		mov	r6, r0
  47 0008 8946     		mov	r9, r1
  48 000a 1446     		mov	r4, r2
  49 000c 1F46     		mov	r7, r3
  50              	.LVL1:
  47:er.c          **** 	uint32_t cont = 0;
  48:er.c          ****     uint16_t tamRec = 0, tamEjec = 0;
  49:er.c          ****     uint8_t ret = 0, tmp, cs;
  50:er.c          ****     
  51:er.c          ****     // recibimos la cantidad de bytes que se están enviando
  52:er.c          ****     for (cont = 0; !hayDato() && cont < T_ESPERA; cont++);
  51              		.loc 1 52 0
  52 000e 0025     		movs	r5, #0
  53 0010 00E0     		b	.L2
  54              	.LVL2:
  55              	.L4:
  56              		.loc 1 52 0 is_stmt 0 discriminator 4
  57 0012 0135     		adds	r5, r5, #1
  58              	.LVL3:
  59              	.L2:
  60              		.loc 1 52 0 discriminator 1
  61 0014 A047     		blx	r4
  62              	.LVL4:
ARM GAS  C:\Users\elias\AppData\Local\Temp\ccdBgeft.s 			page 3


  63 0016 10B9     		cbnz	r0, .L3
  64              		.loc 1 52 0 discriminator 3
  65 0018 3D4B     		ldr	r3, .L33
  66 001a 9D42     		cmp	r5, r3
  67 001c F9D9     		bls	.L4
  68              	.L3:
  53:er.c          ****     if (cont >= T_ESPERA) return 4;	// timeout, termina inmediatamente
  69              		.loc 1 53 0 is_stmt 1
  70 001e 3C4B     		ldr	r3, .L33
  71 0020 9D42     		cmp	r5, r3
  72 0022 67D8     		bhi	.L22
  54:er.c          ****     cs = tmp = (gc() & 0xFF);
  73              		.loc 1 54 0
  74 0024 B847     		blx	r7
  75              	.LVL5:
  76 0026 8046     		mov	r8, r0
  77              	.LVL6:
  55:er.c          ****     tamRec = (((uint16_t)tmp & 0xFF));
  56:er.c          **** 
  57:er.c          ****     for (cont = 0; !hayDato() && cont < T_ESPERA; cont++);
  78              		.loc 1 57 0
  79 0028 0025     		movs	r5, #0
  80 002a 00E0     		b	.L6
  81              	.LVL7:
  82              	.L8:
  83              		.loc 1 57 0 is_stmt 0 discriminator 4
  84 002c 0135     		adds	r5, r5, #1
  85              	.LVL8:
  86              	.L6:
  87              		.loc 1 57 0 discriminator 1
  88 002e A047     		blx	r4
  89              	.LVL9:
  90 0030 10B9     		cbnz	r0, .L7
  91              		.loc 1 57 0 discriminator 3
  92 0032 374B     		ldr	r3, .L33
  93 0034 9D42     		cmp	r5, r3
  94 0036 F9D9     		bls	.L8
  95              	.L7:
  58:er.c          ****     if (cont >= T_ESPERA) return 4;	// timeout, termina inmediatamente
  96              		.loc 1 58 0 is_stmt 1
  97 0038 354B     		ldr	r3, .L33
  98 003a 9D42     		cmp	r5, r3
  99 003c 5CD8     		bhi	.L23
  59:er.c          ****     cs += (tmp = gc() & 0xFF);
 100              		.loc 1 59 0
 101 003e B847     		blx	r7
 102              	.LVL10:
 103 0040 08EB000A 		add	r10, r8, r0
 104 0044 5FFA8AFA 		uxtb	r10, r10
 105              	.LVL11:
  60:er.c          ****     tamRec |= (((uint16_t)tmp & 0xFF) << 8);
 106              		.loc 1 60 0
 107 0048 48EA0028 		orr	r8, r8, r0, lsl #8
 108              	.LVL12:
 109 004c 1FFA88FB 		uxth	fp, r8
 110              	.LVL13:
  61:er.c          **** 
ARM GAS  C:\Users\elias\AppData\Local\Temp\ccdBgeft.s 			page 4


  62:er.c          **** 	if (tamRec > tam) {
 111              		.loc 1 62 0
 112 0050 CB45     		cmp	fp, r9
 113 0052 04D8     		bhi	.L24
  63:er.c          **** 		ret = 1;
  64:er.c          **** 		tamEjec = tam;	// si el tamaño recibido es mayor que el espacio disponible, se recibe solo hasta
  65:er.c          **** 	} else if (tamRec < tam) {
 114              		.loc 1 65 0
 115 0054 07D2     		bcs	.L25
  66:er.c          **** 		ret = 2;
  67:er.c          **** 		tamEjec = tamRec;	// se guarda el dato transmitido completo
 116              		.loc 1 67 0
 117 0056 5B46     		mov	r3, fp
  66:er.c          **** 		ret = 2;
 118              		.loc 1 66 0
 119 0058 0222     		movs	r2, #2
 120 005a 0192     		str	r2, [sp, #4]
 121 005c 19E0     		b	.L10
 122              	.L24:
  64:er.c          **** 	} else if (tamRec < tam) {
 123              		.loc 1 64 0
 124 005e 4B46     		mov	r3, r9
  63:er.c          **** 		ret = 1;
 125              		.loc 1 63 0
 126 0060 0122     		movs	r2, #1
 127 0062 0192     		str	r2, [sp, #4]
 128 0064 15E0     		b	.L10
 129              	.L25:
  68:er.c          **** 	} else {
  69:er.c          ****         ret = 0;
  70:er.c          ****         tamEjec = tam;  // los tamaños coinciden
 130              		.loc 1 70 0
 131 0066 4B46     		mov	r3, r9
  69:er.c          ****         tamEjec = tam;  // los tamaños coinciden
 132              		.loc 1 69 0
 133 0068 0022     		movs	r2, #0
 134 006a 0192     		str	r2, [sp, #4]
 135 006c 11E0     		b	.L10
 136              	.LVL14:
 137              	.L12:
  71:er.c          **** 	}
  72:er.c          ****     
  73:er.c          ****     // recibimos cantidad
  74:er.c          **** 	for (; tamEjec--; buf++) {
  75:er.c          ****         for (cont = 0; !hayDato() && cont < T_ESPERA; cont++);
 138              		.loc 1 75 0 discriminator 4
 139 006e 0135     		adds	r5, r5, #1
 140              	.LVL15:
 141 0070 00E0     		b	.L13
 142              	.L27:
 143 0072 0025     		movs	r5, #0
 144              	.LVL16:
 145              	.L13:
 146              		.loc 1 75 0 is_stmt 0 discriminator 1
 147 0074 A047     		blx	r4
 148              	.LVL17:
 149 0076 10B9     		cbnz	r0, .L11
ARM GAS  C:\Users\elias\AppData\Local\Temp\ccdBgeft.s 			page 5


 150              		.loc 1 75 0 discriminator 3
 151 0078 254B     		ldr	r3, .L33
 152 007a 9D42     		cmp	r5, r3
 153 007c F7D9     		bls	.L12
 154              	.L11:
  76:er.c          **** 	    if (cont >= T_ESPERA) return 4;	// timeout, termina inmediatamente
 155              		.loc 1 76 0 is_stmt 1
 156 007e 244B     		ldr	r3, .L33
 157 0080 9D42     		cmp	r5, r3
 158 0082 3BD8     		bhi	.L26
  77:er.c          ****         cs += (*buf = gc() & 0xFF);
 159              		.loc 1 77 0
 160 0084 B847     		blx	r7
 161              	.LVL18:
 162 0086 06F8010B 		strb	r0, [r6], #1
 163              	.LVL19:
 164 008a 8244     		add	r10, r10, r0
 165              	.LVL20:
 166 008c 5FFA8AFA 		uxtb	r10, r10
 167              	.LVL21:
  74:er.c          ****         for (cont = 0; !hayDato() && cont < T_ESPERA; cont++);
 168              		.loc 1 74 0
 169 0090 4346     		mov	r3, r8
 170              	.LVL22:
 171              	.L10:
  74:er.c          ****         for (cont = 0; !hayDato() && cont < T_ESPERA; cont++);
 172              		.loc 1 74 0 is_stmt 0 discriminator 1
 173 0092 03F1FF38 		add	r8, r3, #-1
 174 0096 1FFA88F8 		uxth	r8, r8
 175              	.LVL23:
 176 009a 002B     		cmp	r3, #0
 177 009c E9D1     		bne	.L27
  78:er.c          ****     }
  79:er.c          **** 	// recibimos el resto si tamRec > tam
  80:er.c          **** 	if (ret == 1) {
 178              		.loc 1 80 0 is_stmt 1
 179 009e 019B     		ldr	r3, [sp, #4]
 180 00a0 012B     		cmp	r3, #1
 181 00a2 17D1     		bne	.L14
  81:er.c          **** 		for (tamEjec = (tamRec - tam) * sizeof(uint8_t); tamEjec--; ) {
 182              		.loc 1 81 0
 183 00a4 C9EB0B03 		rsb	r3, r9, fp
 184 00a8 9BB2     		uxth	r3, r3
 185              	.LVL24:
 186 00aa 0FE0     		b	.L15
 187              	.LVL25:
 188              	.L17:
  82:er.c          ****         	for (cont = 0; !hayDato() && cont < T_ESPERA; cont++);
 189              		.loc 1 82 0 discriminator 4
 190 00ac 0135     		adds	r5, r5, #1
 191              	.LVL26:
 192 00ae 00E0     		b	.L18
 193              	.L29:
 194 00b0 0025     		movs	r5, #0
 195              	.LVL27:
 196              	.L18:
 197              		.loc 1 82 0 is_stmt 0 discriminator 1
ARM GAS  C:\Users\elias\AppData\Local\Temp\ccdBgeft.s 			page 6


 198 00b2 A047     		blx	r4
 199              	.LVL28:
 200 00b4 10B9     		cbnz	r0, .L16
 201              		.loc 1 82 0 discriminator 3
 202 00b6 164B     		ldr	r3, .L33
 203 00b8 9D42     		cmp	r5, r3
 204 00ba F7D9     		bls	.L17
 205              	.L16:
  83:er.c          ****         	if (cont >= T_ESPERA) return 4;	// timeout, termina inmediatamente
 206              		.loc 1 83 0 is_stmt 1
 207 00bc 144B     		ldr	r3, .L33
 208 00be 9D42     		cmp	r5, r3
 209 00c0 1ED8     		bhi	.L28
  84:er.c          ****             tmp = gc();
 210              		.loc 1 84 0
 211 00c2 B847     		blx	r7
 212              	.LVL29:
  85:er.c          **** 			cs += tmp;	// sumamos el checksum, pero desechamos el dato
 213              		.loc 1 85 0
 214 00c4 5044     		add	r0, r0, r10
 215              	.LVL30:
 216 00c6 5FFA80FA 		uxtb	r10, r0
 217              	.LVL31:
  81:er.c          ****         	for (cont = 0; !hayDato() && cont < T_ESPERA; cont++);
 218              		.loc 1 81 0
 219 00ca 3346     		mov	r3, r6
 220              	.LVL32:
 221              	.L15:
  81:er.c          ****         	for (cont = 0; !hayDato() && cont < T_ESPERA; cont++);
 222              		.loc 1 81 0 is_stmt 0 discriminator 1
 223 00cc 5E1E     		subs	r6, r3, #1
 224 00ce B6B2     		uxth	r6, r6
 225              	.LVL33:
 226 00d0 002B     		cmp	r3, #0
 227 00d2 EDD1     		bne	.L29
 228              	.LVL34:
 229              	.L14:
  86:er.c          **** 		}
  87:er.c          **** 	}
  88:er.c          ****     // Recibimos el checksum
  89:er.c          ****     for (cont = 0; !hayDato() && cont < T_ESPERA; cont++);
 230              		.loc 1 89 0 is_stmt 1
 231 00d4 0025     		movs	r5, #0
 232 00d6 00E0     		b	.L19
 233              	.LVL35:
 234              	.L21:
 235              		.loc 1 89 0 is_stmt 0 discriminator 4
 236 00d8 0135     		adds	r5, r5, #1
 237              	.LVL36:
 238              	.L19:
 239              		.loc 1 89 0 discriminator 1
 240 00da A047     		blx	r4
 241              	.LVL37:
 242 00dc 10B9     		cbnz	r0, .L20
 243              		.loc 1 89 0 discriminator 3
 244 00de 0C4B     		ldr	r3, .L33
 245 00e0 9D42     		cmp	r5, r3
ARM GAS  C:\Users\elias\AppData\Local\Temp\ccdBgeft.s 			page 7


 246 00e2 F9D9     		bls	.L21
 247              	.L20:
  90:er.c          **** 	if (cont >= T_ESPERA) return 4;	// timeout, termina inmediatamente
 248              		.loc 1 90 0 is_stmt 1
 249 00e4 0A4B     		ldr	r3, .L33
 250 00e6 9D42     		cmp	r5, r3
 251 00e8 0CD8     		bhi	.L30
  91:er.c          ****     tmp = gc() & 0xFF;
 252              		.loc 1 91 0
 253 00ea B847     		blx	r7
 254              	.LVL38:
  92:er.c          **** 	if (tmp != cs) return 3;	// error de checksum
 255              		.loc 1 92 0
 256 00ec 8245     		cmp	r10, r0
 257 00ee 0BD0     		beq	.L31
 258 00f0 0320     		movs	r0, #3
 259              	.LVL39:
 260 00f2 0AE0     		b	.L5
 261              	.LVL40:
 262              	.L22:
  53:er.c          ****     cs = tmp = (gc() & 0xFF);
 263              		.loc 1 53 0
 264 00f4 0420     		movs	r0, #4
 265 00f6 08E0     		b	.L5
 266              	.LVL41:
 267              	.L23:
  58:er.c          ****     cs += (tmp = gc() & 0xFF);
 268              		.loc 1 58 0
 269 00f8 0420     		movs	r0, #4
 270 00fa 06E0     		b	.L5
 271              	.LVL42:
 272              	.L26:
  76:er.c          ****         cs += (*buf = gc() & 0xFF);
 273              		.loc 1 76 0
 274 00fc 0420     		movs	r0, #4
 275 00fe 04E0     		b	.L5
 276              	.LVL43:
 277              	.L28:
  83:er.c          ****             tmp = gc();
 278              		.loc 1 83 0
 279 0100 0420     		movs	r0, #4
 280 0102 02E0     		b	.L5
 281              	.LVL44:
 282              	.L30:
  90:er.c          ****     tmp = gc() & 0xFF;
 283              		.loc 1 90 0
 284 0104 0420     		movs	r0, #4
 285 0106 00E0     		b	.L5
 286              	.LVL45:
 287              	.L31:
  93:er.c          **** 	return ret;
 288              		.loc 1 93 0
 289 0108 0198     		ldr	r0, [sp, #4]
 290              	.LVL46:
 291              	.L5:
  94:er.c          **** }
 292              		.loc 1 94 0
ARM GAS  C:\Users\elias\AppData\Local\Temp\ccdBgeft.s 			page 8


 293 010a 03B0     		add	sp, sp, #12
 294              		.cfi_def_cfa_offset 36
 295              		@ sp needed
 296 010c BDE8F08F 		pop	{r4, r5, r6, r7, r8, r9, r10, fp, pc}
 297              	.LVL47:
 298              	.L34:
 299              		.align	2
 300              	.L33:
 301 0110 FF340C00 		.word	799999
 302              		.cfi_endproc
 303              	.LFE63:
 304              		.size	recBytesChecksum, .-recBytesChecksum
 305              		.section	.text.recBytes,"ax",%progbits
 306              		.align	2
 307              		.global	recBytes
 308              		.thumb
 309              		.thumb_func
 310              		.type	recBytes, %function
 311              	recBytes:
 312              	.LFB64:
  95:er.c          **** 
  96:er.c          **** /*
  97:er.c          **** Función que recibe exactamente una cantidad dada de bytes.
  98:er.c          **** Sale de la función cuando recibe todos los bytes o se produce el timeout.
  99:er.c          **** Parámetros:
 100:er.c          ****     buf -> donde se guardan los bytes
 101:er.c          ****     tam -> cantidad de bytes a recibir
 102:er.c          ****     hayDato -> función que retorna la cantidad de bytes en el buffer de recepción del puerto seri
 103:er.c          ****     gc  -> función que recibe un byte. Función GetByte de PSoC.
 104:er.c          **** Retorno:
 105:er.c          ****  * 0 si no hay error
 106:er.c          ****  * 4 error de timeout, esperamos demasiado por los datos
 107:er.c          **** */
 108:er.c          **** uint8_t recBytes (uint8_t *buf, uint16_t tam, uint8_t (*hayDato)(), uint8_t (*gc)(void)) {
 313              		.loc 1 108 0
 314              		.cfi_startproc
 315              		@ args = 0, pretend = 0, frame = 0
 316              		@ frame_needed = 0, uses_anonymous_args = 0
 317              	.LVL48:
 318 0000 2DE9F041 		push	{r4, r5, r6, r7, r8, lr}
 319              		.cfi_def_cfa_offset 24
 320              		.cfi_offset 4, -24
 321              		.cfi_offset 5, -20
 322              		.cfi_offset 6, -16
 323              		.cfi_offset 7, -12
 324              		.cfi_offset 8, -8
 325              		.cfi_offset 14, -4
 326 0004 0746     		mov	r7, r0
 327 0006 1546     		mov	r5, r2
 328 0008 9846     		mov	r8, r3
 329              	.LVL49:
 109:er.c          **** 	uint32_t cont = 0;
 110:er.c          ****     
 111:er.c          **** 	for (; tam--; buf++) {
 330              		.loc 1 111 0
 331 000a 0EE0     		b	.L36
 332              	.LVL50:
ARM GAS  C:\Users\elias\AppData\Local\Temp\ccdBgeft.s 			page 9


 333              	.L38:
 112:er.c          ****         for (cont = 0; !hayDato() && cont < T_ESPERA; cont++);
 334              		.loc 1 112 0 discriminator 4
 335 000c 0134     		adds	r4, r4, #1
 336              	.LVL51:
 337 000e 00E0     		b	.L40
 338              	.LVL52:
 339              	.L42:
 340 0010 0024     		movs	r4, #0
 341              	.L40:
 342              	.LVL53:
 343              		.loc 1 112 0 is_stmt 0 discriminator 1
 344 0012 A847     		blx	r5
 345              	.LVL54:
 346 0014 10B9     		cbnz	r0, .L37
 347              		.loc 1 112 0 discriminator 3
 348 0016 0A4B     		ldr	r3, .L44
 349 0018 9C42     		cmp	r4, r3
 350 001a F7D9     		bls	.L38
 351              	.L37:
 113:er.c          **** 	    if (cont >= T_ESPERA) return 4;	// timeout, termina inmediatamente
 352              		.loc 1 113 0 is_stmt 1
 353 001c 084B     		ldr	r3, .L44
 354 001e 9C42     		cmp	r4, r3
 355 0020 0AD8     		bhi	.L41
 114:er.c          ****         *buf = gc() & 0xFF;
 356              		.loc 1 114 0
 357 0022 C047     		blx	r8
 358              	.LVL55:
 359 0024 07F8010B 		strb	r0, [r7], #1
 360              	.LVL56:
 111:er.c          ****         for (cont = 0; !hayDato() && cont < T_ESPERA; cont++);
 361              		.loc 1 111 0
 362 0028 3146     		mov	r1, r6
 363              	.LVL57:
 364              	.L36:
 111:er.c          ****         for (cont = 0; !hayDato() && cont < T_ESPERA; cont++);
 365              		.loc 1 111 0 is_stmt 0 discriminator 1
 366 002a 4B1E     		subs	r3, r1, #1
 367 002c 9EB2     		uxth	r6, r3
 368              	.LVL58:
 369 002e 0029     		cmp	r1, #0
 370 0030 EED1     		bne	.L42
 115:er.c          ****     }
 116:er.c          ****     return 0;
 371              		.loc 1 116 0 is_stmt 1
 372 0032 0020     		movs	r0, #0
 373 0034 BDE8F081 		pop	{r4, r5, r6, r7, r8, pc}
 374              	.LVL59:
 375              	.L41:
 113:er.c          ****         *buf = gc() & 0xFF;
 376              		.loc 1 113 0
 377 0038 0420     		movs	r0, #4
 117:er.c          **** }
 378              		.loc 1 117 0
 379 003a BDE8F081 		pop	{r4, r5, r6, r7, r8, pc}
 380              	.LVL60:
ARM GAS  C:\Users\elias\AppData\Local\Temp\ccdBgeft.s 			page 10


 381              	.L45:
 382 003e 00BF     		.align	2
 383              	.L44:
 384 0040 FF340C00 		.word	799999
 385              		.cfi_endproc
 386              	.LFE64:
 387              		.size	recBytes, .-recBytes
 388              		.section	.text.envBytes,"ax",%progbits
 389              		.align	2
 390              		.global	envBytes
 391              		.thumb
 392              		.thumb_func
 393              		.type	envBytes, %function
 394              	envBytes:
 395              	.LFB65:
 118:er.c          **** 
 119:er.c          **** /*
 120:er.c          **** Función que envía exactamente una cantidad dada de bytes.
 121:er.c          **** Sale de la función cuando envía todos los bytes. 
 122:er.c          **** Parámetros:
 123:er.c          ****     buf -> donde se guardan los bytes
 124:er.c          ****     tam -> cantidad de bytes a enviar
 125:er.c          ****     pc  -> función que envía un byte. Función PutChar del PSoC.
 126:er.c          **** Retorno:
 127:er.c          **** Ninguno.
 128:er.c          **** */
 129:er.c          **** void envBytes (uint8_t *buf, uint16_t tam, void (*pc)(uint8_t)) {
 396              		.loc 1 129 0
 397              		.cfi_startproc
 398              		@ args = 0, pretend = 0, frame = 0
 399              		@ frame_needed = 0, uses_anonymous_args = 0
 400              	.LVL61:
 401 0000 70B5     		push	{r4, r5, r6, lr}
 402              		.cfi_def_cfa_offset 16
 403              		.cfi_offset 4, -16
 404              		.cfi_offset 5, -12
 405              		.cfi_offset 6, -8
 406              		.cfi_offset 14, -4
 407 0002 0546     		mov	r5, r0
 408 0004 1646     		mov	r6, r2
 130:er.c          ****     
 131:er.c          **** 	for (; tam--; buf++) {
 409              		.loc 1 131 0
 410 0006 03E0     		b	.L47
 411              	.LVL62:
 412              	.L48:
 132:er.c          ****         pc(*buf);   // enviamos el dato
 413              		.loc 1 132 0 discriminator 2
 414 0008 15F8010B 		ldrb	r0, [r5], #1	@ zero_extendqisi2
 415              	.LVL63:
 416 000c B047     		blx	r6
 417              	.LVL64:
 131:er.c          ****         pc(*buf);   // enviamos el dato
 418              		.loc 1 131 0 discriminator 2
 419 000e 2146     		mov	r1, r4
 420              	.LVL65:
 421              	.L47:
ARM GAS  C:\Users\elias\AppData\Local\Temp\ccdBgeft.s 			page 11


 131:er.c          ****         pc(*buf);   // enviamos el dato
 422              		.loc 1 131 0 is_stmt 0 discriminator 1
 423 0010 4B1E     		subs	r3, r1, #1
 424 0012 9CB2     		uxth	r4, r3
 425              	.LVL66:
 426 0014 0029     		cmp	r1, #0
 427 0016 F7D1     		bne	.L48
 133:er.c          ****     }
 134:er.c          **** }
 428              		.loc 1 134 0 is_stmt 1
 429 0018 70BD     		pop	{r4, r5, r6, pc}
 430              		.cfi_endproc
 431              	.LFE65:
 432              		.size	envBytes, .-envBytes
 433 001a 00BF     		.section	.text.envBytesChecksum,"ax",%progbits
 434              		.align	2
 435              		.global	envBytesChecksum
 436              		.thumb
 437              		.thumb_func
 438              		.type	envBytesChecksum, %function
 439              	envBytesChecksum:
 440              	.LFB66:
 135:er.c          **** 
 136:er.c          **** /*
 137:er.c          **** Función que envía exactamente una cantidad dada de bytes.
 138:er.c          **** Los primeros dos bytes contienen la cantidad de bytes a enviar
 139:er.c          **** en un valor de 16 bits, el primer byte es el valor menos significativo.
 140:er.c          **** Al final de la transmisión se envía un byte que corresponde al checksum,
 141:er.c          **** que se forma sumando todos los bytes transmitidos, incluidos los de 
 142:er.c          **** cantidad.
 143:er.c          **** Los valores se envían tal como están en memoria. Es decir, para el 
 144:er.c          **** ARM Cortex M3 sería little endian
 145:er.c          **** Parámetros:
 146:er.c          ****     buf -> donde se guardan los bytes a enviar
 147:er.c          ****     tam -> cantidad de bytes a enviar
 148:er.c          ****     pc  -> función que envía un byte. Función PutChar del PSoC.
 149:er.c          **** Retorno:
 150:er.c          **** Ninguno.
 151:er.c          **** */
 152:er.c          **** void envBytesChecksum (uint8_t *buf, uint16_t tam, void (*pc)(uint8_t)) {
 441              		.loc 1 152 0
 442              		.cfi_startproc
 443              		@ args = 0, pretend = 0, frame = 0
 444              		@ frame_needed = 0, uses_anonymous_args = 0
 445              	.LVL67:
 446 0000 2DE9F041 		push	{r4, r5, r6, r7, r8, lr}
 447              		.cfi_def_cfa_offset 24
 448              		.cfi_offset 4, -24
 449              		.cfi_offset 5, -20
 450              		.cfi_offset 6, -16
 451              		.cfi_offset 7, -12
 452              		.cfi_offset 8, -8
 453              		.cfi_offset 14, -4
 454 0004 0646     		mov	r6, r0
 455 0006 8846     		mov	r8, r1
 456 0008 1746     		mov	r7, r2
 457              	.LVL68:
ARM GAS  C:\Users\elias\AppData\Local\Temp\ccdBgeft.s 			page 12


 153:er.c          ****     uint8_t cs = 0, tmp;
 154:er.c          ****     
 155:er.c          ****     // enviamos la cantidad
 156:er.c          ****     tmp = tam & 0xFFu;
 458              		.loc 1 156 0
 459 000a CCB2     		uxtb	r4, r1
 460              	.LVL69:
 157:er.c          ****     cs = tmp;
 158:er.c          ****     pc (tmp);
 461              		.loc 1 158 0
 462 000c 2046     		mov	r0, r4
 463              	.LVL70:
 464 000e 9047     		blx	r2
 465              	.LVL71:
 159:er.c          **** 
 160:er.c          ****     tmp = (tam >> 8) & 0xFFu;
 466              		.loc 1 160 0
 467 0010 4FEA1820 		lsr	r0, r8, #8
 468              	.LVL72:
 161:er.c          ****     cs += tmp;
 469              		.loc 1 161 0
 470 0014 0444     		add	r4, r4, r0
 471              	.LVL73:
 472 0016 E4B2     		uxtb	r4, r4
 473              	.LVL74:
 162:er.c          ****     pc (tmp);
 474              		.loc 1 162 0
 475 0018 B847     		blx	r7
 476              	.LVL75:
 163:er.c          ****     
 164:er.c          ****     // enviamos los datos
 165:er.c          **** 	for (; tam--; buf++) {
 477              		.loc 1 165 0
 478 001a 05E0     		b	.L51
 479              	.LVL76:
 480              	.L52:
 166:er.c          ****         cs += *buf;
 481              		.loc 1 166 0 discriminator 2
 482 001c 16F8010B 		ldrb	r0, [r6], #1	@ zero_extendqisi2
 483              	.LVL77:
 484 0020 0444     		add	r4, r4, r0
 485              	.LVL78:
 486 0022 E4B2     		uxtb	r4, r4
 487              	.LVL79:
 167:er.c          ****         pc(*buf);   // enviamos el dato
 488              		.loc 1 167 0 discriminator 2
 489 0024 B847     		blx	r7
 490              	.LVL80:
 165:er.c          ****         cs += *buf;
 491              		.loc 1 165 0 discriminator 2
 492 0026 A846     		mov	r8, r5
 493              	.LVL81:
 494              	.L51:
 165:er.c          ****         cs += *buf;
 495              		.loc 1 165 0 is_stmt 0 discriminator 1
 496 0028 08F1FF33 		add	r3, r8, #-1
 497 002c 9DB2     		uxth	r5, r3
ARM GAS  C:\Users\elias\AppData\Local\Temp\ccdBgeft.s 			page 13


 498              	.LVL82:
 499 002e B8F1000F 		cmp	r8, #0
 500 0032 F3D1     		bne	.L52
 168:er.c          ****     }
 169:er.c          ****     
 170:er.c          ****     // enviamos el checksum
 171:er.c          ****     pc(cs);
 501              		.loc 1 171 0 is_stmt 1
 502 0034 2046     		mov	r0, r4
 503 0036 B847     		blx	r7
 504              	.LVL83:
 505 0038 BDE8F081 		pop	{r4, r5, r6, r7, r8, pc}
 506              		.cfi_endproc
 507              	.LFE66:
 508              		.size	envBytesChecksum, .-envBytesChecksum
 509              		.section	.text.calculaCompCheckSum,"ax",%progbits
 510              		.align	2
 511              		.global	calculaCompCheckSum
 512              		.thumb
 513              		.thumb_func
 514              		.type	calculaCompCheckSum, %function
 515              	calculaCompCheckSum:
 516              	.LFB67:
 172:er.c          **** }
 173:er.c          **** /*
 174:er.c          **** Función que calcula y verifica el checksum. Se supone que el último
 175:er.c          **** byte es el checksum recibido y este no se suma.
 176:er.c          **** Parámetros:
 177:er.c          ****     v -> vector con los bytes recibidos
 178:er.c          ****     tam -> cantidad de bytes recibidos. Incluido el checksum recibido, el último byte
 179:er.c          **** Retorno:
 180:er.c          **** 0 -> verificación correcta
 181:er.c          **** 1 -> error en el checksum
 182:er.c          **** */
 183:er.c          **** uint8_t calculaCompCheckSum (uint8_t *v, uint16_t tam) {
 517              		.loc 1 183 0
 518              		.cfi_startproc
 519              		@ args = 0, pretend = 0, frame = 0
 520              		@ frame_needed = 0, uses_anonymous_args = 0
 521              		@ link register save eliminated.
 522              	.LVL84:
 184:er.c          ****     uint8_t cs;
 185:er.c          **** 
 186:er.c          ****     for (cs = 0; --tam; v++) {
 523              		.loc 1 186 0
 524 0000 0023     		movs	r3, #0
 525 0002 03E0     		b	.L55
 526              	.LVL85:
 527              	.L56:
 187:er.c          ****         cs += *v;
 528              		.loc 1 187 0 discriminator 3
 529 0004 10F8012B 		ldrb	r2, [r0], #1	@ zero_extendqisi2
 530              	.LVL86:
 531 0008 1344     		add	r3, r3, r2
 532              	.LVL87:
 533 000a DBB2     		uxtb	r3, r3
 534              	.LVL88:
ARM GAS  C:\Users\elias\AppData\Local\Temp\ccdBgeft.s 			page 14


 535              	.L55:
 186:er.c          ****         cs += *v;
 536              		.loc 1 186 0 discriminator 1
 537 000c 0139     		subs	r1, r1, #1
 538              	.LVL89:
 539 000e 89B2     		uxth	r1, r1
 540              	.LVL90:
 541 0010 0029     		cmp	r1, #0
 542 0012 F7D1     		bne	.L56
 188:er.c          ****     }
 189:er.c          **** 
 190:er.c          ****     if (cs == *v)
 543              		.loc 1 190 0
 544 0014 0278     		ldrb	r2, [r0]	@ zero_extendqisi2
 545 0016 9342     		cmp	r3, r2
 546 0018 01D1     		bne	.L58
 191:er.c          ****         return 0;
 547              		.loc 1 191 0
 548 001a 0020     		movs	r0, #0
 549              	.LVL91:
 550 001c 7047     		bx	lr
 551              	.LVL92:
 552              	.L58:
 192:er.c          ****     else
 193:er.c          ****         return 1;
 553              		.loc 1 193 0
 554 001e 0120     		movs	r0, #1
 555              	.LVL93:
 194:er.c          **** }
 556              		.loc 1 194 0
 557 0020 7047     		bx	lr
 558              		.cfi_endproc
 559              	.LFE67:
 560              		.size	calculaCompCheckSum, .-calculaCompCheckSum
 561 0022 00BF     		.section	.text.calculaCheckSum,"ax",%progbits
 562              		.align	2
 563              		.global	calculaCheckSum
 564              		.thumb
 565              		.thumb_func
 566              		.type	calculaCheckSum, %function
 567              	calculaCheckSum:
 568              	.LFB68:
 195:er.c          **** 
 196:er.c          **** /*
 197:er.c          **** Función que calcula el checksum de un vector según se define en esta aplicación.
 198:er.c          **** Parámetros:
 199:er.c          ****     v -> vector con los bytes 
 200:er.c          ****     tam -> cantidad de bytes. 
 201:er.c          **** Retorno:
 202:er.c          **** El checksum calculado
 203:er.c          **** */
 204:er.c          **** uint8_t calculaCheckSum (uint8_t *v, uint16_t tam) {
 569              		.loc 1 204 0
 570              		.cfi_startproc
 571              		@ args = 0, pretend = 0, frame = 0
 572              		@ frame_needed = 0, uses_anonymous_args = 0
 573              		@ link register save eliminated.
ARM GAS  C:\Users\elias\AppData\Local\Temp\ccdBgeft.s 			page 15


 574              	.LVL94:
 205:er.c          ****     uint8_t cs;
 206:er.c          **** 
 207:er.c          ****     for (cs = 0; tam--; v++) {
 575              		.loc 1 207 0
 576 0000 0022     		movs	r2, #0
 577 0002 04E0     		b	.L60
 578              	.LVL95:
 579              	.L61:
 208:er.c          ****         cs += *v;
 580              		.loc 1 208 0 discriminator 3
 581 0004 10F8011B 		ldrb	r1, [r0], #1	@ zero_extendqisi2
 582              	.LVL96:
 583 0008 0A44     		add	r2, r2, r1
 584              	.LVL97:
 585 000a D2B2     		uxtb	r2, r2
 586              	.LVL98:
 207:er.c          ****         cs += *v;
 587              		.loc 1 207 0 discriminator 3
 588 000c 1946     		mov	r1, r3
 589              	.LVL99:
 590              	.L60:
 207:er.c          ****         cs += *v;
 591              		.loc 1 207 0 is_stmt 0 discriminator 1
 592 000e 4B1E     		subs	r3, r1, #1
 593 0010 9BB2     		uxth	r3, r3
 594              	.LVL100:
 595 0012 0029     		cmp	r1, #0
 596 0014 F6D1     		bne	.L61
 209:er.c          ****     }
 210:er.c          **** 
 211:er.c          ****     return cs;
 212:er.c          **** }
 597              		.loc 1 212 0 is_stmt 1
 598 0016 1046     		mov	r0, r2
 599              	.LVL101:
 600 0018 7047     		bx	lr
 601              		.cfi_endproc
 602              	.LFE68:
 603              		.size	calculaCheckSum, .-calculaCheckSum
 604 001a 00BF     		.text
 605              	.Letext0:
 606              		.file 2 "c:\\program files (x86)\\cypress\\psoc creator\\4.4\\psoc creator\\import\\gnu\\arm\\5.4.
 607              		.file 3 "c:\\program files (x86)\\cypress\\psoc creator\\4.4\\psoc creator\\import\\gnu\\arm\\5.4.
 608              		.file 4 "Generated_Source\\PSoC5/core_cm3.h"
 609              		.section	.debug_info,"",%progbits
 610              	.Ldebug_info0:
 611 0000 96030000 		.4byte	0x396
 612 0004 0400     		.2byte	0x4
 613 0006 00000000 		.4byte	.Ldebug_abbrev0
 614 000a 04       		.byte	0x4
 615 000b 01       		.uleb128 0x1
 616 000c AB000000 		.4byte	.LASF32
 617 0010 0C       		.byte	0xc
 618 0011 9C010000 		.4byte	.LASF33
 619 0015 12000000 		.4byte	.LASF34
 620 0019 00000000 		.4byte	.Ldebug_ranges0+0
ARM GAS  C:\Users\elias\AppData\Local\Temp\ccdBgeft.s 			page 16


 621 001d 00000000 		.4byte	0
 622 0021 00000000 		.4byte	.Ldebug_line0
 623 0025 02       		.uleb128 0x2
 624 0026 01       		.byte	0x1
 625 0027 06       		.byte	0x6
 626 0028 30020000 		.4byte	.LASF0
 627 002c 03       		.uleb128 0x3
 628 002d 00000000 		.4byte	.LASF3
 629 0031 02       		.byte	0x2
 630 0032 1D       		.byte	0x1d
 631 0033 37000000 		.4byte	0x37
 632 0037 02       		.uleb128 0x2
 633 0038 01       		.byte	0x1
 634 0039 08       		.byte	0x8
 635 003a 9D000000 		.4byte	.LASF1
 636 003e 02       		.uleb128 0x2
 637 003f 02       		.byte	0x2
 638 0040 05       		.byte	0x5
 639 0041 FD010000 		.4byte	.LASF2
 640 0045 03       		.uleb128 0x3
 641 0046 8A010000 		.4byte	.LASF4
 642 004a 02       		.byte	0x2
 643 004b 2B       		.byte	0x2b
 644 004c 50000000 		.4byte	0x50
 645 0050 02       		.uleb128 0x2
 646 0051 02       		.byte	0x2
 647 0052 07       		.byte	0x7
 648 0053 56010000 		.4byte	.LASF5
 649 0057 03       		.uleb128 0x3
 650 0058 54000000 		.4byte	.LASF6
 651 005c 02       		.byte	0x2
 652 005d 3F       		.byte	0x3f
 653 005e 62000000 		.4byte	0x62
 654 0062 02       		.uleb128 0x2
 655 0063 04       		.byte	0x4
 656 0064 05       		.byte	0x5
 657 0065 22020000 		.4byte	.LASF7
 658 0069 03       		.uleb128 0x3
 659 006a 39010000 		.4byte	.LASF8
 660 006e 02       		.byte	0x2
 661 006f 41       		.byte	0x41
 662 0070 74000000 		.4byte	0x74
 663 0074 02       		.uleb128 0x2
 664 0075 04       		.byte	0x4
 665 0076 07       		.byte	0x7
 666 0077 44010000 		.4byte	.LASF9
 667 007b 02       		.uleb128 0x2
 668 007c 08       		.byte	0x8
 669 007d 05       		.byte	0x5
 670 007e EA010000 		.4byte	.LASF10
 671 0082 02       		.uleb128 0x2
 672 0083 08       		.byte	0x8
 673 0084 07       		.byte	0x7
 674 0085 AE010000 		.4byte	.LASF11
 675 0089 04       		.uleb128 0x4
 676 008a 04       		.byte	0x4
 677 008b 05       		.byte	0x5
ARM GAS  C:\Users\elias\AppData\Local\Temp\ccdBgeft.s 			page 17


 678 008c 696E7400 		.ascii	"int\000"
 679 0090 02       		.uleb128 0x2
 680 0091 04       		.byte	0x4
 681 0092 07       		.byte	0x7
 682 0093 A1010000 		.4byte	.LASF12
 683 0097 03       		.uleb128 0x3
 684 0098 C5010000 		.4byte	.LASF13
 685 009c 03       		.byte	0x3
 686 009d 18       		.byte	0x18
 687 009e 2C000000 		.4byte	0x2c
 688 00a2 03       		.uleb128 0x3
 689 00a3 07020000 		.4byte	.LASF14
 690 00a7 03       		.byte	0x3
 691 00a8 24       		.byte	0x24
 692 00a9 45000000 		.4byte	0x45
 693 00ad 03       		.uleb128 0x3
 694 00ae 8F000000 		.4byte	.LASF15
 695 00b2 03       		.byte	0x3
 696 00b3 2C       		.byte	0x2c
 697 00b4 57000000 		.4byte	0x57
 698 00b8 03       		.uleb128 0x3
 699 00b9 19020000 		.4byte	.LASF16
 700 00bd 03       		.byte	0x3
 701 00be 30       		.byte	0x30
 702 00bf 69000000 		.4byte	0x69
 703 00c3 02       		.uleb128 0x2
 704 00c4 04       		.byte	0x4
 705 00c5 04       		.byte	0x4
 706 00c6 97000000 		.4byte	.LASF17
 707 00ca 02       		.uleb128 0x2
 708 00cb 08       		.byte	0x8
 709 00cc 04       		.byte	0x4
 710 00cd 95010000 		.4byte	.LASF18
 711 00d1 02       		.uleb128 0x2
 712 00d2 01       		.byte	0x1
 713 00d3 08       		.byte	0x8
 714 00d4 F8010000 		.4byte	.LASF19
 715 00d8 02       		.uleb128 0x2
 716 00d9 08       		.byte	0x8
 717 00da 04       		.byte	0x4
 718 00db D5010000 		.4byte	.LASF20
 719 00df 02       		.uleb128 0x2
 720 00e0 04       		.byte	0x4
 721 00e1 07       		.byte	0x7
 722 00e2 E1010000 		.4byte	.LASF21
 723 00e6 05       		.uleb128 0x5
 724 00e7 3C020000 		.4byte	.LASF26
 725 00eb 01       		.byte	0x1
 726 00ec 2E       		.byte	0x2e
 727 00ed 97000000 		.4byte	0x97
 728 00f1 00000000 		.4byte	.LFB63
 729 00f5 14010000 		.4byte	.LFE63-.LFB63
 730 00f9 01       		.uleb128 0x1
 731 00fa 9C       		.byte	0x9c
 732 00fb 94010000 		.4byte	0x194
 733 00ff 06       		.uleb128 0x6
 734 0100 62756600 		.ascii	"buf\000"
ARM GAS  C:\Users\elias\AppData\Local\Temp\ccdBgeft.s 			page 18


 735 0104 01       		.byte	0x1
 736 0105 2E       		.byte	0x2e
 737 0106 94010000 		.4byte	0x194
 738 010a 00000000 		.4byte	.LLST0
 739 010e 06       		.uleb128 0x6
 740 010f 74616D00 		.ascii	"tam\000"
 741 0113 01       		.byte	0x1
 742 0114 2E       		.byte	0x2e
 743 0115 A2000000 		.4byte	0xa2
 744 0119 41000000 		.4byte	.LLST1
 745 011d 07       		.uleb128 0x7
 746 011e CD010000 		.4byte	.LASF22
 747 0122 01       		.byte	0x1
 748 0123 2E       		.byte	0x2e
 749 0124 A5010000 		.4byte	0x1a5
 750 0128 62000000 		.4byte	.LLST2
 751 012c 06       		.uleb128 0x6
 752 012d 676300   		.ascii	"gc\000"
 753 0130 01       		.byte	0x1
 754 0131 2E       		.byte	0x2e
 755 0132 B0010000 		.4byte	0x1b0
 756 0136 8E000000 		.4byte	.LLST3
 757 013a 08       		.uleb128 0x8
 758 013b 2B020000 		.4byte	.LASF23
 759 013f 01       		.byte	0x1
 760 0140 2F       		.byte	0x2f
 761 0141 B8000000 		.4byte	0xb8
 762 0145 BA000000 		.4byte	.LLST4
 763 0149 08       		.uleb128 0x8
 764 014a 5E000000 		.4byte	.LASF24
 765 014e 01       		.byte	0x1
 766 014f 30       		.byte	0x30
 767 0150 A2000000 		.4byte	0xa2
 768 0154 07010000 		.4byte	.LLST5
 769 0158 08       		.uleb128 0x8
 770 0159 0A000000 		.4byte	.LASF25
 771 015d 01       		.byte	0x1
 772 015e 30       		.byte	0x30
 773 015f A2000000 		.4byte	0xa2
 774 0163 5D010000 		.4byte	.LLST6
 775 0167 09       		.uleb128 0x9
 776 0168 72657400 		.ascii	"ret\000"
 777 016c 01       		.byte	0x1
 778 016d 31       		.byte	0x31
 779 016e 97000000 		.4byte	0x97
 780 0172 E0010000 		.4byte	.LLST7
 781 0176 09       		.uleb128 0x9
 782 0177 746D7000 		.ascii	"tmp\000"
 783 017b 01       		.byte	0x1
 784 017c 31       		.byte	0x31
 785 017d 97000000 		.4byte	0x97
 786 0181 18020000 		.4byte	.LLST8
 787 0185 09       		.uleb128 0x9
 788 0186 637300   		.ascii	"cs\000"
 789 0189 01       		.byte	0x1
 790 018a 31       		.byte	0x31
 791 018b 97000000 		.4byte	0x97
ARM GAS  C:\Users\elias\AppData\Local\Temp\ccdBgeft.s 			page 19


 792 018f 62020000 		.4byte	.LLST9
 793 0193 00       		.byte	0
 794 0194 0A       		.uleb128 0xa
 795 0195 04       		.byte	0x4
 796 0196 97000000 		.4byte	0x97
 797 019a 0B       		.uleb128 0xb
 798 019b 97000000 		.4byte	0x97
 799 019f A5010000 		.4byte	0x1a5
 800 01a3 0C       		.uleb128 0xc
 801 01a4 00       		.byte	0
 802 01a5 0A       		.uleb128 0xa
 803 01a6 04       		.byte	0x4
 804 01a7 9A010000 		.4byte	0x19a
 805 01ab 0D       		.uleb128 0xd
 806 01ac 97000000 		.4byte	0x97
 807 01b0 0A       		.uleb128 0xa
 808 01b1 04       		.byte	0x4
 809 01b2 AB010000 		.4byte	0x1ab
 810 01b6 05       		.uleb128 0x5
 811 01b7 65000000 		.4byte	.LASF27
 812 01bb 01       		.byte	0x1
 813 01bc 6C       		.byte	0x6c
 814 01bd 97000000 		.4byte	0x97
 815 01c1 00000000 		.4byte	.LFB64
 816 01c5 44000000 		.4byte	.LFE64-.LFB64
 817 01c9 01       		.uleb128 0x1
 818 01ca 9C       		.byte	0x9c
 819 01cb 1A020000 		.4byte	0x21a
 820 01cf 06       		.uleb128 0x6
 821 01d0 62756600 		.ascii	"buf\000"
 822 01d4 01       		.byte	0x1
 823 01d5 6C       		.byte	0x6c
 824 01d6 94010000 		.4byte	0x194
 825 01da A1020000 		.4byte	.LLST10
 826 01de 06       		.uleb128 0x6
 827 01df 74616D00 		.ascii	"tam\000"
 828 01e3 01       		.byte	0x1
 829 01e4 6C       		.byte	0x6c
 830 01e5 A2000000 		.4byte	0xa2
 831 01e9 BF020000 		.4byte	.LLST11
 832 01ed 07       		.uleb128 0x7
 833 01ee CD010000 		.4byte	.LASF22
 834 01f2 01       		.byte	0x1
 835 01f3 6C       		.byte	0x6c
 836 01f4 A5010000 		.4byte	0x1a5
 837 01f8 F3020000 		.4byte	.LLST12
 838 01fc 06       		.uleb128 0x6
 839 01fd 676300   		.ascii	"gc\000"
 840 0200 01       		.byte	0x1
 841 0201 6C       		.byte	0x6c
 842 0202 B0010000 		.4byte	0x1b0
 843 0206 1F030000 		.4byte	.LLST13
 844 020a 08       		.uleb128 0x8
 845 020b 2B020000 		.4byte	.LASF23
 846 020f 01       		.byte	0x1
 847 0210 6D       		.byte	0x6d
 848 0211 B8000000 		.4byte	0xb8
ARM GAS  C:\Users\elias\AppData\Local\Temp\ccdBgeft.s 			page 20


 849 0215 4B030000 		.4byte	.LLST14
 850 0219 00       		.byte	0
 851 021a 0E       		.uleb128 0xe
 852 021b 10020000 		.4byte	.LASF28
 853 021f 01       		.byte	0x1
 854 0220 81       		.byte	0x81
 855 0221 00000000 		.4byte	.LFB65
 856 0225 1A000000 		.4byte	.LFE65-.LFB65
 857 0229 01       		.uleb128 0x1
 858 022a 9C       		.byte	0x9c
 859 022b 5C020000 		.4byte	0x25c
 860 022f 06       		.uleb128 0x6
 861 0230 62756600 		.ascii	"buf\000"
 862 0234 01       		.byte	0x1
 863 0235 81       		.byte	0x81
 864 0236 94010000 		.4byte	0x194
 865 023a 80030000 		.4byte	.LLST15
 866 023e 06       		.uleb128 0x6
 867 023f 74616D00 		.ascii	"tam\000"
 868 0243 01       		.byte	0x1
 869 0244 81       		.byte	0x81
 870 0245 A2000000 		.4byte	0xa2
 871 0249 B6030000 		.4byte	.LLST16
 872 024d 06       		.uleb128 0x6
 873 024e 706300   		.ascii	"pc\000"
 874 0251 01       		.byte	0x1
 875 0252 81       		.byte	0x81
 876 0253 67020000 		.4byte	0x267
 877 0257 EA030000 		.4byte	.LLST17
 878 025b 00       		.byte	0
 879 025c 0F       		.uleb128 0xf
 880 025d 67020000 		.4byte	0x267
 881 0261 10       		.uleb128 0x10
 882 0262 97000000 		.4byte	0x97
 883 0266 00       		.byte	0
 884 0267 0A       		.uleb128 0xa
 885 0268 04       		.byte	0x4
 886 0269 5C020000 		.4byte	0x25c
 887 026d 0E       		.uleb128 0xe
 888 026e 6E000000 		.4byte	.LASF29
 889 0272 01       		.byte	0x1
 890 0273 98       		.byte	0x98
 891 0274 00000000 		.4byte	.LFB66
 892 0278 3C000000 		.4byte	.LFE66-.LFB66
 893 027c 01       		.uleb128 0x1
 894 027d 9C       		.byte	0x9c
 895 027e 00030000 		.4byte	0x300
 896 0282 06       		.uleb128 0x6
 897 0283 62756600 		.ascii	"buf\000"
 898 0287 01       		.byte	0x1
 899 0288 98       		.byte	0x98
 900 0289 94010000 		.4byte	0x194
 901 028d 08040000 		.4byte	.LLST18
 902 0291 06       		.uleb128 0x6
 903 0292 74616D00 		.ascii	"tam\000"
 904 0296 01       		.byte	0x1
 905 0297 98       		.byte	0x98
ARM GAS  C:\Users\elias\AppData\Local\Temp\ccdBgeft.s 			page 21


 906 0298 A2000000 		.4byte	0xa2
 907 029c 3E040000 		.4byte	.LLST19
 908 02a0 06       		.uleb128 0x6
 909 02a1 706300   		.ascii	"pc\000"
 910 02a4 01       		.byte	0x1
 911 02a5 98       		.byte	0x98
 912 02a6 67020000 		.4byte	0x267
 913 02aa 80040000 		.4byte	.LLST20
 914 02ae 09       		.uleb128 0x9
 915 02af 637300   		.ascii	"cs\000"
 916 02b2 01       		.byte	0x1
 917 02b3 99       		.byte	0x99
 918 02b4 97000000 		.4byte	0x97
 919 02b8 9E040000 		.4byte	.LLST21
 920 02bc 09       		.uleb128 0x9
 921 02bd 746D7000 		.ascii	"tmp\000"
 922 02c1 01       		.byte	0x1
 923 02c2 99       		.byte	0x99
 924 02c3 97000000 		.4byte	0x97
 925 02c7 E1040000 		.4byte	.LLST22
 926 02cb 11       		.uleb128 0x11
 927 02cc 10000000 		.4byte	.LVL71
 928 02d0 02       		.uleb128 0x2
 929 02d1 77       		.byte	0x77
 930 02d2 00       		.sleb128 0
 931 02d3 DE020000 		.4byte	0x2de
 932 02d7 12       		.uleb128 0x12
 933 02d8 01       		.uleb128 0x1
 934 02d9 50       		.byte	0x50
 935 02da 02       		.uleb128 0x2
 936 02db 74       		.byte	0x74
 937 02dc 00       		.sleb128 0
 938 02dd 00       		.byte	0
 939 02de 11       		.uleb128 0x11
 940 02df 1A000000 		.4byte	.LVL75
 941 02e3 02       		.uleb128 0x2
 942 02e4 77       		.byte	0x77
 943 02e5 00       		.sleb128 0
 944 02e6 F3020000 		.4byte	0x2f3
 945 02ea 12       		.uleb128 0x12
 946 02eb 01       		.uleb128 0x1
 947 02ec 50       		.byte	0x50
 948 02ed 04       		.uleb128 0x4
 949 02ee 78       		.byte	0x78
 950 02ef 00       		.sleb128 0
 951 02f0 38       		.byte	0x38
 952 02f1 25       		.byte	0x25
 953 02f2 00       		.byte	0
 954 02f3 13       		.uleb128 0x13
 955 02f4 38000000 		.4byte	.LVL83
 956 02f8 12       		.uleb128 0x12
 957 02f9 01       		.uleb128 0x1
 958 02fa 50       		.byte	0x50
 959 02fb 02       		.uleb128 0x2
 960 02fc 74       		.byte	0x74
 961 02fd 00       		.sleb128 0
 962 02fe 00       		.byte	0
ARM GAS  C:\Users\elias\AppData\Local\Temp\ccdBgeft.s 			page 22


 963 02ff 00       		.byte	0
 964 0300 14       		.uleb128 0x14
 965 0301 76010000 		.4byte	.LASF30
 966 0305 01       		.byte	0x1
 967 0306 B7       		.byte	0xb7
 968 0307 97000000 		.4byte	0x97
 969 030b 00000000 		.4byte	.LFB67
 970 030f 22000000 		.4byte	.LFE67-.LFB67
 971 0313 01       		.uleb128 0x1
 972 0314 9C       		.byte	0x9c
 973 0315 44030000 		.4byte	0x344
 974 0319 06       		.uleb128 0x6
 975 031a 7600     		.ascii	"v\000"
 976 031c 01       		.byte	0x1
 977 031d B7       		.byte	0xb7
 978 031e 94010000 		.4byte	0x194
 979 0322 0E050000 		.4byte	.LLST23
 980 0326 06       		.uleb128 0x6
 981 0327 74616D00 		.ascii	"tam\000"
 982 032b 01       		.byte	0x1
 983 032c B7       		.byte	0xb7
 984 032d A2000000 		.4byte	0xa2
 985 0331 44050000 		.4byte	.LLST24
 986 0335 09       		.uleb128 0x9
 987 0336 637300   		.ascii	"cs\000"
 988 0339 01       		.byte	0x1
 989 033a B8       		.byte	0xb8
 990 033b 97000000 		.4byte	0x97
 991 033f 62050000 		.4byte	.LLST25
 992 0343 00       		.byte	0
 993 0344 14       		.uleb128 0x14
 994 0345 7F000000 		.4byte	.LASF31
 995 0349 01       		.byte	0x1
 996 034a CC       		.byte	0xcc
 997 034b 97000000 		.4byte	0x97
 998 034f 00000000 		.4byte	.LFB68
 999 0353 1A000000 		.4byte	.LFE68-.LFB68
 1000 0357 01       		.uleb128 0x1
 1001 0358 9C       		.byte	0x9c
 1002 0359 88030000 		.4byte	0x388
 1003 035d 06       		.uleb128 0x6
 1004 035e 7600     		.ascii	"v\000"
 1005 0360 01       		.byte	0x1
 1006 0361 CC       		.byte	0xcc
 1007 0362 94010000 		.4byte	0x194
 1008 0366 8C050000 		.4byte	.LLST26
 1009 036a 06       		.uleb128 0x6
 1010 036b 74616D00 		.ascii	"tam\000"
 1011 036f 01       		.byte	0x1
 1012 0370 CC       		.byte	0xcc
 1013 0371 A2000000 		.4byte	0xa2
 1014 0375 B7050000 		.4byte	.LLST27
 1015 0379 09       		.uleb128 0x9
 1016 037a 637300   		.ascii	"cs\000"
 1017 037d 01       		.byte	0x1
 1018 037e CD       		.byte	0xcd
 1019 037f 97000000 		.4byte	0x97
ARM GAS  C:\Users\elias\AppData\Local\Temp\ccdBgeft.s 			page 23


 1020 0383 EB050000 		.4byte	.LLST28
 1021 0387 00       		.byte	0
 1022 0388 15       		.uleb128 0x15
 1023 0389 69010000 		.4byte	.LASF35
 1024 038d 04       		.byte	0x4
 1025 038e 1207     		.2byte	0x712
 1026 0390 94030000 		.4byte	0x394
 1027 0394 16       		.uleb128 0x16
 1028 0395 AD000000 		.4byte	0xad
 1029 0399 00       		.byte	0
 1030              		.section	.debug_abbrev,"",%progbits
 1031              	.Ldebug_abbrev0:
 1032 0000 01       		.uleb128 0x1
 1033 0001 11       		.uleb128 0x11
 1034 0002 01       		.byte	0x1
 1035 0003 25       		.uleb128 0x25
 1036 0004 0E       		.uleb128 0xe
 1037 0005 13       		.uleb128 0x13
 1038 0006 0B       		.uleb128 0xb
 1039 0007 03       		.uleb128 0x3
 1040 0008 0E       		.uleb128 0xe
 1041 0009 1B       		.uleb128 0x1b
 1042 000a 0E       		.uleb128 0xe
 1043 000b 55       		.uleb128 0x55
 1044 000c 17       		.uleb128 0x17
 1045 000d 11       		.uleb128 0x11
 1046 000e 01       		.uleb128 0x1
 1047 000f 10       		.uleb128 0x10
 1048 0010 17       		.uleb128 0x17
 1049 0011 00       		.byte	0
 1050 0012 00       		.byte	0
 1051 0013 02       		.uleb128 0x2
 1052 0014 24       		.uleb128 0x24
 1053 0015 00       		.byte	0
 1054 0016 0B       		.uleb128 0xb
 1055 0017 0B       		.uleb128 0xb
 1056 0018 3E       		.uleb128 0x3e
 1057 0019 0B       		.uleb128 0xb
 1058 001a 03       		.uleb128 0x3
 1059 001b 0E       		.uleb128 0xe
 1060 001c 00       		.byte	0
 1061 001d 00       		.byte	0
 1062 001e 03       		.uleb128 0x3
 1063 001f 16       		.uleb128 0x16
 1064 0020 00       		.byte	0
 1065 0021 03       		.uleb128 0x3
 1066 0022 0E       		.uleb128 0xe
 1067 0023 3A       		.uleb128 0x3a
 1068 0024 0B       		.uleb128 0xb
 1069 0025 3B       		.uleb128 0x3b
 1070 0026 0B       		.uleb128 0xb
 1071 0027 49       		.uleb128 0x49
 1072 0028 13       		.uleb128 0x13
 1073 0029 00       		.byte	0
 1074 002a 00       		.byte	0
 1075 002b 04       		.uleb128 0x4
 1076 002c 24       		.uleb128 0x24
ARM GAS  C:\Users\elias\AppData\Local\Temp\ccdBgeft.s 			page 24


 1077 002d 00       		.byte	0
 1078 002e 0B       		.uleb128 0xb
 1079 002f 0B       		.uleb128 0xb
 1080 0030 3E       		.uleb128 0x3e
 1081 0031 0B       		.uleb128 0xb
 1082 0032 03       		.uleb128 0x3
 1083 0033 08       		.uleb128 0x8
 1084 0034 00       		.byte	0
 1085 0035 00       		.byte	0
 1086 0036 05       		.uleb128 0x5
 1087 0037 2E       		.uleb128 0x2e
 1088 0038 01       		.byte	0x1
 1089 0039 3F       		.uleb128 0x3f
 1090 003a 19       		.uleb128 0x19
 1091 003b 03       		.uleb128 0x3
 1092 003c 0E       		.uleb128 0xe
 1093 003d 3A       		.uleb128 0x3a
 1094 003e 0B       		.uleb128 0xb
 1095 003f 3B       		.uleb128 0x3b
 1096 0040 0B       		.uleb128 0xb
 1097 0041 27       		.uleb128 0x27
 1098 0042 19       		.uleb128 0x19
 1099 0043 49       		.uleb128 0x49
 1100 0044 13       		.uleb128 0x13
 1101 0045 11       		.uleb128 0x11
 1102 0046 01       		.uleb128 0x1
 1103 0047 12       		.uleb128 0x12
 1104 0048 06       		.uleb128 0x6
 1105 0049 40       		.uleb128 0x40
 1106 004a 18       		.uleb128 0x18
 1107 004b 9642     		.uleb128 0x2116
 1108 004d 19       		.uleb128 0x19
 1109 004e 01       		.uleb128 0x1
 1110 004f 13       		.uleb128 0x13
 1111 0050 00       		.byte	0
 1112 0051 00       		.byte	0
 1113 0052 06       		.uleb128 0x6
 1114 0053 05       		.uleb128 0x5
 1115 0054 00       		.byte	0
 1116 0055 03       		.uleb128 0x3
 1117 0056 08       		.uleb128 0x8
 1118 0057 3A       		.uleb128 0x3a
 1119 0058 0B       		.uleb128 0xb
 1120 0059 3B       		.uleb128 0x3b
 1121 005a 0B       		.uleb128 0xb
 1122 005b 49       		.uleb128 0x49
 1123 005c 13       		.uleb128 0x13
 1124 005d 02       		.uleb128 0x2
 1125 005e 17       		.uleb128 0x17
 1126 005f 00       		.byte	0
 1127 0060 00       		.byte	0
 1128 0061 07       		.uleb128 0x7
 1129 0062 05       		.uleb128 0x5
 1130 0063 00       		.byte	0
 1131 0064 03       		.uleb128 0x3
 1132 0065 0E       		.uleb128 0xe
 1133 0066 3A       		.uleb128 0x3a
ARM GAS  C:\Users\elias\AppData\Local\Temp\ccdBgeft.s 			page 25


 1134 0067 0B       		.uleb128 0xb
 1135 0068 3B       		.uleb128 0x3b
 1136 0069 0B       		.uleb128 0xb
 1137 006a 49       		.uleb128 0x49
 1138 006b 13       		.uleb128 0x13
 1139 006c 02       		.uleb128 0x2
 1140 006d 17       		.uleb128 0x17
 1141 006e 00       		.byte	0
 1142 006f 00       		.byte	0
 1143 0070 08       		.uleb128 0x8
 1144 0071 34       		.uleb128 0x34
 1145 0072 00       		.byte	0
 1146 0073 03       		.uleb128 0x3
 1147 0074 0E       		.uleb128 0xe
 1148 0075 3A       		.uleb128 0x3a
 1149 0076 0B       		.uleb128 0xb
 1150 0077 3B       		.uleb128 0x3b
 1151 0078 0B       		.uleb128 0xb
 1152 0079 49       		.uleb128 0x49
 1153 007a 13       		.uleb128 0x13
 1154 007b 02       		.uleb128 0x2
 1155 007c 17       		.uleb128 0x17
 1156 007d 00       		.byte	0
 1157 007e 00       		.byte	0
 1158 007f 09       		.uleb128 0x9
 1159 0080 34       		.uleb128 0x34
 1160 0081 00       		.byte	0
 1161 0082 03       		.uleb128 0x3
 1162 0083 08       		.uleb128 0x8
 1163 0084 3A       		.uleb128 0x3a
 1164 0085 0B       		.uleb128 0xb
 1165 0086 3B       		.uleb128 0x3b
 1166 0087 0B       		.uleb128 0xb
 1167 0088 49       		.uleb128 0x49
 1168 0089 13       		.uleb128 0x13
 1169 008a 02       		.uleb128 0x2
 1170 008b 17       		.uleb128 0x17
 1171 008c 00       		.byte	0
 1172 008d 00       		.byte	0
 1173 008e 0A       		.uleb128 0xa
 1174 008f 0F       		.uleb128 0xf
 1175 0090 00       		.byte	0
 1176 0091 0B       		.uleb128 0xb
 1177 0092 0B       		.uleb128 0xb
 1178 0093 49       		.uleb128 0x49
 1179 0094 13       		.uleb128 0x13
 1180 0095 00       		.byte	0
 1181 0096 00       		.byte	0
 1182 0097 0B       		.uleb128 0xb
 1183 0098 15       		.uleb128 0x15
 1184 0099 01       		.byte	0x1
 1185 009a 49       		.uleb128 0x49
 1186 009b 13       		.uleb128 0x13
 1187 009c 01       		.uleb128 0x1
 1188 009d 13       		.uleb128 0x13
 1189 009e 00       		.byte	0
 1190 009f 00       		.byte	0
ARM GAS  C:\Users\elias\AppData\Local\Temp\ccdBgeft.s 			page 26


 1191 00a0 0C       		.uleb128 0xc
 1192 00a1 18       		.uleb128 0x18
 1193 00a2 00       		.byte	0
 1194 00a3 00       		.byte	0
 1195 00a4 00       		.byte	0
 1196 00a5 0D       		.uleb128 0xd
 1197 00a6 15       		.uleb128 0x15
 1198 00a7 00       		.byte	0
 1199 00a8 27       		.uleb128 0x27
 1200 00a9 19       		.uleb128 0x19
 1201 00aa 49       		.uleb128 0x49
 1202 00ab 13       		.uleb128 0x13
 1203 00ac 00       		.byte	0
 1204 00ad 00       		.byte	0
 1205 00ae 0E       		.uleb128 0xe
 1206 00af 2E       		.uleb128 0x2e
 1207 00b0 01       		.byte	0x1
 1208 00b1 3F       		.uleb128 0x3f
 1209 00b2 19       		.uleb128 0x19
 1210 00b3 03       		.uleb128 0x3
 1211 00b4 0E       		.uleb128 0xe
 1212 00b5 3A       		.uleb128 0x3a
 1213 00b6 0B       		.uleb128 0xb
 1214 00b7 3B       		.uleb128 0x3b
 1215 00b8 0B       		.uleb128 0xb
 1216 00b9 27       		.uleb128 0x27
 1217 00ba 19       		.uleb128 0x19
 1218 00bb 11       		.uleb128 0x11
 1219 00bc 01       		.uleb128 0x1
 1220 00bd 12       		.uleb128 0x12
 1221 00be 06       		.uleb128 0x6
 1222 00bf 40       		.uleb128 0x40
 1223 00c0 18       		.uleb128 0x18
 1224 00c1 9642     		.uleb128 0x2116
 1225 00c3 19       		.uleb128 0x19
 1226 00c4 01       		.uleb128 0x1
 1227 00c5 13       		.uleb128 0x13
 1228 00c6 00       		.byte	0
 1229 00c7 00       		.byte	0
 1230 00c8 0F       		.uleb128 0xf
 1231 00c9 15       		.uleb128 0x15
 1232 00ca 01       		.byte	0x1
 1233 00cb 27       		.uleb128 0x27
 1234 00cc 19       		.uleb128 0x19
 1235 00cd 01       		.uleb128 0x1
 1236 00ce 13       		.uleb128 0x13
 1237 00cf 00       		.byte	0
 1238 00d0 00       		.byte	0
 1239 00d1 10       		.uleb128 0x10
 1240 00d2 05       		.uleb128 0x5
 1241 00d3 00       		.byte	0
 1242 00d4 49       		.uleb128 0x49
 1243 00d5 13       		.uleb128 0x13
 1244 00d6 00       		.byte	0
 1245 00d7 00       		.byte	0
 1246 00d8 11       		.uleb128 0x11
 1247 00d9 898201   		.uleb128 0x4109
ARM GAS  C:\Users\elias\AppData\Local\Temp\ccdBgeft.s 			page 27


 1248 00dc 01       		.byte	0x1
 1249 00dd 11       		.uleb128 0x11
 1250 00de 01       		.uleb128 0x1
 1251 00df 9342     		.uleb128 0x2113
 1252 00e1 18       		.uleb128 0x18
 1253 00e2 01       		.uleb128 0x1
 1254 00e3 13       		.uleb128 0x13
 1255 00e4 00       		.byte	0
 1256 00e5 00       		.byte	0
 1257 00e6 12       		.uleb128 0x12
 1258 00e7 8A8201   		.uleb128 0x410a
 1259 00ea 00       		.byte	0
 1260 00eb 02       		.uleb128 0x2
 1261 00ec 18       		.uleb128 0x18
 1262 00ed 9142     		.uleb128 0x2111
 1263 00ef 18       		.uleb128 0x18
 1264 00f0 00       		.byte	0
 1265 00f1 00       		.byte	0
 1266 00f2 13       		.uleb128 0x13
 1267 00f3 898201   		.uleb128 0x4109
 1268 00f6 01       		.byte	0x1
 1269 00f7 11       		.uleb128 0x11
 1270 00f8 01       		.uleb128 0x1
 1271 00f9 00       		.byte	0
 1272 00fa 00       		.byte	0
 1273 00fb 14       		.uleb128 0x14
 1274 00fc 2E       		.uleb128 0x2e
 1275 00fd 01       		.byte	0x1
 1276 00fe 3F       		.uleb128 0x3f
 1277 00ff 19       		.uleb128 0x19
 1278 0100 03       		.uleb128 0x3
 1279 0101 0E       		.uleb128 0xe
 1280 0102 3A       		.uleb128 0x3a
 1281 0103 0B       		.uleb128 0xb
 1282 0104 3B       		.uleb128 0x3b
 1283 0105 0B       		.uleb128 0xb
 1284 0106 27       		.uleb128 0x27
 1285 0107 19       		.uleb128 0x19
 1286 0108 49       		.uleb128 0x49
 1287 0109 13       		.uleb128 0x13
 1288 010a 11       		.uleb128 0x11
 1289 010b 01       		.uleb128 0x1
 1290 010c 12       		.uleb128 0x12
 1291 010d 06       		.uleb128 0x6
 1292 010e 40       		.uleb128 0x40
 1293 010f 18       		.uleb128 0x18
 1294 0110 9742     		.uleb128 0x2117
 1295 0112 19       		.uleb128 0x19
 1296 0113 01       		.uleb128 0x1
 1297 0114 13       		.uleb128 0x13
 1298 0115 00       		.byte	0
 1299 0116 00       		.byte	0
 1300 0117 15       		.uleb128 0x15
 1301 0118 34       		.uleb128 0x34
 1302 0119 00       		.byte	0
 1303 011a 03       		.uleb128 0x3
 1304 011b 0E       		.uleb128 0xe
ARM GAS  C:\Users\elias\AppData\Local\Temp\ccdBgeft.s 			page 28


 1305 011c 3A       		.uleb128 0x3a
 1306 011d 0B       		.uleb128 0xb
 1307 011e 3B       		.uleb128 0x3b
 1308 011f 05       		.uleb128 0x5
 1309 0120 49       		.uleb128 0x49
 1310 0121 13       		.uleb128 0x13
 1311 0122 3F       		.uleb128 0x3f
 1312 0123 19       		.uleb128 0x19
 1313 0124 3C       		.uleb128 0x3c
 1314 0125 19       		.uleb128 0x19
 1315 0126 00       		.byte	0
 1316 0127 00       		.byte	0
 1317 0128 16       		.uleb128 0x16
 1318 0129 35       		.uleb128 0x35
 1319 012a 00       		.byte	0
 1320 012b 49       		.uleb128 0x49
 1321 012c 13       		.uleb128 0x13
 1322 012d 00       		.byte	0
 1323 012e 00       		.byte	0
 1324 012f 00       		.byte	0
 1325              		.section	.debug_loc,"",%progbits
 1326              	.Ldebug_loc0:
 1327              	.LLST0:
 1328 0000 00000000 		.4byte	.LVL0
 1329 0004 12000000 		.4byte	.LVL2
 1330 0008 0100     		.2byte	0x1
 1331 000a 50       		.byte	0x50
 1332 000b 12000000 		.4byte	.LVL2
 1333 000f 8A000000 		.4byte	.LVL19
 1334 0013 0100     		.2byte	0x1
 1335 0015 56       		.byte	0x56
 1336 0016 8A000000 		.4byte	.LVL19
 1337 001a 90000000 		.4byte	.LVL21
 1338 001e 0300     		.2byte	0x3
 1339 0020 76       		.byte	0x76
 1340 0021 7F       		.sleb128 -1
 1341 0022 9F       		.byte	0x9f
 1342 0023 90000000 		.4byte	.LVL21
 1343 0027 AC000000 		.4byte	.LVL25
 1344 002b 0100     		.2byte	0x1
 1345 002d 56       		.byte	0x56
 1346 002e F4000000 		.4byte	.LVL40
 1347 0032 00010000 		.4byte	.LVL43
 1348 0036 0100     		.2byte	0x1
 1349 0038 56       		.byte	0x56
 1350 0039 00000000 		.4byte	0
 1351 003d 00000000 		.4byte	0
 1352              	.LLST1:
 1353 0041 00000000 		.4byte	.LVL0
 1354 0045 12000000 		.4byte	.LVL2
 1355 0049 0100     		.2byte	0x1
 1356 004b 51       		.byte	0x51
 1357 004c 12000000 		.4byte	.LVL2
 1358 0050 14010000 		.4byte	.LFE63
 1359 0054 0400     		.2byte	0x4
 1360 0056 F3       		.byte	0xf3
 1361 0057 01       		.uleb128 0x1
ARM GAS  C:\Users\elias\AppData\Local\Temp\ccdBgeft.s 			page 29


 1362 0058 51       		.byte	0x51
 1363 0059 9F       		.byte	0x9f
 1364 005a 00000000 		.4byte	0
 1365 005e 00000000 		.4byte	0
 1366              	.LLST2:
 1367 0062 00000000 		.4byte	.LVL0
 1368 0066 12000000 		.4byte	.LVL2
 1369 006a 0100     		.2byte	0x1
 1370 006c 52       		.byte	0x52
 1371 006d 12000000 		.4byte	.LVL2
 1372 0071 10010000 		.4byte	.LVL47
 1373 0075 0100     		.2byte	0x1
 1374 0077 54       		.byte	0x54
 1375 0078 10010000 		.4byte	.LVL47
 1376 007c 14010000 		.4byte	.LFE63
 1377 0080 0400     		.2byte	0x4
 1378 0082 F3       		.byte	0xf3
 1379 0083 01       		.uleb128 0x1
 1380 0084 52       		.byte	0x52
 1381 0085 9F       		.byte	0x9f
 1382 0086 00000000 		.4byte	0
 1383 008a 00000000 		.4byte	0
 1384              	.LLST3:
 1385 008e 00000000 		.4byte	.LVL0
 1386 0092 12000000 		.4byte	.LVL2
 1387 0096 0100     		.2byte	0x1
 1388 0098 53       		.byte	0x53
 1389 0099 12000000 		.4byte	.LVL2
 1390 009d 10010000 		.4byte	.LVL47
 1391 00a1 0100     		.2byte	0x1
 1392 00a3 57       		.byte	0x57
 1393 00a4 10010000 		.4byte	.LVL47
 1394 00a8 14010000 		.4byte	.LFE63
 1395 00ac 0400     		.2byte	0x4
 1396 00ae F3       		.byte	0xf3
 1397 00af 01       		.uleb128 0x1
 1398 00b0 53       		.byte	0x53
 1399 00b1 9F       		.byte	0x9f
 1400 00b2 00000000 		.4byte	0
 1401 00b6 00000000 		.4byte	0
 1402              	.LLST4:
 1403 00ba 0E000000 		.4byte	.LVL1
 1404 00be 12000000 		.4byte	.LVL2
 1405 00c2 0200     		.2byte	0x2
 1406 00c4 30       		.byte	0x30
 1407 00c5 9F       		.byte	0x9f
 1408 00c6 12000000 		.4byte	.LVL2
 1409 00ca 28000000 		.4byte	.LVL6
 1410 00ce 0100     		.2byte	0x1
 1411 00d0 55       		.byte	0x55
 1412 00d1 28000000 		.4byte	.LVL6
 1413 00d5 2C000000 		.4byte	.LVL7
 1414 00d9 0200     		.2byte	0x2
 1415 00db 30       		.byte	0x30
 1416 00dc 9F       		.byte	0x9f
 1417 00dd 2C000000 		.4byte	.LVL7
 1418 00e1 D4000000 		.4byte	.LVL34
ARM GAS  C:\Users\elias\AppData\Local\Temp\ccdBgeft.s 			page 30


 1419 00e5 0100     		.2byte	0x1
 1420 00e7 55       		.byte	0x55
 1421 00e8 D4000000 		.4byte	.LVL34
 1422 00ec D8000000 		.4byte	.LVL35
 1423 00f0 0200     		.2byte	0x2
 1424 00f2 30       		.byte	0x30
 1425 00f3 9F       		.byte	0x9f
 1426 00f4 D8000000 		.4byte	.LVL35
 1427 00f8 10010000 		.4byte	.LVL47
 1428 00fc 0100     		.2byte	0x1
 1429 00fe 55       		.byte	0x55
 1430 00ff 00000000 		.4byte	0
 1431 0103 00000000 		.4byte	0
 1432              	.LLST5:
 1433 0107 0E000000 		.4byte	.LVL1
 1434 010b 28000000 		.4byte	.LVL6
 1435 010f 0200     		.2byte	0x2
 1436 0111 30       		.byte	0x30
 1437 0112 9F       		.byte	0x9f
 1438 0113 28000000 		.4byte	.LVL6
 1439 0117 4C000000 		.4byte	.LVL12
 1440 011b 0600     		.2byte	0x6
 1441 011d 78       		.byte	0x78
 1442 011e 00       		.sleb128 0
 1443 011f 08       		.byte	0x8
 1444 0120 FF       		.byte	0xff
 1445 0121 1A       		.byte	0x1a
 1446 0122 9F       		.byte	0x9f
 1447 0123 50000000 		.4byte	.LVL13
 1448 0127 F4000000 		.4byte	.LVL40
 1449 012b 0100     		.2byte	0x1
 1450 012d 5B       		.byte	0x5b
 1451 012e F4000000 		.4byte	.LVL40
 1452 0132 F8000000 		.4byte	.LVL41
 1453 0136 0200     		.2byte	0x2
 1454 0138 30       		.byte	0x30
 1455 0139 9F       		.byte	0x9f
 1456 013a F8000000 		.4byte	.LVL41
 1457 013e FC000000 		.4byte	.LVL42
 1458 0142 0600     		.2byte	0x6
 1459 0144 78       		.byte	0x78
 1460 0145 00       		.sleb128 0
 1461 0146 08       		.byte	0x8
 1462 0147 FF       		.byte	0xff
 1463 0148 1A       		.byte	0x1a
 1464 0149 9F       		.byte	0x9f
 1465 014a FC000000 		.4byte	.LVL42
 1466 014e 0A010000 		.4byte	.LVL46
 1467 0152 0100     		.2byte	0x1
 1468 0154 5B       		.byte	0x5b
 1469 0155 00000000 		.4byte	0
 1470 0159 00000000 		.4byte	0
 1471              	.LLST6:
 1472 015d 0E000000 		.4byte	.LVL1
 1473 0161 6E000000 		.4byte	.LVL14
 1474 0165 0200     		.2byte	0x2
 1475 0167 30       		.byte	0x30
ARM GAS  C:\Users\elias\AppData\Local\Temp\ccdBgeft.s 			page 31


 1476 0168 9F       		.byte	0x9f
 1477 0169 6E000000 		.4byte	.LVL14
 1478 016d 92000000 		.4byte	.LVL22
 1479 0171 0100     		.2byte	0x1
 1480 0173 58       		.byte	0x58
 1481 0174 92000000 		.4byte	.LVL22
 1482 0178 9A000000 		.4byte	.LVL23
 1483 017c 0100     		.2byte	0x1
 1484 017e 53       		.byte	0x53
 1485 017f 9A000000 		.4byte	.LVL23
 1486 0183 AA000000 		.4byte	.LVL24
 1487 0187 0100     		.2byte	0x1
 1488 0189 58       		.byte	0x58
 1489 018a AA000000 		.4byte	.LVL24
 1490 018e AC000000 		.4byte	.LVL25
 1491 0192 0100     		.2byte	0x1
 1492 0194 53       		.byte	0x53
 1493 0195 AC000000 		.4byte	.LVL25
 1494 0199 CC000000 		.4byte	.LVL32
 1495 019d 0100     		.2byte	0x1
 1496 019f 56       		.byte	0x56
 1497 01a0 CC000000 		.4byte	.LVL32
 1498 01a4 D0000000 		.4byte	.LVL33
 1499 01a8 0100     		.2byte	0x1
 1500 01aa 53       		.byte	0x53
 1501 01ab D0000000 		.4byte	.LVL33
 1502 01af D4000000 		.4byte	.LVL34
 1503 01b3 0100     		.2byte	0x1
 1504 01b5 56       		.byte	0x56
 1505 01b6 F4000000 		.4byte	.LVL40
 1506 01ba FC000000 		.4byte	.LVL42
 1507 01be 0200     		.2byte	0x2
 1508 01c0 30       		.byte	0x30
 1509 01c1 9F       		.byte	0x9f
 1510 01c2 FC000000 		.4byte	.LVL42
 1511 01c6 00010000 		.4byte	.LVL43
 1512 01ca 0100     		.2byte	0x1
 1513 01cc 58       		.byte	0x58
 1514 01cd 00010000 		.4byte	.LVL43
 1515 01d1 04010000 		.4byte	.LVL44
 1516 01d5 0100     		.2byte	0x1
 1517 01d7 56       		.byte	0x56
 1518 01d8 00000000 		.4byte	0
 1519 01dc 00000000 		.4byte	0
 1520              	.LLST7:
 1521 01e0 0E000000 		.4byte	.LVL1
 1522 01e4 6E000000 		.4byte	.LVL14
 1523 01e8 0200     		.2byte	0x2
 1524 01ea 30       		.byte	0x30
 1525 01eb 9F       		.byte	0x9f
 1526 01ec 6E000000 		.4byte	.LVL14
 1527 01f0 F4000000 		.4byte	.LVL40
 1528 01f4 0200     		.2byte	0x2
 1529 01f6 91       		.byte	0x91
 1530 01f7 54       		.sleb128 -44
 1531 01f8 F4000000 		.4byte	.LVL40
 1532 01fc FC000000 		.4byte	.LVL42
ARM GAS  C:\Users\elias\AppData\Local\Temp\ccdBgeft.s 			page 32


 1533 0200 0200     		.2byte	0x2
 1534 0202 30       		.byte	0x30
 1535 0203 9F       		.byte	0x9f
 1536 0204 FC000000 		.4byte	.LVL42
 1537 0208 0A010000 		.4byte	.LVL46
 1538 020c 0200     		.2byte	0x2
 1539 020e 91       		.byte	0x91
 1540 020f 54       		.sleb128 -44
 1541 0210 00000000 		.4byte	0
 1542 0214 00000000 		.4byte	0
 1543              	.LLST8:
 1544 0218 28000000 		.4byte	.LVL6
 1545 021c 40000000 		.4byte	.LVL10
 1546 0220 0100     		.2byte	0x1
 1547 0222 58       		.byte	0x58
 1548 0223 40000000 		.4byte	.LVL10
 1549 0227 6E000000 		.4byte	.LVL14
 1550 022b 0100     		.2byte	0x1
 1551 022d 50       		.byte	0x50
 1552 022e C4000000 		.4byte	.LVL29
 1553 0232 C6000000 		.4byte	.LVL30
 1554 0236 0100     		.2byte	0x1
 1555 0238 50       		.byte	0x50
 1556 0239 EC000000 		.4byte	.LVL38
 1557 023d F2000000 		.4byte	.LVL39
 1558 0241 0100     		.2byte	0x1
 1559 0243 50       		.byte	0x50
 1560 0244 F8000000 		.4byte	.LVL41
 1561 0248 FC000000 		.4byte	.LVL42
 1562 024c 0100     		.2byte	0x1
 1563 024e 58       		.byte	0x58
 1564 024f 08010000 		.4byte	.LVL45
 1565 0253 0A010000 		.4byte	.LVL46
 1566 0257 0100     		.2byte	0x1
 1567 0259 50       		.byte	0x50
 1568 025a 00000000 		.4byte	0
 1569 025e 00000000 		.4byte	0
 1570              	.LLST9:
 1571 0262 28000000 		.4byte	.LVL6
 1572 0266 48000000 		.4byte	.LVL11
 1573 026a 0100     		.2byte	0x1
 1574 026c 58       		.byte	0x58
 1575 026d 48000000 		.4byte	.LVL11
 1576 0271 8C000000 		.4byte	.LVL20
 1577 0275 0100     		.2byte	0x1
 1578 0277 5A       		.byte	0x5a
 1579 0278 90000000 		.4byte	.LVL21
 1580 027c F4000000 		.4byte	.LVL40
 1581 0280 0100     		.2byte	0x1
 1582 0282 5A       		.byte	0x5a
 1583 0283 F8000000 		.4byte	.LVL41
 1584 0287 FC000000 		.4byte	.LVL42
 1585 028b 0100     		.2byte	0x1
 1586 028d 58       		.byte	0x58
 1587 028e FC000000 		.4byte	.LVL42
 1588 0292 0A010000 		.4byte	.LVL46
 1589 0296 0100     		.2byte	0x1
ARM GAS  C:\Users\elias\AppData\Local\Temp\ccdBgeft.s 			page 33


 1590 0298 5A       		.byte	0x5a
 1591 0299 00000000 		.4byte	0
 1592 029d 00000000 		.4byte	0
 1593              	.LLST10:
 1594 02a1 00000000 		.4byte	.LVL48
 1595 02a5 0C000000 		.4byte	.LVL50
 1596 02a9 0100     		.2byte	0x1
 1597 02ab 50       		.byte	0x50
 1598 02ac 0C000000 		.4byte	.LVL50
 1599 02b0 3E000000 		.4byte	.LVL60
 1600 02b4 0100     		.2byte	0x1
 1601 02b6 57       		.byte	0x57
 1602 02b7 00000000 		.4byte	0
 1603 02bb 00000000 		.4byte	0
 1604              	.LLST11:
 1605 02bf 00000000 		.4byte	.LVL48
 1606 02c3 0C000000 		.4byte	.LVL50
 1607 02c7 0100     		.2byte	0x1
 1608 02c9 51       		.byte	0x51
 1609 02ca 0C000000 		.4byte	.LVL50
 1610 02ce 2A000000 		.4byte	.LVL57
 1611 02d2 0100     		.2byte	0x1
 1612 02d4 56       		.byte	0x56
 1613 02d5 2A000000 		.4byte	.LVL57
 1614 02d9 2E000000 		.4byte	.LVL58
 1615 02dd 0100     		.2byte	0x1
 1616 02df 51       		.byte	0x51
 1617 02e0 2E000000 		.4byte	.LVL58
 1618 02e4 3E000000 		.4byte	.LVL60
 1619 02e8 0100     		.2byte	0x1
 1620 02ea 56       		.byte	0x56
 1621 02eb 00000000 		.4byte	0
 1622 02ef 00000000 		.4byte	0
 1623              	.LLST12:
 1624 02f3 00000000 		.4byte	.LVL48
 1625 02f7 0C000000 		.4byte	.LVL50
 1626 02fb 0100     		.2byte	0x1
 1627 02fd 52       		.byte	0x52
 1628 02fe 0C000000 		.4byte	.LVL50
 1629 0302 3E000000 		.4byte	.LVL60
 1630 0306 0100     		.2byte	0x1
 1631 0308 55       		.byte	0x55
 1632 0309 3E000000 		.4byte	.LVL60
 1633 030d 44000000 		.4byte	.LFE64
 1634 0311 0400     		.2byte	0x4
 1635 0313 F3       		.byte	0xf3
 1636 0314 01       		.uleb128 0x1
 1637 0315 52       		.byte	0x52
 1638 0316 9F       		.byte	0x9f
 1639 0317 00000000 		.4byte	0
 1640 031b 00000000 		.4byte	0
 1641              	.LLST13:
 1642 031f 00000000 		.4byte	.LVL48
 1643 0323 0C000000 		.4byte	.LVL50
 1644 0327 0100     		.2byte	0x1
 1645 0329 53       		.byte	0x53
 1646 032a 0C000000 		.4byte	.LVL50
ARM GAS  C:\Users\elias\AppData\Local\Temp\ccdBgeft.s 			page 34


 1647 032e 3E000000 		.4byte	.LVL60
 1648 0332 0100     		.2byte	0x1
 1649 0334 58       		.byte	0x58
 1650 0335 3E000000 		.4byte	.LVL60
 1651 0339 44000000 		.4byte	.LFE64
 1652 033d 0400     		.2byte	0x4
 1653 033f F3       		.byte	0xf3
 1654 0340 01       		.uleb128 0x1
 1655 0341 53       		.byte	0x53
 1656 0342 9F       		.byte	0x9f
 1657 0343 00000000 		.4byte	0
 1658 0347 00000000 		.4byte	0
 1659              	.LLST14:
 1660 034b 0A000000 		.4byte	.LVL49
 1661 034f 0C000000 		.4byte	.LVL50
 1662 0353 0200     		.2byte	0x2
 1663 0355 30       		.byte	0x30
 1664 0356 9F       		.byte	0x9f
 1665 0357 0C000000 		.4byte	.LVL50
 1666 035b 10000000 		.4byte	.LVL52
 1667 035f 0100     		.2byte	0x1
 1668 0361 54       		.byte	0x54
 1669 0362 12000000 		.4byte	.LVL53
 1670 0366 2A000000 		.4byte	.LVL57
 1671 036a 0100     		.2byte	0x1
 1672 036c 54       		.byte	0x54
 1673 036d 38000000 		.4byte	.LVL59
 1674 0371 3E000000 		.4byte	.LVL60
 1675 0375 0100     		.2byte	0x1
 1676 0377 54       		.byte	0x54
 1677 0378 00000000 		.4byte	0
 1678 037c 00000000 		.4byte	0
 1679              	.LLST15:
 1680 0380 00000000 		.4byte	.LVL61
 1681 0384 08000000 		.4byte	.LVL62
 1682 0388 0100     		.2byte	0x1
 1683 038a 50       		.byte	0x50
 1684 038b 08000000 		.4byte	.LVL62
 1685 038f 0C000000 		.4byte	.LVL63
 1686 0393 0100     		.2byte	0x1
 1687 0395 55       		.byte	0x55
 1688 0396 0C000000 		.4byte	.LVL63
 1689 039a 0E000000 		.4byte	.LVL64
 1690 039e 0300     		.2byte	0x3
 1691 03a0 75       		.byte	0x75
 1692 03a1 7F       		.sleb128 -1
 1693 03a2 9F       		.byte	0x9f
 1694 03a3 0E000000 		.4byte	.LVL64
 1695 03a7 1A000000 		.4byte	.LFE65
 1696 03ab 0100     		.2byte	0x1
 1697 03ad 55       		.byte	0x55
 1698 03ae 00000000 		.4byte	0
 1699 03b2 00000000 		.4byte	0
 1700              	.LLST16:
 1701 03b6 00000000 		.4byte	.LVL61
 1702 03ba 08000000 		.4byte	.LVL62
 1703 03be 0100     		.2byte	0x1
ARM GAS  C:\Users\elias\AppData\Local\Temp\ccdBgeft.s 			page 35


 1704 03c0 51       		.byte	0x51
 1705 03c1 08000000 		.4byte	.LVL62
 1706 03c5 10000000 		.4byte	.LVL65
 1707 03c9 0100     		.2byte	0x1
 1708 03cb 54       		.byte	0x54
 1709 03cc 10000000 		.4byte	.LVL65
 1710 03d0 14000000 		.4byte	.LVL66
 1711 03d4 0100     		.2byte	0x1
 1712 03d6 51       		.byte	0x51
 1713 03d7 14000000 		.4byte	.LVL66
 1714 03db 1A000000 		.4byte	.LFE65
 1715 03df 0100     		.2byte	0x1
 1716 03e1 54       		.byte	0x54
 1717 03e2 00000000 		.4byte	0
 1718 03e6 00000000 		.4byte	0
 1719              	.LLST17:
 1720 03ea 00000000 		.4byte	.LVL61
 1721 03ee 08000000 		.4byte	.LVL62
 1722 03f2 0100     		.2byte	0x1
 1723 03f4 52       		.byte	0x52
 1724 03f5 08000000 		.4byte	.LVL62
 1725 03f9 1A000000 		.4byte	.LFE65
 1726 03fd 0100     		.2byte	0x1
 1727 03ff 56       		.byte	0x56
 1728 0400 00000000 		.4byte	0
 1729 0404 00000000 		.4byte	0
 1730              	.LLST18:
 1731 0408 00000000 		.4byte	.LVL67
 1732 040c 0E000000 		.4byte	.LVL70
 1733 0410 0100     		.2byte	0x1
 1734 0412 50       		.byte	0x50
 1735 0413 0E000000 		.4byte	.LVL70
 1736 0417 20000000 		.4byte	.LVL77
 1737 041b 0100     		.2byte	0x1
 1738 041d 56       		.byte	0x56
 1739 041e 20000000 		.4byte	.LVL77
 1740 0422 26000000 		.4byte	.LVL80
 1741 0426 0300     		.2byte	0x3
 1742 0428 76       		.byte	0x76
 1743 0429 7F       		.sleb128 -1
 1744 042a 9F       		.byte	0x9f
 1745 042b 26000000 		.4byte	.LVL80
 1746 042f 3C000000 		.4byte	.LFE66
 1747 0433 0100     		.2byte	0x1
 1748 0435 56       		.byte	0x56
 1749 0436 00000000 		.4byte	0
 1750 043a 00000000 		.4byte	0
 1751              	.LLST19:
 1752 043e 00000000 		.4byte	.LVL67
 1753 0442 0F000000 		.4byte	.LVL71-1
 1754 0446 0100     		.2byte	0x1
 1755 0448 51       		.byte	0x51
 1756 0449 0F000000 		.4byte	.LVL71-1
 1757 044d 1C000000 		.4byte	.LVL76
 1758 0451 0400     		.2byte	0x4
 1759 0453 F3       		.byte	0xf3
 1760 0454 01       		.uleb128 0x1
ARM GAS  C:\Users\elias\AppData\Local\Temp\ccdBgeft.s 			page 36


 1761 0455 51       		.byte	0x51
 1762 0456 9F       		.byte	0x9f
 1763 0457 1C000000 		.4byte	.LVL76
 1764 045b 28000000 		.4byte	.LVL81
 1765 045f 0100     		.2byte	0x1
 1766 0461 55       		.byte	0x55
 1767 0462 28000000 		.4byte	.LVL81
 1768 0466 2E000000 		.4byte	.LVL82
 1769 046a 0100     		.2byte	0x1
 1770 046c 58       		.byte	0x58
 1771 046d 2E000000 		.4byte	.LVL82
 1772 0471 3C000000 		.4byte	.LFE66
 1773 0475 0100     		.2byte	0x1
 1774 0477 55       		.byte	0x55
 1775 0478 00000000 		.4byte	0
 1776 047c 00000000 		.4byte	0
 1777              	.LLST20:
 1778 0480 00000000 		.4byte	.LVL67
 1779 0484 0F000000 		.4byte	.LVL71-1
 1780 0488 0100     		.2byte	0x1
 1781 048a 52       		.byte	0x52
 1782 048b 0F000000 		.4byte	.LVL71-1
 1783 048f 3C000000 		.4byte	.LFE66
 1784 0493 0100     		.2byte	0x1
 1785 0495 57       		.byte	0x57
 1786 0496 00000000 		.4byte	0
 1787 049a 00000000 		.4byte	0
 1788              	.LLST21:
 1789 049e 0A000000 		.4byte	.LVL68
 1790 04a2 0C000000 		.4byte	.LVL69
 1791 04a6 0200     		.2byte	0x2
 1792 04a8 30       		.byte	0x30
 1793 04a9 9F       		.byte	0x9f
 1794 04aa 0C000000 		.4byte	.LVL69
 1795 04ae 16000000 		.4byte	.LVL73
 1796 04b2 0100     		.2byte	0x1
 1797 04b4 54       		.byte	0x54
 1798 04b5 16000000 		.4byte	.LVL73
 1799 04b9 18000000 		.4byte	.LVL74
 1800 04bd 0400     		.2byte	0x4
 1801 04bf F3       		.byte	0xf3
 1802 04c0 01       		.uleb128 0x1
 1803 04c1 51       		.byte	0x51
 1804 04c2 9F       		.byte	0x9f
 1805 04c3 18000000 		.4byte	.LVL74
 1806 04c7 22000000 		.4byte	.LVL78
 1807 04cb 0100     		.2byte	0x1
 1808 04cd 54       		.byte	0x54
 1809 04ce 24000000 		.4byte	.LVL79
 1810 04d2 3C000000 		.4byte	.LFE66
 1811 04d6 0100     		.2byte	0x1
 1812 04d8 54       		.byte	0x54
 1813 04d9 00000000 		.4byte	0
 1814 04dd 00000000 		.4byte	0
 1815              	.LLST22:
 1816 04e1 0C000000 		.4byte	.LVL69
 1817 04e5 14000000 		.4byte	.LVL72
ARM GAS  C:\Users\elias\AppData\Local\Temp\ccdBgeft.s 			page 37


 1818 04e9 0100     		.2byte	0x1
 1819 04eb 54       		.byte	0x54
 1820 04ec 14000000 		.4byte	.LVL72
 1821 04f0 19000000 		.4byte	.LVL75-1
 1822 04f4 0100     		.2byte	0x1
 1823 04f6 50       		.byte	0x50
 1824 04f7 19000000 		.4byte	.LVL75-1
 1825 04fb 1C000000 		.4byte	.LVL76
 1826 04ff 0500     		.2byte	0x5
 1827 0501 78       		.byte	0x78
 1828 0502 00       		.sleb128 0
 1829 0503 38       		.byte	0x38
 1830 0504 25       		.byte	0x25
 1831 0505 9F       		.byte	0x9f
 1832 0506 00000000 		.4byte	0
 1833 050a 00000000 		.4byte	0
 1834              	.LLST23:
 1835 050e 00000000 		.4byte	.LVL84
 1836 0512 08000000 		.4byte	.LVL86
 1837 0516 0100     		.2byte	0x1
 1838 0518 50       		.byte	0x50
 1839 0519 08000000 		.4byte	.LVL86
 1840 051d 0C000000 		.4byte	.LVL88
 1841 0521 0300     		.2byte	0x3
 1842 0523 70       		.byte	0x70
 1843 0524 7F       		.sleb128 -1
 1844 0525 9F       		.byte	0x9f
 1845 0526 0C000000 		.4byte	.LVL88
 1846 052a 1C000000 		.4byte	.LVL91
 1847 052e 0100     		.2byte	0x1
 1848 0530 50       		.byte	0x50
 1849 0531 1E000000 		.4byte	.LVL92
 1850 0535 20000000 		.4byte	.LVL93
 1851 0539 0100     		.2byte	0x1
 1852 053b 50       		.byte	0x50
 1853 053c 00000000 		.4byte	0
 1854 0540 00000000 		.4byte	0
 1855              	.LLST24:
 1856 0544 00000000 		.4byte	.LVL84
 1857 0548 0E000000 		.4byte	.LVL89
 1858 054c 0100     		.2byte	0x1
 1859 054e 51       		.byte	0x51
 1860 054f 10000000 		.4byte	.LVL90
 1861 0553 22000000 		.4byte	.LFE67
 1862 0557 0100     		.2byte	0x1
 1863 0559 51       		.byte	0x51
 1864 055a 00000000 		.4byte	0
 1865 055e 00000000 		.4byte	0
 1866              	.LLST25:
 1867 0562 00000000 		.4byte	.LVL84
 1868 0566 04000000 		.4byte	.LVL85
 1869 056a 0200     		.2byte	0x2
 1870 056c 30       		.byte	0x30
 1871 056d 9F       		.byte	0x9f
 1872 056e 04000000 		.4byte	.LVL85
 1873 0572 0A000000 		.4byte	.LVL87
 1874 0576 0100     		.2byte	0x1
ARM GAS  C:\Users\elias\AppData\Local\Temp\ccdBgeft.s 			page 38


 1875 0578 53       		.byte	0x53
 1876 0579 0C000000 		.4byte	.LVL88
 1877 057d 22000000 		.4byte	.LFE67
 1878 0581 0100     		.2byte	0x1
 1879 0583 53       		.byte	0x53
 1880 0584 00000000 		.4byte	0
 1881 0588 00000000 		.4byte	0
 1882              	.LLST26:
 1883 058c 00000000 		.4byte	.LVL94
 1884 0590 08000000 		.4byte	.LVL96
 1885 0594 0100     		.2byte	0x1
 1886 0596 50       		.byte	0x50
 1887 0597 08000000 		.4byte	.LVL96
 1888 059b 0C000000 		.4byte	.LVL98
 1889 059f 0300     		.2byte	0x3
 1890 05a1 70       		.byte	0x70
 1891 05a2 7F       		.sleb128 -1
 1892 05a3 9F       		.byte	0x9f
 1893 05a4 0C000000 		.4byte	.LVL98
 1894 05a8 18000000 		.4byte	.LVL101
 1895 05ac 0100     		.2byte	0x1
 1896 05ae 50       		.byte	0x50
 1897 05af 00000000 		.4byte	0
 1898 05b3 00000000 		.4byte	0
 1899              	.LLST27:
 1900 05b7 00000000 		.4byte	.LVL94
 1901 05bb 04000000 		.4byte	.LVL95
 1902 05bf 0100     		.2byte	0x1
 1903 05c1 51       		.byte	0x51
 1904 05c2 04000000 		.4byte	.LVL95
 1905 05c6 0E000000 		.4byte	.LVL99
 1906 05ca 0100     		.2byte	0x1
 1907 05cc 53       		.byte	0x53
 1908 05cd 0E000000 		.4byte	.LVL99
 1909 05d1 12000000 		.4byte	.LVL100
 1910 05d5 0100     		.2byte	0x1
 1911 05d7 51       		.byte	0x51
 1912 05d8 12000000 		.4byte	.LVL100
 1913 05dc 1A000000 		.4byte	.LFE68
 1914 05e0 0100     		.2byte	0x1
 1915 05e2 53       		.byte	0x53
 1916 05e3 00000000 		.4byte	0
 1917 05e7 00000000 		.4byte	0
 1918              	.LLST28:
 1919 05eb 00000000 		.4byte	.LVL94
 1920 05ef 04000000 		.4byte	.LVL95
 1921 05f3 0200     		.2byte	0x2
 1922 05f5 30       		.byte	0x30
 1923 05f6 9F       		.byte	0x9f
 1924 05f7 04000000 		.4byte	.LVL95
 1925 05fb 0A000000 		.4byte	.LVL97
 1926 05ff 0100     		.2byte	0x1
 1927 0601 52       		.byte	0x52
 1928 0602 0C000000 		.4byte	.LVL98
 1929 0606 1A000000 		.4byte	.LFE68
 1930 060a 0100     		.2byte	0x1
 1931 060c 52       		.byte	0x52
ARM GAS  C:\Users\elias\AppData\Local\Temp\ccdBgeft.s 			page 39


 1932 060d 00000000 		.4byte	0
 1933 0611 00000000 		.4byte	0
 1934              		.section	.debug_aranges,"",%progbits
 1935 0000 44000000 		.4byte	0x44
 1936 0004 0200     		.2byte	0x2
 1937 0006 00000000 		.4byte	.Ldebug_info0
 1938 000a 04       		.byte	0x4
 1939 000b 00       		.byte	0
 1940 000c 0000     		.2byte	0
 1941 000e 0000     		.2byte	0
 1942 0010 00000000 		.4byte	.LFB63
 1943 0014 14010000 		.4byte	.LFE63-.LFB63
 1944 0018 00000000 		.4byte	.LFB64
 1945 001c 44000000 		.4byte	.LFE64-.LFB64
 1946 0020 00000000 		.4byte	.LFB65
 1947 0024 1A000000 		.4byte	.LFE65-.LFB65
 1948 0028 00000000 		.4byte	.LFB66
 1949 002c 3C000000 		.4byte	.LFE66-.LFB66
 1950 0030 00000000 		.4byte	.LFB67
 1951 0034 22000000 		.4byte	.LFE67-.LFB67
 1952 0038 00000000 		.4byte	.LFB68
 1953 003c 1A000000 		.4byte	.LFE68-.LFB68
 1954 0040 00000000 		.4byte	0
 1955 0044 00000000 		.4byte	0
 1956              		.section	.debug_ranges,"",%progbits
 1957              	.Ldebug_ranges0:
 1958 0000 00000000 		.4byte	.LFB63
 1959 0004 14010000 		.4byte	.LFE63
 1960 0008 00000000 		.4byte	.LFB64
 1961 000c 44000000 		.4byte	.LFE64
 1962 0010 00000000 		.4byte	.LFB65
 1963 0014 1A000000 		.4byte	.LFE65
 1964 0018 00000000 		.4byte	.LFB66
 1965 001c 3C000000 		.4byte	.LFE66
 1966 0020 00000000 		.4byte	.LFB67
 1967 0024 22000000 		.4byte	.LFE67
 1968 0028 00000000 		.4byte	.LFB68
 1969 002c 1A000000 		.4byte	.LFE68
 1970 0030 00000000 		.4byte	0
 1971 0034 00000000 		.4byte	0
 1972              		.section	.debug_line,"",%progbits
 1973              	.Ldebug_line0:
 1974 0000 9D020000 		.section	.debug_str,"MS",%progbits,1
 1974      02003D01 
 1974      00000201 
 1974      FB0E0D00 
 1974      01010101 
 1975              	.LASF3:
 1976 0000 5F5F7569 		.ascii	"__uint8_t\000"
 1976      6E74385F 
 1976      7400
 1977              	.LASF25:
 1978 000a 74616D45 		.ascii	"tamEjec\000"
 1978      6A656300 
 1979              	.LASF34:
 1980 0012 433A5C50 		.ascii	"C:\\PSoC Creator\\Transductor-000.cywrk.Archive02\\"
 1980      536F4320 
ARM GAS  C:\Users\elias\AppData\Local\Temp\ccdBgeft.s 			page 40


 1980      43726561 
 1980      746F725C 
 1980      5472616E 
 1981 0042 5472616E 		.ascii	"Transductor.cydsn\000"
 1981      73647563 
 1981      746F722E 
 1981      63796473 
 1981      6E00
 1982              	.LASF6:
 1983 0054 5F5F696E 		.ascii	"__int32_t\000"
 1983      7433325F 
 1983      7400
 1984              	.LASF24:
 1985 005e 74616D52 		.ascii	"tamRec\000"
 1985      656300
 1986              	.LASF27:
 1987 0065 72656342 		.ascii	"recBytes\000"
 1987      79746573 
 1987      00
 1988              	.LASF29:
 1989 006e 656E7642 		.ascii	"envBytesChecksum\000"
 1989      79746573 
 1989      43686563 
 1989      6B73756D 
 1989      00
 1990              	.LASF31:
 1991 007f 63616C63 		.ascii	"calculaCheckSum\000"
 1991      756C6143 
 1991      6865636B 
 1991      53756D00 
 1992              	.LASF15:
 1993 008f 696E7433 		.ascii	"int32_t\000"
 1993      325F7400 
 1994              	.LASF17:
 1995 0097 666C6F61 		.ascii	"float\000"
 1995      7400
 1996              	.LASF1:
 1997 009d 756E7369 		.ascii	"unsigned char\000"
 1997      676E6564 
 1997      20636861 
 1997      7200
 1998              	.LASF32:
 1999 00ab 474E5520 		.ascii	"GNU C11 5.4.1 20160609 (release) [ARM/embedded-5-br"
 1999      43313120 
 1999      352E342E 
 1999      31203230 
 1999      31363036 
 2000 00de 616E6368 		.ascii	"anch revision 237715] -mcpu=cortex-m3 -mthumb -g -O"
 2000      20726576 
 2000      6973696F 
 2000      6E203233 
 2000      37373135 
 2001 0111 67202D66 		.ascii	"g -ffunction-sections -ffat-lto-objects\000"
 2001      66756E63 
 2001      74696F6E 
 2001      2D736563 
 2001      74696F6E 
ARM GAS  C:\Users\elias\AppData\Local\Temp\ccdBgeft.s 			page 41


 2002              	.LASF8:
 2003 0139 5F5F7569 		.ascii	"__uint32_t\000"
 2003      6E743332 
 2003      5F7400
 2004              	.LASF9:
 2005 0144 6C6F6E67 		.ascii	"long unsigned int\000"
 2005      20756E73 
 2005      69676E65 
 2005      6420696E 
 2005      7400
 2006              	.LASF5:
 2007 0156 73686F72 		.ascii	"short unsigned int\000"
 2007      7420756E 
 2007      7369676E 
 2007      65642069 
 2007      6E7400
 2008              	.LASF35:
 2009 0169 49544D5F 		.ascii	"ITM_RxBuffer\000"
 2009      52784275 
 2009      66666572 
 2009      00
 2010              	.LASF30:
 2011 0176 63616C63 		.ascii	"calculaCompCheckSum\000"
 2011      756C6143 
 2011      6F6D7043 
 2011      6865636B 
 2011      53756D00 
 2012              	.LASF4:
 2013 018a 5F5F7569 		.ascii	"__uint16_t\000"
 2013      6E743136 
 2013      5F7400
 2014              	.LASF18:
 2015 0195 646F7562 		.ascii	"double\000"
 2015      6C6500
 2016              	.LASF33:
 2017 019c 65722E63 		.ascii	"er.c\000"
 2017      00
 2018              	.LASF12:
 2019 01a1 756E7369 		.ascii	"unsigned int\000"
 2019      676E6564 
 2019      20696E74 
 2019      00
 2020              	.LASF11:
 2021 01ae 6C6F6E67 		.ascii	"long long unsigned int\000"
 2021      206C6F6E 
 2021      6720756E 
 2021      7369676E 
 2021      65642069 
 2022              	.LASF13:
 2023 01c5 75696E74 		.ascii	"uint8_t\000"
 2023      385F7400 
 2024              	.LASF22:
 2025 01cd 68617944 		.ascii	"hayDato\000"
 2025      61746F00 
 2026              	.LASF20:
 2027 01d5 6C6F6E67 		.ascii	"long double\000"
 2027      20646F75 
ARM GAS  C:\Users\elias\AppData\Local\Temp\ccdBgeft.s 			page 42


 2027      626C6500 
 2028              	.LASF21:
 2029 01e1 73697A65 		.ascii	"sizetype\000"
 2029      74797065 
 2029      00
 2030              	.LASF10:
 2031 01ea 6C6F6E67 		.ascii	"long long int\000"
 2031      206C6F6E 
 2031      6720696E 
 2031      7400
 2032              	.LASF19:
 2033 01f8 63686172 		.ascii	"char\000"
 2033      00
 2034              	.LASF2:
 2035 01fd 73686F72 		.ascii	"short int\000"
 2035      7420696E 
 2035      7400
 2036              	.LASF14:
 2037 0207 75696E74 		.ascii	"uint16_t\000"
 2037      31365F74 
 2037      00
 2038              	.LASF28:
 2039 0210 656E7642 		.ascii	"envBytes\000"
 2039      79746573 
 2039      00
 2040              	.LASF16:
 2041 0219 75696E74 		.ascii	"uint32_t\000"
 2041      33325F74 
 2041      00
 2042              	.LASF7:
 2043 0222 6C6F6E67 		.ascii	"long int\000"
 2043      20696E74 
 2043      00
 2044              	.LASF23:
 2045 022b 636F6E74 		.ascii	"cont\000"
 2045      00
 2046              	.LASF0:
 2047 0230 7369676E 		.ascii	"signed char\000"
 2047      65642063 
 2047      68617200 
 2048              	.LASF26:
 2049 023c 72656342 		.ascii	"recBytesChecksum\000"
 2049      79746573 
 2049      43686563 
 2049      6B73756D 
 2049      00
 2050              		.ident	"GCC: (GNU Tools for ARM Embedded Processors) 5.4.1 20160609 (release) [ARM/embedded-5-bran
