ARM GAS  C:\Users\evargas\AppData\Local\Temp\ccWnvP8V.s 			page 1


   1              		.syntax unified
   2              		.cpu cortex-m3
   3              		.fpu softvfp
   4              		.eabi_attribute 20, 1
   5              		.eabi_attribute 21, 1
   6              		.eabi_attribute 23, 3
   7              		.eabi_attribute 24, 1
   8              		.eabi_attribute 25, 1
   9              		.eabi_attribute 26, 1
  10              		.eabi_attribute 30, 1
  11              		.eabi_attribute 34, 1
  12              		.eabi_attribute 18, 4
  13              		.thumb
  14              		.syntax unified
  15              		.file	"Filter_1_Coefficients.c"
  16              		.text
  17              	.Ltext0:
  18              		.cfi_sections	.debug_frame
  19              		.global	Filter_1_ChannelAFirCoefficients
  20              		.section	.rodata
  21              		.align	2
  22              		.type	Filter_1_ChannelAFirCoefficients, %object
  23              		.size	Filter_1_ChannelAFirCoefficients, 444
  24              	Filter_1_ChannelAFirCoefficients:
  25 0000 C5       		.byte	-59
  26 0001 F9       		.byte	-7
  27 0002 FF       		.byte	-1
  28 0003 00       		.byte	0
  29 0004 B2       		.byte	-78
  30 0005 C8       		.byte	-56
  31 0006 FF       		.byte	-1
  32 0007 00       		.byte	0
  33 0008 A1       		.byte	-95
  34 0009 9F       		.byte	-97
  35 000a FF       		.byte	-1
  36 000b 00       		.byte	0
  37 000c 3B       		.byte	59
  38 000d 87       		.byte	-121
  39 000e FF       		.byte	-1
  40 000f 00       		.byte	0
  41 0010 8E       		.byte	-114
  42 0011 85       		.byte	-123
  43 0012 FF       		.byte	-1
  44 0013 00       		.byte	0
  45 0014 E3       		.byte	-29
  46 0015 9B       		.byte	-101
  47 0016 FF       		.byte	-1
  48 0017 00       		.byte	0
  49 0018 1A       		.byte	26
  50 0019 C5       		.byte	-59
  51 001a FF       		.byte	-1
  52 001b 00       		.byte	0
  53 001c A3       		.byte	-93
  54 001d F5       		.byte	-11
  55 001e FF       		.byte	-1
  56 001f 00       		.byte	0
  57 0020 F0       		.byte	-16
ARM GAS  C:\Users\evargas\AppData\Local\Temp\ccWnvP8V.s 			page 2


  58 0021 1D       		.byte	29
  59 0022 00       		.byte	0
  60 0023 00       		.byte	0
  61 0024 59       		.byte	89
  62 0025 2F       		.byte	47
  63 0026 00       		.byte	0
  64 0027 00       		.byte	0
  65 0028 43       		.byte	67
  66 0029 22       		.byte	34
  67 002a 00       		.byte	0
  68 002b 00       		.byte	0
  69 002c 61       		.byte	97
  70 002d FB       		.byte	-5
  71 002e FF       		.byte	-1
  72 002f 00       		.byte	0
  73 0030 5C       		.byte	92
  74 0031 CD       		.byte	-51
  75 0032 FF       		.byte	-1
  76 0033 00       		.byte	0
  77 0034 20       		.byte	32
  78 0035 B5       		.byte	-75
  79 0036 FF       		.byte	-1
  80 0037 00       		.byte	0
  81 0038 A8       		.byte	-88
  82 0039 D0       		.byte	-48
  83 003a FF       		.byte	-1
  84 003b 00       		.byte	0
  85 003c 91       		.byte	-111
  86 003d 32       		.byte	50
  87 003e 00       		.byte	0
  88 003f 00       		.byte	0
  89 0040 92       		.byte	-110
  90 0041 D6       		.byte	-42
  91 0042 00       		.byte	0
  92 0043 00       		.byte	0
  93 0044 C8       		.byte	-56
  94 0045 9B       		.byte	-101
  95 0046 01       		.byte	1
  96 0047 00       		.byte	0
  97 0048 91       		.byte	-111
  98 0049 48       		.byte	72
  99 004a 02       		.byte	2
 100 004b 00       		.byte	0
 101 004c DC       		.byte	-36
 102 004d 98       		.byte	-104
 103 004e 02       		.byte	2
 104 004f 00       		.byte	0
 105 0050 DB       		.byte	-37
 106 0051 53       		.byte	83
 107 0052 02       		.byte	2
 108 0053 00       		.byte	0
 109 0054 9A       		.byte	-102
 110 0055 62       		.byte	98
 111 0056 01       		.byte	1
 112 0057 00       		.byte	0
 113 0058 53       		.byte	83
 114 0059 DF       		.byte	-33
ARM GAS  C:\Users\evargas\AppData\Local\Temp\ccWnvP8V.s 			page 3


 115 005a FF       		.byte	-1
 116 005b 00       		.byte	0
 117 005c 6B       		.byte	107
 118 005d 16       		.byte	22
 119 005e FE       		.byte	-2
 120 005f 00       		.byte	0
 121 0060 0A       		.byte	10
 122 0061 76       		.byte	118
 123 0062 FC       		.byte	-4
 124 0063 00       		.byte	0
 125 0064 38       		.byte	56
 126 0065 6F       		.byte	111
 127 0066 FB       		.byte	-5
 128 0067 00       		.byte	0
 129 0068 0A       		.byte	10
 130 0069 51       		.byte	81
 131 006a FB       		.byte	-5
 132 006b 00       		.byte	0
 133 006c 28       		.byte	40
 134 006d 2A       		.byte	42
 135 006e FC       		.byte	-4
 136 006f 00       		.byte	0
 137 0070 8F       		.byte	-113
 138 0071 BC       		.byte	-68
 139 0072 FD       		.byte	-3
 140 0073 00       		.byte	0
 141 0074 BA       		.byte	-70
 142 0075 8A       		.byte	-118
 143 0076 FF       		.byte	-1
 144 0077 00       		.byte	0
 145 0078 50       		.byte	80
 146 0079 FD       		.byte	-3
 147 007a 00       		.byte	0
 148 007b 00       		.byte	0
 149 007c 7C       		.byte	124
 150 007d 97       		.byte	-105
 151 007e 01       		.byte	1
 152 007f 00       		.byte	0
 153 0080 47       		.byte	71
 154 0081 29       		.byte	41
 155 0082 01       		.byte	1
 156 0083 00       		.byte	0
 157 0084 78       		.byte	120
 158 0085 ED       		.byte	-19
 159 0086 FF       		.byte	-1
 160 0087 00       		.byte	0
 161 0088 E8       		.byte	-24
 162 0089 84       		.byte	-124
 163 008a FE       		.byte	-2
 164 008b 00       		.byte	0
 165 008c 46       		.byte	70
 166 008d CB       		.byte	-53
 167 008e FD       		.byte	-3
 168 008f 00       		.byte	0
 169 0090 26       		.byte	38
 170 0091 8E       		.byte	-114
 171 0092 FE       		.byte	-2
ARM GAS  C:\Users\evargas\AppData\Local\Temp\ccWnvP8V.s 			page 4


 172 0093 00       		.byte	0
 173 0094 FC       		.byte	-4
 174 0095 3A       		.byte	58
 175 0096 01       		.byte	1
 176 0097 00       		.byte	0
 177 0098 D9       		.byte	-39
 178 0099 9E       		.byte	-98
 179 009a 05       		.byte	5
 180 009b 00       		.byte	0
 181 009c F4       		.byte	-12
 182 009d D0       		.byte	-48
 183 009e 0A       		.byte	10
 184 009f 00       		.byte	0
 185 00a0 7C       		.byte	124
 186 00a1 56       		.byte	86
 187 00a2 0F       		.byte	15
 188 00a3 00       		.byte	0
 189 00a4 70       		.byte	112
 190 00a5 7D       		.byte	125
 191 00a6 11       		.byte	17
 192 00a7 00       		.byte	0
 193 00a8 42       		.byte	66
 194 00a9 DA       		.byte	-38
 195 00aa 0F       		.byte	15
 196 00ab 00       		.byte	0
 197 00ac F2       		.byte	-14
 198 00ad C5       		.byte	-59
 199 00ae 09       		.byte	9
 200 00af 00       		.byte	0
 201 00b0 F7       		.byte	-9
 202 00b1 B5       		.byte	-75
 203 00b2 FF       		.byte	-1
 204 00b3 00       		.byte	0
 205 00b4 F1       		.byte	-15
 206 00b5 4D       		.byte	77
 207 00b6 F3       		.byte	-13
 208 00b7 00       		.byte	0
 209 00b8 D5       		.byte	-43
 210 00b9 1C       		.byte	28
 211 00ba E7       		.byte	-25
 212 00bb 00       		.byte	0
 213 00bc E1       		.byte	-31
 214 00bd 0E       		.byte	14
 215 00be DE       		.byte	-34
 216 00bf 00       		.byte	0
 217 00c0 88       		.byte	-120
 218 00c1 B4       		.byte	-76
 219 00c2 DA       		.byte	-38
 220 00c3 00       		.byte	0
 221 00c4 26       		.byte	38
 222 00c5 8E       		.byte	-114
 223 00c6 DE       		.byte	-34
 224 00c7 00       		.byte	0
 225 00c8 AD       		.byte	-83
 226 00c9 8E       		.byte	-114
 227 00ca E9       		.byte	-23
 228 00cb 00       		.byte	0
ARM GAS  C:\Users\evargas\AppData\Local\Temp\ccWnvP8V.s 			page 5


 229 00cc DA       		.byte	-38
 230 00cd FB       		.byte	-5
 231 00ce F9       		.byte	-7
 232 00cf 00       		.byte	0
 233 00d0 CB       		.byte	-53
 234 00d1 BA       		.byte	-70
 235 00d2 0C       		.byte	12
 236 00d3 00       		.byte	0
 237 00d4 EA       		.byte	-22
 238 00d5 FA       		.byte	-6
 239 00d6 1D       		.byte	29
 240 00d7 00       		.byte	0
 241 00d8 85       		.byte	-123
 242 00d9 16       		.byte	22
 243 00da 2A       		.byte	42
 244 00db 00       		.byte	0
 245 00dc 9E       		.byte	-98
 246 00dd 70       		.byte	112
 247 00de 2E       		.byte	46
 248 00df 00       		.byte	0
 249 00e0 85       		.byte	-123
 250 00e1 16       		.byte	22
 251 00e2 2A       		.byte	42
 252 00e3 00       		.byte	0
 253 00e4 EA       		.byte	-22
 254 00e5 FA       		.byte	-6
 255 00e6 1D       		.byte	29
 256 00e7 00       		.byte	0
 257 00e8 CB       		.byte	-53
 258 00e9 BA       		.byte	-70
 259 00ea 0C       		.byte	12
 260 00eb 00       		.byte	0
 261 00ec DA       		.byte	-38
 262 00ed FB       		.byte	-5
 263 00ee F9       		.byte	-7
 264 00ef 00       		.byte	0
 265 00f0 AD       		.byte	-83
 266 00f1 8E       		.byte	-114
 267 00f2 E9       		.byte	-23
 268 00f3 00       		.byte	0
 269 00f4 26       		.byte	38
 270 00f5 8E       		.byte	-114
 271 00f6 DE       		.byte	-34
 272 00f7 00       		.byte	0
 273 00f8 88       		.byte	-120
 274 00f9 B4       		.byte	-76
 275 00fa DA       		.byte	-38
 276 00fb 00       		.byte	0
 277 00fc E1       		.byte	-31
 278 00fd 0E       		.byte	14
 279 00fe DE       		.byte	-34
 280 00ff 00       		.byte	0
 281 0100 D5       		.byte	-43
 282 0101 1C       		.byte	28
 283 0102 E7       		.byte	-25
 284 0103 00       		.byte	0
 285 0104 F1       		.byte	-15
ARM GAS  C:\Users\evargas\AppData\Local\Temp\ccWnvP8V.s 			page 6


 286 0105 4D       		.byte	77
 287 0106 F3       		.byte	-13
 288 0107 00       		.byte	0
 289 0108 F7       		.byte	-9
 290 0109 B5       		.byte	-75
 291 010a FF       		.byte	-1
 292 010b 00       		.byte	0
 293 010c F2       		.byte	-14
 294 010d C5       		.byte	-59
 295 010e 09       		.byte	9
 296 010f 00       		.byte	0
 297 0110 42       		.byte	66
 298 0111 DA       		.byte	-38
 299 0112 0F       		.byte	15
 300 0113 00       		.byte	0
 301 0114 70       		.byte	112
 302 0115 7D       		.byte	125
 303 0116 11       		.byte	17
 304 0117 00       		.byte	0
 305 0118 7C       		.byte	124
 306 0119 56       		.byte	86
 307 011a 0F       		.byte	15
 308 011b 00       		.byte	0
 309 011c F4       		.byte	-12
 310 011d D0       		.byte	-48
 311 011e 0A       		.byte	10
 312 011f 00       		.byte	0
 313 0120 D9       		.byte	-39
 314 0121 9E       		.byte	-98
 315 0122 05       		.byte	5
 316 0123 00       		.byte	0
 317 0124 FC       		.byte	-4
 318 0125 3A       		.byte	58
 319 0126 01       		.byte	1
 320 0127 00       		.byte	0
 321 0128 26       		.byte	38
 322 0129 8E       		.byte	-114
 323 012a FE       		.byte	-2
 324 012b 00       		.byte	0
 325 012c 46       		.byte	70
 326 012d CB       		.byte	-53
 327 012e FD       		.byte	-3
 328 012f 00       		.byte	0
 329 0130 E8       		.byte	-24
 330 0131 84       		.byte	-124
 331 0132 FE       		.byte	-2
 332 0133 00       		.byte	0
 333 0134 78       		.byte	120
 334 0135 ED       		.byte	-19
 335 0136 FF       		.byte	-1
 336 0137 00       		.byte	0
 337 0138 47       		.byte	71
 338 0139 29       		.byte	41
 339 013a 01       		.byte	1
 340 013b 00       		.byte	0
 341 013c 7C       		.byte	124
 342 013d 97       		.byte	-105
ARM GAS  C:\Users\evargas\AppData\Local\Temp\ccWnvP8V.s 			page 7


 343 013e 01       		.byte	1
 344 013f 00       		.byte	0
 345 0140 50       		.byte	80
 346 0141 FD       		.byte	-3
 347 0142 00       		.byte	0
 348 0143 00       		.byte	0
 349 0144 BA       		.byte	-70
 350 0145 8A       		.byte	-118
 351 0146 FF       		.byte	-1
 352 0147 00       		.byte	0
 353 0148 8F       		.byte	-113
 354 0149 BC       		.byte	-68
 355 014a FD       		.byte	-3
 356 014b 00       		.byte	0
 357 014c 28       		.byte	40
 358 014d 2A       		.byte	42
 359 014e FC       		.byte	-4
 360 014f 00       		.byte	0
 361 0150 0A       		.byte	10
 362 0151 51       		.byte	81
 363 0152 FB       		.byte	-5
 364 0153 00       		.byte	0
 365 0154 38       		.byte	56
 366 0155 6F       		.byte	111
 367 0156 FB       		.byte	-5
 368 0157 00       		.byte	0
 369 0158 0A       		.byte	10
 370 0159 76       		.byte	118
 371 015a FC       		.byte	-4
 372 015b 00       		.byte	0
 373 015c 6B       		.byte	107
 374 015d 16       		.byte	22
 375 015e FE       		.byte	-2
 376 015f 00       		.byte	0
 377 0160 53       		.byte	83
 378 0161 DF       		.byte	-33
 379 0162 FF       		.byte	-1
 380 0163 00       		.byte	0
 381 0164 9A       		.byte	-102
 382 0165 62       		.byte	98
 383 0166 01       		.byte	1
 384 0167 00       		.byte	0
 385 0168 DB       		.byte	-37
 386 0169 53       		.byte	83
 387 016a 02       		.byte	2
 388 016b 00       		.byte	0
 389 016c DC       		.byte	-36
 390 016d 98       		.byte	-104
 391 016e 02       		.byte	2
 392 016f 00       		.byte	0
 393 0170 91       		.byte	-111
 394 0171 48       		.byte	72
 395 0172 02       		.byte	2
 396 0173 00       		.byte	0
 397 0174 C8       		.byte	-56
 398 0175 9B       		.byte	-101
 399 0176 01       		.byte	1
ARM GAS  C:\Users\evargas\AppData\Local\Temp\ccWnvP8V.s 			page 8


 400 0177 00       		.byte	0
 401 0178 92       		.byte	-110
 402 0179 D6       		.byte	-42
 403 017a 00       		.byte	0
 404 017b 00       		.byte	0
 405 017c 91       		.byte	-111
 406 017d 32       		.byte	50
 407 017e 00       		.byte	0
 408 017f 00       		.byte	0
 409 0180 A8       		.byte	-88
 410 0181 D0       		.byte	-48
 411 0182 FF       		.byte	-1
 412 0183 00       		.byte	0
 413 0184 20       		.byte	32
 414 0185 B5       		.byte	-75
 415 0186 FF       		.byte	-1
 416 0187 00       		.byte	0
 417 0188 5C       		.byte	92
 418 0189 CD       		.byte	-51
 419 018a FF       		.byte	-1
 420 018b 00       		.byte	0
 421 018c 61       		.byte	97
 422 018d FB       		.byte	-5
 423 018e FF       		.byte	-1
 424 018f 00       		.byte	0
 425 0190 43       		.byte	67
 426 0191 22       		.byte	34
 427 0192 00       		.byte	0
 428 0193 00       		.byte	0
 429 0194 59       		.byte	89
 430 0195 2F       		.byte	47
 431 0196 00       		.byte	0
 432 0197 00       		.byte	0
 433 0198 F0       		.byte	-16
 434 0199 1D       		.byte	29
 435 019a 00       		.byte	0
 436 019b 00       		.byte	0
 437 019c A3       		.byte	-93
 438 019d F5       		.byte	-11
 439 019e FF       		.byte	-1
 440 019f 00       		.byte	0
 441 01a0 1A       		.byte	26
 442 01a1 C5       		.byte	-59
 443 01a2 FF       		.byte	-1
 444 01a3 00       		.byte	0
 445 01a4 E3       		.byte	-29
 446 01a5 9B       		.byte	-101
 447 01a6 FF       		.byte	-1
 448 01a7 00       		.byte	0
 449 01a8 8E       		.byte	-114
 450 01a9 85       		.byte	-123
 451 01aa FF       		.byte	-1
 452 01ab 00       		.byte	0
 453 01ac 3B       		.byte	59
 454 01ad 87       		.byte	-121
 455 01ae FF       		.byte	-1
 456 01af 00       		.byte	0
ARM GAS  C:\Users\evargas\AppData\Local\Temp\ccWnvP8V.s 			page 9


 457 01b0 A1       		.byte	-95
 458 01b1 9F       		.byte	-97
 459 01b2 FF       		.byte	-1
 460 01b3 00       		.byte	0
 461 01b4 B2       		.byte	-78
 462 01b5 C8       		.byte	-56
 463 01b6 FF       		.byte	-1
 464 01b7 00       		.byte	0
 465 01b8 C5       		.byte	-59
 466 01b9 F9       		.byte	-7
 467 01ba FF       		.byte	-1
 468 01bb 00       		.byte	0
 469              		.text
 470              	.Letext0:
 471              		.file 1 "Generated_Source\\PSoC5\\cytypes.h"
 472              		.file 2 "Generated_Source\\PSoC5\\Filter_1_Coefficients.c"
 473              		.section	.debug_info,"",%progbits
 474              	.Ldebug_info0:
 475 0000 BB000000 		.4byte	0xbb
 476 0004 0400     		.2byte	0x4
 477 0006 00000000 		.4byte	.Ldebug_abbrev0
 478 000a 04       		.byte	0x4
 479 000b 01       		.uleb128 0x1
 480 000c 1B000000 		.4byte	.LASF14
 481 0010 0C       		.byte	0xc
 482 0011 D8000000 		.4byte	.LASF15
 483 0015 86010000 		.4byte	.LASF16
 484 0019 00000000 		.4byte	.Ldebug_line0
 485 001d 02       		.uleb128 0x2
 486 001e 04       		.byte	0x4
 487 001f 05       		.byte	0x5
 488 0020 696E7400 		.ascii	"int\000"
 489 0024 03       		.uleb128 0x3
 490 0025 04       		.byte	0x4
 491 0026 07       		.byte	0x7
 492 0027 0E000000 		.4byte	.LASF0
 493 002b 03       		.uleb128 0x3
 494 002c 08       		.byte	0x8
 495 002d 05       		.byte	0x5
 496 002e 00000000 		.4byte	.LASF1
 497 0032 03       		.uleb128 0x3
 498 0033 08       		.byte	0x8
 499 0034 04       		.byte	0x4
 500 0035 70010000 		.4byte	.LASF2
 501 0039 03       		.uleb128 0x3
 502 003a 01       		.byte	0x1
 503 003b 06       		.byte	0x6
 504 003c 64010000 		.4byte	.LASF3
 505 0040 03       		.uleb128 0x3
 506 0041 01       		.byte	0x1
 507 0042 08       		.byte	0x8
 508 0043 0D010000 		.4byte	.LASF4
 509 0047 03       		.uleb128 0x3
 510 0048 02       		.byte	0x2
 511 0049 05       		.byte	0x5
 512 004a 7C010000 		.4byte	.LASF5
 513 004e 03       		.uleb128 0x3
ARM GAS  C:\Users\evargas\AppData\Local\Temp\ccWnvP8V.s 			page 10


 514 004f 02       		.byte	0x2
 515 0050 07       		.byte	0x7
 516 0051 51010000 		.4byte	.LASF6
 517 0055 03       		.uleb128 0x3
 518 0056 04       		.byte	0x4
 519 0057 05       		.byte	0x5
 520 0058 20010000 		.4byte	.LASF7
 521 005c 03       		.uleb128 0x3
 522 005d 04       		.byte	0x4
 523 005e 07       		.byte	0x7
 524 005f AF000000 		.4byte	.LASF8
 525 0063 03       		.uleb128 0x3
 526 0064 08       		.byte	0x8
 527 0065 07       		.byte	0x7
 528 0066 C1000000 		.4byte	.LASF9
 529 006a 03       		.uleb128 0x3
 530 006b 04       		.byte	0x4
 531 006c 07       		.byte	0x7
 532 006d E1010000 		.4byte	.LASF10
 533 0071 03       		.uleb128 0x3
 534 0072 01       		.byte	0x1
 535 0073 08       		.byte	0x8
 536 0074 1B010000 		.4byte	.LASF11
 537 0078 04       		.uleb128 0x4
 538 0079 A9000000 		.4byte	.LASF17
 539 007d 01       		.byte	0x1
 540 007e E801     		.2byte	0x1e8
 541 0080 40000000 		.4byte	0x40
 542 0084 03       		.uleb128 0x3
 543 0085 04       		.byte	0x4
 544 0086 04       		.byte	0x4
 545 0087 07010000 		.4byte	.LASF12
 546 008b 03       		.uleb128 0x3
 547 008c 08       		.byte	0x8
 548 008d 04       		.byte	0x4
 549 008e 4A010000 		.4byte	.LASF13
 550 0092 05       		.uleb128 0x5
 551 0093 A3000000 		.4byte	0xa3
 552 0097 A3000000 		.4byte	0xa3
 553 009b 06       		.uleb128 0x6
 554 009c 6A000000 		.4byte	0x6a
 555 00a0 BB01     		.2byte	0x1bb
 556 00a2 00       		.byte	0
 557 00a3 07       		.uleb128 0x7
 558 00a4 78000000 		.4byte	0x78
 559 00a8 08       		.uleb128 0x8
 560 00a9 29010000 		.4byte	.LASF18
 561 00ad 02       		.byte	0x2
 562 00ae 11       		.byte	0x11
 563 00af B9000000 		.4byte	0xb9
 564 00b3 05       		.uleb128 0x5
 565 00b4 03       		.byte	0x3
 566 00b5 00000000 		.4byte	Filter_1_ChannelAFirCoefficients
 567 00b9 07       		.uleb128 0x7
 568 00ba 92000000 		.4byte	0x92
 569 00be 00       		.byte	0
 570              		.section	.debug_abbrev,"",%progbits
ARM GAS  C:\Users\evargas\AppData\Local\Temp\ccWnvP8V.s 			page 11


 571              	.Ldebug_abbrev0:
 572 0000 01       		.uleb128 0x1
 573 0001 11       		.uleb128 0x11
 574 0002 01       		.byte	0x1
 575 0003 25       		.uleb128 0x25
 576 0004 0E       		.uleb128 0xe
 577 0005 13       		.uleb128 0x13
 578 0006 0B       		.uleb128 0xb
 579 0007 03       		.uleb128 0x3
 580 0008 0E       		.uleb128 0xe
 581 0009 1B       		.uleb128 0x1b
 582 000a 0E       		.uleb128 0xe
 583 000b 10       		.uleb128 0x10
 584 000c 17       		.uleb128 0x17
 585 000d 00       		.byte	0
 586 000e 00       		.byte	0
 587 000f 02       		.uleb128 0x2
 588 0010 24       		.uleb128 0x24
 589 0011 00       		.byte	0
 590 0012 0B       		.uleb128 0xb
 591 0013 0B       		.uleb128 0xb
 592 0014 3E       		.uleb128 0x3e
 593 0015 0B       		.uleb128 0xb
 594 0016 03       		.uleb128 0x3
 595 0017 08       		.uleb128 0x8
 596 0018 00       		.byte	0
 597 0019 00       		.byte	0
 598 001a 03       		.uleb128 0x3
 599 001b 24       		.uleb128 0x24
 600 001c 00       		.byte	0
 601 001d 0B       		.uleb128 0xb
 602 001e 0B       		.uleb128 0xb
 603 001f 3E       		.uleb128 0x3e
 604 0020 0B       		.uleb128 0xb
 605 0021 03       		.uleb128 0x3
 606 0022 0E       		.uleb128 0xe
 607 0023 00       		.byte	0
 608 0024 00       		.byte	0
 609 0025 04       		.uleb128 0x4
 610 0026 16       		.uleb128 0x16
 611 0027 00       		.byte	0
 612 0028 03       		.uleb128 0x3
 613 0029 0E       		.uleb128 0xe
 614 002a 3A       		.uleb128 0x3a
 615 002b 0B       		.uleb128 0xb
 616 002c 3B       		.uleb128 0x3b
 617 002d 05       		.uleb128 0x5
 618 002e 49       		.uleb128 0x49
 619 002f 13       		.uleb128 0x13
 620 0030 00       		.byte	0
 621 0031 00       		.byte	0
 622 0032 05       		.uleb128 0x5
 623 0033 01       		.uleb128 0x1
 624 0034 01       		.byte	0x1
 625 0035 49       		.uleb128 0x49
 626 0036 13       		.uleb128 0x13
 627 0037 01       		.uleb128 0x1
ARM GAS  C:\Users\evargas\AppData\Local\Temp\ccWnvP8V.s 			page 12


 628 0038 13       		.uleb128 0x13
 629 0039 00       		.byte	0
 630 003a 00       		.byte	0
 631 003b 06       		.uleb128 0x6
 632 003c 21       		.uleb128 0x21
 633 003d 00       		.byte	0
 634 003e 49       		.uleb128 0x49
 635 003f 13       		.uleb128 0x13
 636 0040 2F       		.uleb128 0x2f
 637 0041 05       		.uleb128 0x5
 638 0042 00       		.byte	0
 639 0043 00       		.byte	0
 640 0044 07       		.uleb128 0x7
 641 0045 26       		.uleb128 0x26
 642 0046 00       		.byte	0
 643 0047 49       		.uleb128 0x49
 644 0048 13       		.uleb128 0x13
 645 0049 00       		.byte	0
 646 004a 00       		.byte	0
 647 004b 08       		.uleb128 0x8
 648 004c 34       		.uleb128 0x34
 649 004d 00       		.byte	0
 650 004e 03       		.uleb128 0x3
 651 004f 0E       		.uleb128 0xe
 652 0050 3A       		.uleb128 0x3a
 653 0051 0B       		.uleb128 0xb
 654 0052 3B       		.uleb128 0x3b
 655 0053 0B       		.uleb128 0xb
 656 0054 49       		.uleb128 0x49
 657 0055 13       		.uleb128 0x13
 658 0056 3F       		.uleb128 0x3f
 659 0057 19       		.uleb128 0x19
 660 0058 02       		.uleb128 0x2
 661 0059 18       		.uleb128 0x18
 662 005a 00       		.byte	0
 663 005b 00       		.byte	0
 664 005c 00       		.byte	0
 665              		.section	.debug_aranges,"",%progbits
 666 0000 14000000 		.4byte	0x14
 667 0004 0200     		.2byte	0x2
 668 0006 00000000 		.4byte	.Ldebug_info0
 669 000a 04       		.byte	0x4
 670 000b 00       		.byte	0
 671 000c 0000     		.2byte	0
 672 000e 0000     		.2byte	0
 673 0010 00000000 		.4byte	0
 674 0014 00000000 		.4byte	0
 675              		.section	.debug_line,"",%progbits
 676              	.Ldebug_line0:
 677 0000 58000000 		.section	.debug_str,"MS",%progbits,1
 677      02005200 
 677      00000201 
 677      FB0E0D00 
 677      01010101 
 678              	.LASF1:
 679 0000 6C6F6E67 		.ascii	"long long int\000"
 679      206C6F6E 
ARM GAS  C:\Users\evargas\AppData\Local\Temp\ccWnvP8V.s 			page 13


 679      6720696E 
 679      7400
 680              	.LASF0:
 681 000e 756E7369 		.ascii	"unsigned int\000"
 681      676E6564 
 681      20696E74 
 681      00
 682              	.LASF14:
 683 001b 474E5520 		.ascii	"GNU C11 5.4.1 20160609 (release) [ARM/embedded-5-br"
 683      43313120 
 683      352E342E 
 683      31203230 
 683      31363036 
 684 004e 616E6368 		.ascii	"anch revision 237715] -mcpu=cortex-m3 -mthumb -g -O"
 684      20726576 
 684      6973696F 
 684      6E203233 
 684      37373135 
 685 0081 67202D66 		.ascii	"g -ffunction-sections -ffat-lto-objects\000"
 685      66756E63 
 685      74696F6E 
 685      2D736563 
 685      74696F6E 
 686              	.LASF17:
 687 00a9 75696E74 		.ascii	"uint8\000"
 687      3800
 688              	.LASF8:
 689 00af 6C6F6E67 		.ascii	"long unsigned int\000"
 689      20756E73 
 689      69676E65 
 689      6420696E 
 689      7400
 690              	.LASF9:
 691 00c1 6C6F6E67 		.ascii	"long long unsigned int\000"
 691      206C6F6E 
 691      6720756E 
 691      7369676E 
 691      65642069 
 692              	.LASF15:
 693 00d8 47656E65 		.ascii	"Generated_Source\\PSoC5\\Filter_1_Coefficients.c\000"
 693      72617465 
 693      645F536F 
 693      75726365 
 693      5C50536F 
 694              	.LASF12:
 695 0107 666C6F61 		.ascii	"float\000"
 695      7400
 696              	.LASF4:
 697 010d 756E7369 		.ascii	"unsigned char\000"
 697      676E6564 
 697      20636861 
 697      7200
 698              	.LASF11:
 699 011b 63686172 		.ascii	"char\000"
 699      00
 700              	.LASF7:
 701 0120 6C6F6E67 		.ascii	"long int\000"
ARM GAS  C:\Users\evargas\AppData\Local\Temp\ccWnvP8V.s 			page 14


 701      20696E74 
 701      00
 702              	.LASF18:
 703 0129 46696C74 		.ascii	"Filter_1_ChannelAFirCoefficients\000"
 703      65725F31 
 703      5F436861 
 703      6E6E656C 
 703      41466972 
 704              	.LASF13:
 705 014a 646F7562 		.ascii	"double\000"
 705      6C6500
 706              	.LASF6:
 707 0151 73686F72 		.ascii	"short unsigned int\000"
 707      7420756E 
 707      7369676E 
 707      65642069 
 707      6E7400
 708              	.LASF3:
 709 0164 7369676E 		.ascii	"signed char\000"
 709      65642063 
 709      68617200 
 710              	.LASF2:
 711 0170 6C6F6E67 		.ascii	"long double\000"
 711      20646F75 
 711      626C6500 
 712              	.LASF5:
 713 017c 73686F72 		.ascii	"short int\000"
 713      7420696E 
 713      7400
 714              	.LASF16:
 715 0186 433A5C55 		.ascii	"C:\\Users\\evargas\\OneDrive\\Documents\\Cursos\\Cy"
 715      73657273 
 715      5C657661 
 715      72676173 
 715      5C4F6E65 
 716 01b3 70726573 		.ascii	"press_PSoC\\TIA_amplificador\\Transductor.cydsn\000"
 716      735F5053 
 716      6F435C54 
 716      49415F61 
 716      6D706C69 
 717              	.LASF10:
 718 01e1 73697A65 		.ascii	"sizetype\000"
 718      74797065 
 718      00
 719              		.ident	"GCC: (GNU Tools for ARM Embedded Processors) 5.4.1 20160609 (release) [ARM/embedded-5-bran
